"(3S 6R)-3-METHYL-6-ISOPROPENYL-9-DECEN-1-YL ACETATE"	      1                     .00
"(3S 6S)-3-METHYL-6-ISOPROPENYL-9-DECEN-1-YL ACETATE"	      1                     .00
"(E)-4-TRIDECEN-1-YL-ACETATE"	       2               133.52
"(E)-5-DECENOL"	       5                  1.88
"(E)-5-DECENYL ACETATE"	       5                  9.05
"(S)-CYPERMETHRIN"	       2            19615.15
"(S)-KINOPRENE"	       1               513.99
"(Z)-11-HEXADECEN-1-YL ACETATE"	       1                  3.69
"(Z)-11-HEXADECENAL"	       2                  3.69
"(Z)-4-TRIDECEN-1-YL-ACETATE"	       2                  4.17
"(ZE)-711-HEXADECADIEN-1-YL ACETATE"	     3                  8.55
"(ZZ)-711-HEXADECADIEN-1-YL ACETATE"	     3                  9.06
"([([(2-DIHYDRO-5-METHYL-3(2H)-OXAZOLYL)-1-"	       1            18522.26
"METHYLETHOXY]METHOXY)METHOXY]METHANOL"	
"12-BENZISOTHIAZOLIN-3-ONE"	      6           903986.88
"13-BIS(HYDROXYMETHYL)-55-DIMETHYL HYDANTOIN"	     2           476331.65
"13-DIBROMO-55-DIMETHYLHYDANTOIN"	     5            52757.70
"13-DICHLORO-55-DIMETHYLHYDANTOIN"	    43           347604.69
"13-DICHLORO-5-ETHYL-5-METHYLHYDANTOIN"	     43           133212.38
"13-DICHLOROPROPENE"	      3          4075078.15
"14-DIMETHYLNAPHTHALENE"	      1               894.16
"17-DIOXASPIRO-(55)-UNDECANE"	     1                     .28
"1-(2-HYDROXYETHYL)-2-ALKYL-2-IMIDAZOLINE ALKYL DERIVED FROM TALL OIL FATTY"	      1               385.92
"ACIDS"	
"1-(3-CHLOROALLYL)-357-TRIAZA-1-AZONIA ADAMANTANE CHLORIDE"	     2           148154.21
"1-BROMO-3-CHLORO-55-DIMETHYL HYDANTOIN"	     80          1729428.10
"1-METHYLCYCLOPROPENE"	       2                     .19
"1-NAPHTHALENEACETAMIDE"	       3               412.27
"1-OCTEN-3-OL"	       7                39.08
"1010'-OXYBISPHENOXYARSINE"	      1              3688.30
"22'-(1-METHYLTRIMETHYLENEDIOXY)BIS-(4-METHYL-132-DIOXABORINANE)"	    1              9268.98
"22'-OXYBIS (446-TRIMETHYL-132-DIOXABORINANE)"	  1              3756.95
"22-DIBROMO-3-NITRILOPROPIONAMIDE"	     28            28577.44
"24-D"	     22           332783.40
"24-D 2-ETHYLHEXYL ESTER"	     8            44781.57
"24-D BUTOXYETHANOL ESTER"	     3              8764.46
"24-D DIETHANOLAMINE SALT"	     1            15707.74
"24-D DIMETHYLAMINE SALT"	    51           891759.77
"24-D ISOOCTYL ESTER"	    11            12792.84
"24-D ISOPROPYL ESTER"	     3            10018.32
"24-D TRIISOPROPANOLAMINE SALT"	     2              2096.84
"24-DP ISOOCTYL ESTER"	     7              1643.50
"24-DP-P DIMETHYLAMINE SALT"	     8              1400.43
"24-XYLENOL"	      1                25.03
"2-((HYDROXYMETHYL)AMINO) ETHANOL"	       2          8075148.80
"2-(24-DP) DIMETHYLAMINE SALT"	    20            11652.18
"2-(2-(P-(DIISOBUTYL) PHENOXY) ETHOXY) ETHYL DIMETHYLBENZYL AMMONIUM CHLORI"	       15              1349.86
"2-(3-HYDROXYPROPYL)-HEPTA-METHYL TRISILOXANE ETHOXYLATED ACETATE"	      3            60312.65
"2-BUTOXYETHANOL"	        5            13875.78
"2-ETHYLHEXYL SULFATE SODIUM SALT"	       3               520.83
"2-METHYL-4-ISOTHIAZOLIN-3-ONE"	       44          8764507.43
"2-PHOSPHONO-124-BUTANETRICARBOXYLIC ACID AQUEOUS"	      1                90.00
"3-(TRIMETHOXYSILYL) PROPYL DIMETHYL OCTADECYL AMMONIUM CHLORIDE"	        2                88.72
"3-IODO-2-PROPYNYL BUTYLCARBAMATE"	       17          3518895.61
"4(24-DB) DIMETHYLAMINE SALT"	      2            44243.07
"44-(2-ETHYL-2-NITROTRIMETHYLENE)DIMORPHOLINE"	       5               103.15
"44-DIMETHYL OXAZOLIDINE"	       3           863182.94
"45-DICHLORO-2-N-OCTYL-3(2H)-ISOTHIAZOLONE"	       2           219938.34
"4-(2-NITROBUTYL)MORPHOLINE"	        5              3919.63
"4-AMINOPYRIDINE"	        1                20.94
"4-CHLORO-35-XYLENOL"	       1                17.60
"4-NONYLPHENOL FORMALDEHYDE RESIN PROPOXYLATED"	      7           116306.26
"5-CHLORO-2-METHYL-4-ISOTHIAZOLIN-3-ONE"	       44         13283641.22
"5-HYDROXY METHOXY METHYL-1-AZA-37-DIOXABICYCLO (3.3.0) OCTANE"	       1           130007.06
"5-HYDROXYMETHYL-1-AZA-37-DIOXABICYCLO (3.3.0) OCTANE"	       1           179953.27
"5-HYDROXYPOLY (METHYLENEOXY) (74%C2 21%C3 4%C4 1%C5) METHYL-1-AZA-37-"	    1            57291.25
"DIOXABICYCLO (3.3.0) OCTANE"	
"ABAMECTIN"	        6              9742.88
"ABAMECTIN OTHER RELATED"	       1                     .01
"ACEPHATE"	       18          6363495.20
"ACETAMIPRID"	        4            29556.89
"ACIBENZOLAR-S-METHYL"	        1              1222.50
"ACID BLUE 9 DIAMMONIUM SALT"	       3              5724.95
"ACROLEIN"	        1           401503.04
"ACRYLAMIDE/SODIUM ACRYLATE COPOLYMER"	        1              1280.44
"AGROBACTERIUM RADIOBACTER"	        1                  8.45
"AGROBACTERIUM RADIOBACTER STRAIN K1026"	       1                  5.70
"ALACHLOR"	        2            58407.16
"ALCOHOL SULFATES"	        1               739.89
"ALCOHOLS C12-C14 ALIPHATIC"	      1               664.64
"ALCOHOLS C4-C12 NORMAL"	      3              2167.71
"ALDICARB"	        1           347364.00
"ALKYL (50%C12 30%C14 17%C16 3%C18) DIMETHYLBENZYL AMMONIUM CHLORIDE"	     3               246.48
"ALKYL (50%C12 30%C14 17%C16 3%C18) DIMETHYLETHYLBENZYL AMMONIUM CHLORIDE"	    33              1834.38
"ALKYL (50%C14 40%C12 10%C16) DIMETHYLBENZYL AMMONIUM CHLORIDE"	     222          912304.45
"ALKYL (50%C14 40%C12 10%C16) DIMETHYLBENZYL AMMONIUM SACCHARINATE"	      5              3802.39
"ALKYL (58%C14 28%C16 14%C12) DIMETHYLBENZYL AMMONIUM CHLORIDE"	     31           131093.41
"ALKYL (60%C14 25%C12 15%C16) DIMETHYLBENZYL AMMONIUM CHLORIDE"	      6              1850.13
"ALKYL (60%C14 30%C16 5%C12 5%C18) DIMETHYLBENZYL AMMONIUM CHLORIDE"	    279          419903.65
"ALKYL (61%C1223%C1411%C162.5%C8 & C102.5%C18) DIMETHYL BENZYL AMMONIUM"	    4              8738.09
"CHLORIDE"	
"ALKYL (65%C12 25%C14 10%C16) DIMETHYLBENZYL AMMONIUM CHLORIDE"	      1                51.81
"ALKYL (67%C12 25%C14 7%C16 1%C8C10C18) DIMETHYLBENZYL AMMONIUM CHLORIDE"	   8            10108.88
"ALKYL (68%C12 32%C14) DIMETHYLETHYLBENZYL AMMONIUM CHLORIDE"	      257          269599.83
"ALKYL (95%C14 3%C12 2%C16) DIMETHYL BENZYL AMMONIUM CHLORIDE"	      3            15304.78
"ALKYL (95%C14 3%C12 2%C16) DIMETHYL BENZYL AMMONIUM CHLORIDE DIHYDRATE"	      3            13413.50
"ALKYL (95%C14 3%C12 2%C16) DIMETHYL BENZYL AMMONIUM CHLORIDE MONOHYDRATE"	      1               903.00
"ALKYL (98%C12 2%C14) DIMETHYL 1-NAPHTHYLMETHYL AMMONIUM CHLORIDE"	       1               123.00
"ALKYL (AS IN FATTY ACIDS OF COCONUT OIL) MONOETHANOLAMIDE"	        1               643.76
"ALKYL (C8C10) POLYGLYCOSIDE"	       4            93461.75
"ALKYL (C9-C11) OLIGOMERIC D-GLUCOPYRANOSIDE"	        2              2629.57
"ALKYL BENZENE SULFONIC ACID"	        1               351.38
"ALKYL(42%C12 26%C18 15%C14 8%C16 5%C10 4%C8)13-PROPYLENEDIAMINE"	  1               460.91
"ALKYL-13-PROPYLENE DIAMINE ACETATE ALKYL DERIVED FROM COCONUT OIL FATTY AC"	      1            37814.07
"ALKYLAMINE HYDROCHLORIDE ALKYL DERIVED FROM COCONUT OIL FATTY ACIDS"	        1            89999.62
"ALLETHRIN"	        2                32.50
"ALLYL ISOTHIOCYANATE"	        4               236.60
"ALLYLOXYPOLYETHYLENE GLYCOL ACETATE"	        2              6223.17
"ALPHA-(ORTHOPARA-DINONYLPHENYL)-OMEGA-HYDROXYPOLYOXY(ETHYLENE)"	       1               681.19
"PHOSPHATE"	
"ALPHA-(PARA-DODECYLPHENYL)-OMEGA-HYDROXYPOLY(OXYETHYLENE)"	        2            38994.91
"ALPHA-(PARA-NONYLPHENYL)-OMEGA-HYDROXYPOLY (OXYETHYLENE) SULFATE"	       2               624.60
"AMMONIUM SALT"	
"ALPHA-(PARA-NONYLPHENYL)-OMEGA-HYDROXYPOLY(OXYETHYLENE)"	       30          1709306.18
"ALPHA-(PARA-NONYLPHENYL)-OMEGA-HYDROXYPOLY(OXYETHYLENE) BRANCHED"	       7            37947.85
"ALPHA-(PARA-NONYLPHENYL)-OMEGA-HYDROXYPOLY(OXYETHYLENE) PHOSPHATE ESTER"	       4            97850.37
"ALPHA-(PARA-TERT-BUTYLPHENYL)-OMEGA-HYDROXYPOLY(OXYETHYLENE) PHOSPHATE"	        2            17980.34
"ALPHA-246-TRIMETHYL-4-NONYLOXY-OMEGA-HYDROXYPOLY(OXYETHYLENE)"	      1              1521.21
"ALPHA-268-TRIMETHYL-4-NONYLOXY-OMEGA-HYDROXYPOLY(OXYETHYLENE)"	      2              6347.91
"ALPHA-ALKYL (C10-C14)-OMEGA-HYDROXYPOLY(OXYETHYLENE)"	        1              4897.06
"ALPHA-ALKYL (C10-C20)-OMEGA-HYDROXYPOLY(OXYETHYLENE)"	        2               427.56
"ALPHA-ALKYL (C12-C14)-OMEGA-HYDROXYPOLY(OXYETHYLENE)"	        1            55635.28
"ALPHA-ALKYL (C12-C15)-OMEGA-HYDROXYPOLY(OXYETHYLENE) SULFATE SODIUM SALT"	       1              3467.80
"ALPHA-ALKYL (C12-C16)-OMEGA-HYDROXYPOLY(OXYETHYLENE)"	        1               608.51
"ALPHA-ALKYL (C12-C18)-OMEGA-HYDROXYPOLY(OXYETHYLENE) POLY(OXYPROPYLENE)"	        1              2556.57
"ALPHA-ALKYL (C8-C18)-OMEGA-HYDROXYPOLY(OXYETHYLENE) POLY(OXYPROPYLENE)"	        1            10308.14
"ALPHA-ALKYL (C9-C11)-OMEGA-HYDROXYPOLY(OXYETHYLENE)"	        4            47529.07
"ALPHA-ALKYL (C9-C16)-OMEGA-HYDROXYPOLY(OXYETHYLENE)"	        1              1021.79
"ALPHA-ALKYL (MIXED)-OMEGA-HYDROXYPOLY (OXYETHYLENE) SULFATE"	        1              2060.02
"ALPHA-ALKYL (SECONDARY C12-C14)-OMEGA-HYDROXYPOLY(OXYETHYLENE)"	        1               989.39
"ALPHA-ALKYLARYL-OMEGA-HYDROXYPOLY(OXYETHYLENE)"	        3           437251.27
"ALPHA-DECYL-OMEGA-HYDROXYPOLY(OXYETHYLENE) PHOSPHATE"	        1               808.29
"ALPHA-ISODECYL-OMEGA-HYDROXYPOLY(OXYETHYLENE) PHOSPHATE"	        1              1123.61
"ALPHA-ISOOCTADECYL-OMEGA-HYDROXYPOLY(OXYETHYLENE)"	        1              8608.30
"ALPHA-OCTYLPHENYL-OMEGA-HYDROXYPOLY(OXYETHYLENE)"	        6           390695.39
"ALPHA-UNDECYL-OMEGA-HYDROXYPOLY(OXYETHYLENE)"	        2              7240.72
"ALPHA-[PARA-(1133-TETRAMETHYLBUTYL)PHENYL]-OMEGA-"	    6              4371.90
"HYDROXYPOLY(OXYETHYLENE) PHOSPHATE ESTER"	
"ALPHA-[PARA-(1133-TETRAMETHYLBUTYL)PHENYL]-OMEGA-"	       14           169273.93
"HYDROXYPOLY(OXYETHYLENE)"	
"ALUMINUM PHOSPHIDE"	           6           197892.59
"AMINO ETHOXY VINYL GLYCINE HYDROCHLORIDE"	           2                  1.10
"AMITRAZ"	           6               197.94
"AMMONIUM BICARBONATE"	           1                17.60
"AMMONIUM NITRATE"	           5            13646.52
"AMMONIUM PROPIONATE"	           1            12193.46
"AMMONIUM SULFATE"	           9           251334.03
"AMMONIUM TALL OIL FATTY ACID SOAP"	           3              2292.35
"AMMONIUM THIOSULFATE"	           1            43612.03
"ANCYMIDOL"	           1                  3.68
"ARSENIC PENTOXIDE"	           3          1094836.39
"ARSENIC TRIOXIDE"	           1               806.31
"ATRAZINE"	           4            73182.15
"ATRAZINE OTHER RELATED"	          2              1523.92
"AZADIRACHTIN"	          11              2127.46
"AZINPHOS-METHYL"	           4           331435.00
"AZOXYSTROBIN"	           2           135527.67
"BACILLUS SPHAERICUS SEROTYPE H-5A5B STRAIN 2362"	         2            11042.64
"BACILLUS SUBTILIS GB03"	           2                  7.95
"BACILLUS THURINGIENSIS (BERLINER) SUBSP. AIZAWAI GC-91 PROTEIN"	         2            40398.18
"BACILLUS THURINGIENSIS (BERLINER) SUBSP. ISRAELENSIS SEROTYPE H-14"	         8            12707.58
"BACILLUS THURINGIENSIS (BERLINER) SUBSP. KURSTAKI SEROTYPE 3A3B"	        6              1196.53
"BACILLUS THURINGIENSIS (BERLINER) SUBSP. KURSTAKI STRAIN EG 2348"	         3               811.02
"BACILLUS THURINGIENSIS (BERLINER) SUBSP. KURSTAKI STRAIN SA-11"	         1            63526.84
"BACILLUS THURINGIENSIS SUBSPECIES KURSTAKI GENETICALLY ENGINEERED STRAIN E"	          2               864.00
"LEPIDOPTERAN ACTIVE TOXIN"	
"BACILLUS THURINGIENSIS VAR. KURSTAKI GENETICALLY ENGINEERED STRAIN EG7826"	          3              4848.00
"BACILLUS THURINGIENSIS SUBSP. AIZAWAI STRAIN ABTS-1857"	         1          2945500.20
"BACILLUS THURINGIENSIS SUBSP. ISRAELENSIS STRAIN AM 65-52"	         1            42533.03
"BACILLUS THURINGIENSIS SUBSP. KURSTAKI STRAIN ABTS-351 FERMENTATION SOLIDS"	        1          1951586.01
"SOLUBLES"	
"BACILLUS THURINGIENSIS SUBSP. KURSTAKI STRAIN HD-1"	         2              3011.28
"BACILLUS THURINGIENSIS VAR. KURSTAKI DELTA ENDOTOXINS CRY 1A(C) AND CRY 1C"	          2                  5.25
"(GENETICALLY ENGINEERED) ENCAPSULATED IN PSEUDOMONAS FLUORESCENS (KILLED)"	
"BARIUM METABORATE"	           2            55541.65
"BEAUVERIA BASSIANA STRAIN GHA"	           2               704.54
"BENEFIN"	          17            29589.35
"BENOMYL"	           1              1400.00
"BENSULFURON METHYL"	           2              1716.00
"BENSULIDE"	           7           280311.64
"BENTAZON SODIUM SALT"	          3            11114.62
"BENTONITE"	           2            60022.80
"BENZOIC ACID"	           1            47081.94
"BENZYL BENZOATE"	           3                  2.88
"BENZYLDIETHYL [(26-XYLYLCARBAMOYL)METHYL] AMMONIUM SACCHARIDE"	3                1147.25
"BETA-CYFLUTHRIN"	 4                4275.90
"BETA-PINENE POLYMER"	 6              38399.56
"BIFENAZATE"	 1              73749.01
"BIFENTHRIN"	 6              70781.54
"BIS(TRICHLOROMETHYL) SULFONE"	 2                2401.81
"BISPYRIBAC-SODIUM"	 1             8564.80
"BORAX"	 12            106224.38
"BORIC ACID"	 44            417146.54
"BRODIFACOUM"	 10                 22.76
"BROMACIL"	 8              88275.16
"BROMACIL LITHIUM SALT"	2              10222.60
"BROMADIOLONE"	 9                 464.20
"BROMETHALIN"	 11                122.61
"BROMOXYNIL HEPTANOATE"	 1              88404.78
"BROMOXYNIL OCTANOATE"	 2              99400.83
"BRONOPOL"	 10             27815.17
"BUPROFEZIN"	 2              42935.98
"BUTOXY POLYPROPOXY POLYETHOXY ETHANOLIODINE COMPLEX"	               5663.18
"BUTOXY POLYPROPYLENE GLYCOL"	 10             11931.04
"BUTYL ALCOHOL"	 6              46734.57
"BUTYLACETYLAMINOPROPIONIC ACID"	 1                  64.38
"CACODYLIC ACID"	 11                518.70
"CALCIUM ACID METHANEARSONATE"	 4              26664.74
"CALCIUM CARBONATE"	 4             122829.50
"CALCIUM CHLORIDE"	 1              15976.76
"CALCIUM HYDROXIDE"	 4            4453529.50
"CALCIUM HYPOCHLORITE"	 28           6671814.39
"CALF'S MILK REPLACER"	 1                    9.27
"CANOLA OIL"	 5                8544.28
"CAPRIC ACID"	 8              48401.55
"CAPRYLIC ACID"	 1              54599.57
"CAPSICUM OLEORESIN"	 18                148.08
"CAPTAN"	 8             561363.77
"CAPTAN OTHER RELATED"	8              12611.97
"CARBARYL"	 36            329781.64
"CARBENDAZIM"	 1              22021.02
"CARBOFURAN"	 1              54369.62
"CARBON"	 3              23051.81
"CARBON DIOXIDE"	 3             484215.32
"CARBOXIN"	 2                8328.47
"CARFENTRAZONE-ETHYL"	 2              20270.55
"CASEIN"	 3                3797.14
"CASTOR OIL"	 7                5427.11
"CHLORFENAPYR"	 2                 140.99
"CHLORFLURENOL METHYL ESTER"	                55.78
"CHLORHEXIDINE DIACETATE"	2               651.07
"CHLORINE"	24       102643083.82
"CHLORINE DIOXIDE"	6              3871.21
"CHLORMEQUAT CHLORIDE"	2              1844.22
"CHLORONEB"	1              4262.83
"CHLOROPHACINONE"	7                73.01
"CHLOROPICRIN"	8          4636520.05
"CHLOROTHALONIL"	26         1729239.18
"CHLORPROPHAM"	4              8498.26
"CHLORPYRIFOS"	36         1951079.50
"CHLORSULFURON"	2              6555.38
"CHLORTHAL-DIMETHYL"	1           306269.31
"CHOLECALCIFEROL"	2                  2.96
"CHROMIC ACID"	3          1603008.61
"CITRIC ACID"	14          282904.21
"CLARIFIED HYDROPHOBIC EXTRACT OF NEEM OIL"	9           130588.67
"CLETHODIM"	1           102391.05
"CLOFENTEZINE"	2              8632.08
"CLOMAZONE"	1             50305.00
"CLOPYRALID"	2                54.92
"CLOPYRALID MONOETHANOLAMINE SALT"	             24082.79
"CLOPYRALIDTRIETHYLAMINE SALT"	              2432.00
"COCONUT DIETHANOLAMIDE"	5             22704.88
"COCONUT IMIDAZOLINE SODIUM CARBOXYLATE"	1               222.27
"CONIOTHYRIUM MINITANS STRAIN CON/M/91-08"	1               318.00
"COPPER"	28          446471.41
"COPPER 8-QUINOLINOLEATE"	3               905.31
"COPPER AMMONIUM CARBONATE"	2           325283.48
"COPPER AMMONIUM COMPLEX"	4             14445.05
"COPPER CARBONATE BASIC"	             21314.05
"COPPER ETHANOLAMINE COMPLEXES MIXED"	           105602.99
"COPPER ETHYLENEDIAMINE COMPLEX"	1              4240.85
"COPPER HYDROXIDE"	13         4156303.89
"COPPER NAPHTHENATE"	17          169340.53
"COPPER OCTANOATE"	4               314.94
"COPPER OXIDE (IC)"	3           788790.50
"COPPER OXIDE (OUS)"	24         1814655.52
"COPPER OXYCHLORIDE"	7           143579.20
"COPPER OXYCHLORIDE SULFATE"	3           268992.00
"COPPER SALTS OF FATTY AND ROSIN ACIDS"	2             41687.53
"COPPER SULFATE (BASIC)"	14         1153508.35
"COPPER SULFATE (PENTAHYDRATE)"	33         6855140.07
"COPPER TRIETHANOLAMINE COMPLEX"	5               115.84
"CORN GLUTEN MEAL"	3             38680.80
"CORN PRODUCT HYDROLYZED"	1           71937.47
"COTTONSEED FLOUR"	 4             4967.13
"COTTONSEED OIL"	11          614512.91
"COUMAPHOS"	 1               16.73
"CRYOLITE"	 3         1117808.40
"CUPROUS THIOCYANATE"	 1             2395.49
"CYANURIC ACID"	14         2102071.61
"CYANURIC ACID MONOSODIUM SALT"	2              836.00
"CYCLANILIDE"	 1             7381.31
"CYCLOATE"	 3           36282.95
"CYFLUTHRIN"	14           44567.22
"CYHALOFOP BUTYL"	 1           33374.22
"CYMOXANIL"	 2             2729.96
"CYPERMETHRIN"	13           81840.35
"CYPRODINIL"	 1          143017.78
"CYROMAZINE"	 2           10557.29
"D-ALLETHRIN"	17             2341.40
"D-TRANS ALLETHRIN"	37             7059.03
"DAMINOZIDE"	 1           15946.00
"DAZOMET"	10           92314.15
"DDVP"	12           20176.69
"DDVP OTHER RELATED"	2             1313.13
"DEET"	35          255575.68
"DEET OTHER RELATED"	7             2507.28
"DELTAMETHRIN"	24             4926.06
"DENATONIUM BENZOATE"	 2               17.54
"DERIVATED NATURAL POLYMERS"	 1              203.76
"DESMEDIPHAM"	 2             4922.10
"DEXTRIN"	 1              162.60
"DIATOMACEOUS EARTH"	15           41944.33
"DIATOMACEOUS EARTH OTHER RELATED"	2             1398.16
"DIAZINON"	52          751376.99
"DICAMBA"	23           12537.94
"DICAMBA DIMETHYLAMINE SALT"	5           64768.78
"DICAMBA SODIUM SALT"	2           16966.40
"DICHLOBENIL"	 7           28284.29
"DICHLORO-S-TRIAZINETRIONE"	 4              874.56
"DICLOFOP-METHYL"	 1           12815.23
"DICLORAN"	 4          101621.88
"DICOFOL"	 6          202521.47
"DIDECYL DIMETHYL AMMONIUM CHLORIDE"	203         819584.17
"DIETHYLENE GLYCOL"	 7           69403.59
"DIFENOCONAZOLE"	 1              914.89
"DIFENZOQUAT METHYL SULFATE"	 2             2629.75
"DIFETHIALONE"	 4                 2.18
"DIFLUBENZURON"	  5          137828.99
"DIFLUFENZOPYR SODIUM SALT"	 1             1349.91
"DIGLYCOLAMINE SALT OF 36-DICHLORO-O-ANISIC ACID"	 2           66561.39
"DIHYDRO-5-HEPTYL-2(3H)-FURANONE"	  2              138.28
"DIHYDRO-5-PENTYL-2(3H)-FURANONE"	  2               67.73
"DIIODOMETHYL P-TOLYL SULFONE"	  2               58.00
"DIKEGULAC SODIUM"	  1             2263.16
"DIMETHIPIN"	  1             1067.91
"DIMETHOATE"	 10          440704.88
"DIMETHOMORPH"	  1             2520.00
"DIMETHYL DICOCOALKYL AMMONIUM SALT WITH NAPHTHALENESULFONIC ACID"	 1             1539.26
"FORMALDEHYDE CONDENSATE"	
"DIMETHYL SILICONE FLUID EMULSION"	  1             6224.25
"DIMETHYL SOYA AMINE"	  1           87081.31
"DIMETHYLPOLYSILOXANE"	 16          156661.08
"DIOCTYL DIMETHYL AMMONIUM CHLORIDE"	 139          48428.68
"DIPHACINONE"	 15              121.58
"DIPHACINONE SODIUM SALT"	 2                 4.46
"DIPHENYLAMINE"	  2             7877.78
"DIPROPYL ISOCINCHOMERONATE"	 30             1664.51
"DIQUAT DIBROMIDE"	 15          136439.12
"DISODIUM CYANODITHIOIMIDO CARBONATE"	  9             3345.45
"DISODIUM OCTABORATE TETRAHYDRATE"	 15          861166.34
"DISODIUM PHOSPHATE"	  2             2675.51
"DISODIUM SALT OF ETHYLENEDIAMINETETRAACETIC ACID DIHYDRATE"	  2             8460.80
"DISULFOTON"	 11           96036.62
"DITHIOPYR"	 14           11241.63
"DIURON"	 14         2121019.09
"DODECYL GUANIDINE HYDROCHLORIDE"	  5             1907.28
"DODECYLBENZENE SULFONIC ACID"	 15          141853.11
"DODINE"	  3             7978.75
"EE-810-DODECADIEN-1-OL"	8          268667.58
"E-11-TETRADECEN-1-YL ACETATE"	  3              275.13
"E-8-DODECENYL ACETATE"	  7               96.00
"EDTA SODIUM SALT"	 2              131.67
"EDTA TETRASODIUM SALT"	18             3503.76
"EMAMECTIN BENZOATE"	  1              738.60
"EMULSIFIABLE METHYLATED VEGETABLE OIL"	  2             2102.50
"EMULSIFIABLE POLYETHYLENE"	  4              199.69
"ENDOSULFAN"	  7          171503.15
"ENDOTHALL DIPOTASSIUM SALT"	 1             7601.75
"ENDOTHALL MIXED MONO- AND DI- (NN-DIMETHYLALKYLAMINE) SALTS"	1           25884.01
"ENDOTHALL MONO [NN-DIMETHYL ALKYLAMINE] SALT"	1             4095.21
"EPOXIDIZED SOYBEAN OIL"	  1             2219.72
"EPTC"	  3          331627.63
"ESBIOTHRIN"	0                  32.96
"ESFENVALERATE"	4              53579.51
"ESSENTIAL OILS"	                   71.24
"ETHALFLURALIN"	               48885.21
"ETHEPHON"	              811352.51
"ETHOFUMESATE"	               18530.14
"ETHOPROP"	               49679.22
"ETHYL ACRYLATE AND METHYL METHACRYLATE COPOLYMER"	                 292.35
"ETHYL ALCOHOL"	2         5846255.37
"ETHYL BUTYLACETYLAMINOPROPIONATE"	                4203.22
"ETHYLENE"	              139371.59
"ETHYLENE GLYCOL"	               85649.45
"ETHYLENE GLYCOL MONOMETHYL ETHER"	                3544.26
"ETHYLENE OXIDE"	          1675519.95
"FARNESOL"	                    9.47
"FATTY ACIDS DERIVED FROM TALLOW"	               22255.28
"FATTY ACIDS METHYL ESTERS"	             180853.75
"FATTY ACIDS MIXED"	              51031.98
"FENAMIPHOS"	              116442.00
"FENARIMOL"	                7680.36
"FENBUCONAZOLE"	                1881.00
"FENBUTATIN-OXIDE"	               71830.23
"FENHEXAMID"	               89209.50
"FENOXAPROP-P-ETHYL"	                4637.05
"FENOXYCARB"	                 168.55
"FENPROPATHRIN"	              218635.81
"FENPYROXIMATE"	                   51.24
"FERRIC SULFATE (ANHYDROUS)"	               16466.82
"FERROUS SULFATE"	                1219.95
"FIPRONIL"	               13545.63
"FLUAZIFOP-P-BUTYL"	1              23318.84
"FLUDIOXONIL"	               11722.44
"FLURECOL-METHYL"	                   13.31
"FLURIDONE"	                 5.24
"FLUTOLANIL"	               19171.26
"FOLPET"	                 536.09
"FORMALDEHYDE"	              143976.15
"FORMETANATE HYDROCHLORIDE"	               37639.50
"FOSETYL-AL"	              313959.80
"FREE FATTY ACIDS AND/OR AMINE SALTS"	                9661.68
"FRUCTOSE"	                     .90
"GAMMA AMINOBUTYRIC ACID"	               10047.72
"GARLIC"	                 283.06
"GERMAN COCKROACH PHEROMONE"	                    1.07
"GIBBERELLINS"	              365090.18
"GLIOCLADIUM VIRENS GL-21 (SPORES)"	  1               129.60
"GLUFOSINATE-AMMONIUM"	  6            16889.38
"GLUTAMIC ACID"	  1            10047.72
"GLUTARALDEHYDE"	 65          1158979.03
"GLYPHOSATE"	  6           321876.01
"GLYPHOSATE DIAMMONIUM SALT"	 2           269441.28
"GLYPHOSATE ISOPROPYLAMINE SALT"	43         11964610.56
"GLYPHOSATE MONOAMMONIUM SALT"	 2           256380.36
"HALOSULFURON-METHYL"	  2              9133.77
"HARPIN PROTEIN"	  1               418.66
"HEPTAMETHYLTRISILOXANE ETHOXYLATED"	  1               483.27
"HEPTAMETHYLTRISILOXANE-13-PROPANEDIOL ETHER ETHOXYLATED PROPOXYLATED"	2            15850.12
"HEXAHYDRO-135-TRIS (2-HYDROXYETHYL)-S-TRIAZINE"	0           551941.80
"HEXAZINONE"	  2           146436.39
"HEXYLENE GLYCOL"	  1              1709.07
"HEXYTHIAZOX"	  1              8664.25
"HYDRAMETHYLNON"	  8              3600.72
"HYDROGEN CHLORIDE"	 60         16345028.96
"HYDROGEN CYANAMIDE"	  1           315881.57
"HYDROGEN PEROXIDE"	 20           828974.16
"HYDROPRENE"	  2              4673.03
"HYDROTREATED PARAFFINIC SOLVENT"	  2           456612.44
"HYDROXYMETHYL-55-DIMETHYL HYDANTOIN"	 2           111632.23
"IBA"	 11               259.06
"IMAZALIL"	 11            18324.55
"IMAZAMETHABENZ"	  2               324.70
"IMAZAMOX AMMONIUM SALT"	 1              3821.83
"IMAZAPYR ISOPROPYLAMINE SALT"	 2            17126.77
"IMAZETHAPYR"	  1              5762.64
"IMAZETHAPYR AMMONIUM SALT"	 1               328.25
"IMIDACLOPRID"	 16           142582.33
"IMIPROTHRIN"	  5              5990.03
"INDIAN MEAL MOTH GRANULOSIS VIRUS"	  1                10.29
"INDOXACARB"	  1            82402.75
"IODINE"	 31            10109.19
"IPRODIONE"	  4           350122.49
"IRON PHOSPHATE"	  7            11368.60
"ISOOCTYL PHTHALATE"	  1              3594.27
"ISOPARAFFINIC HYDROCARBONS"	  1            45471.76
"ISOPROPYL ALCOHOL"	 61           796360.59
"ISOPROPYLAMINE DODECYLBENZENE SULFONATE"	  5            20304.44
"ISOXABEN"	  5            26257.87
"KAOLIN"	  2           886497.73
"KEROSENE"	  1                62.57
"KRESOXIM-METHYL"	  2            17517.00
"LACTOSE"	              5538.78
"LAMBDA-CYHALOTHRIN"	            27892.19
"LAURIC ACID"	              3152.55
"LAURYL ALCOHOL"	           150651.56
"LECITHIN"	            85519.29
"LIGNIN SULFONIC ACID"	              6653.19
"LIME"	              2141.30
"LIME-SULFUR"	           860533.16
"LIMONENE"	8           59878.43
"LINALOOL"	0             1151.99
"LINDANE"	              3616.00
"LINURON"	           116825.00
"LITHIUM HYPOCHLORITE"	0           43425.24
"LYSOPHOSPHATIDYL ETHANOLAMINE"	               162.00
"MAGNESIUM CHLORIDE"	            24112.27
"MAGNESIUM PHOSPHIDE"	              5967.90
"MALATHION"	6         1662673.07
"MALEIC HYDRAZIDE POTASSIUM SALT"	          317007.01
"MANCOZEB"	4          618887.80
"MANEB"	          1318722.44
"MANGANESE SULFATE"	              2860.87
"MCPA"	              2413.95
"MCPA 2-ETHYL HEXYL ESTER"	             1113.65
"MCPA DIMETHYLAMINE SALT"	          336307.29
"MCPA ISOOCTYL ESTER"	           16006.31
"MCPP"	8          101101.22
"MCPP DIMETHYLAMINE SALT"	           92668.50
"MCPP POTASSIUM SALT"	             3678.79
"MCPP-P DIMETHYLAMINE SALT"	           26957.01
"MECOPROP-P"	            73201.43
"MEFENOXAM"	            96763.43
"MEFENOXAM OTHER RELATED"	             1084.23
"MEFLUIDIDE DIETHANOLAMINE SALT"	             1487.61
"MENTHOL"	              2355.13
"MEPIQUAT CHLORIDE"	            25386.28
"META-CRESOL"	                25.19
"METALAXYL"	              1188.83
"METALDEHYDE"	3          409543.66
"METALLIC SILVER"	               520.40
"METAM-SODIUM"	2        21585099.93
"METHAMIDOPHOS"	           142279.47
"METHIDATHION"	            57852.91
"METHIOCARB"	              3339.60
"METHOMYL"	           451370.58
"METHOXYFENOZIDE"	            12656.23
"METHYL ANTHRANILATE"	          3              1589.84
"METHYL BROMIDE"	          6          9770932.98
"METHYL NONYL KETONE"	         21              5136.01
"METHYL NONYL KETONE OTHER RELATED"	        19               191.64
"METHYL PARATHION"	          1            88530.24
"METHYL PARATHION OTHER RELATED"	         1              4659.49
"METHYL SALICYLATE"	          2                79.95
"METHYL SILICONE RESINS"	          4              5588.37
"METHYL-27-DICHLORO-9-HYDROXYFLUORENE-9-CARBOXYLATE"	         2                17.87
"METHYLATED SILICA"	          1                  2.43
"METHYLATED SOYBEAN OIL"	          8           158854.49
"METHYLENE BIS(THIOCYANATE)"	         20           111857.96
"METRIBUZIN"	          1            39094.47
"MINERAL OIL"	         18         11366374.18
"MODIFIED PHTHALIC GLYCEROL ALKYD RESIN"	          7           288019.96
"MOLASSES"	          1              1786.05
"MOLINATE"	          2           659009.83
"MONTOK PEPPER"	          1                     .78
"MORPHOLINE"	          1              1554.11
"MSMA"	         16           516995.28
"MUSCALURE"	         10               622.46
"MYCLOBUTANIL"	         10            77975.54
"MYRISTYL ALCOHOL"	          1            30422.69
"MYROTHECIUM VERRUCARIA DRIED FERMENTATION SOLIDS & SOLUBLES STRAIN AARC-0"	        2          7736960.33
"NN-BIS-(2-(OMEGA-HYDROXYPOLY(OXYETHYLENE)/POLY(OXYPROPYLENE))ETHYL)ALKYL"	         2            16812.64
"(C8-C18) AMINE"	
"NN-BIS-(2-OMEGA-HYDROXYPOLY(OXYETHYLENE)ETHYL)ALKYLAMINE ALKYL DERIVED"	        4            53640.32
"FROM TALLOW FATTY ACIDS"	
"N-CYCLOPROPYL-N'-(11-DIMETHYLETHYL)-6-(METHYLTHIO)-135-TRIAZINE-24-DIAMINE"	      5              3625.40
"N-DIALKYL (60%C14 30%C16 5%C12 5%C18) METHYL BENZYL AMMONIUM CHLORIDE"	      14              6559.77
"N-OCTYL BICYCLOHEPTENE DICARBOXIMIDE"	         110           24033.99
"N6-BENZYL ADENINE"	          2               670.63
"NAA"	          7               224.95
"NAA AMMONIUM SALT"	         4               329.04
"NAA ETHYL ESTER"	         3              1279.31
"NAA SODIUM SALT"	         1                50.40
"NABAM"	         16            30025.17
"NALED"	          4           227120.34
"NAPROPAMIDE"	          4            24663.92
"NEROLIDOL"	          1                  7.68
"NICOSULFURON"	          1               217.50
"NITHIAZINE"	          1                     .06
"NITRAPYRIN"	          2               255.30
"NITRAPYRIN OTHER RELATED"	         2                28.75
"NITROGEN LIQUIFIED"	         1           396384.74
"NONANOIC ACID"	         10            75842.91
"NONANOIC ACID OTHER RELATED"	   2               975.11
"NONYL PHENOXY POLYOXYETHYLENE ETHANOL-IODINE COMPLEX"	   10            18109.12
"NORFLURAZON"	    1           209083.86
"NOSEMA LOCUSTAE SPORES"	    2                  1.99
"NOVALURON"	    2               514.90
"OCTHILINONE"	    6           461529.34
"OCTYL DECYL DIMETHYL AMMONIUM CHLORIDE"	   139          113654.16
"OIL OF CEDARWOOD"	    2                12.67
"OIL OF CITRONELLA"	   16              3178.18
"OIL OF JOJOBA"	    3              1496.73
"OIL OF LEMON EUCALYPTUS"	    1              3400.82
"OIL OF PEPPERMINT"	    1                     .66
"OLEIC ACID"	    7            52571.84
"OLEIC ACID METHYL ESTER"	   2           697525.36
"OLEIC ACID POTASSIUM SALT"	   1               122.78
"ORCHEX 796 OIL"	    3           471849.85
"ORGANO/MODIFIED POLYSILOXANE"	    1                19.43
"ORGANOSILICONE POLY OXYALKYLENE ETHER COPOLYMER"	   4              2783.67
"ORTHO-BENZYL-PARA-CHLOROPHENOL"	   46            16150.21
"ORTHO-BENZYL-PARA-CHLOROPHENOL POTASSIUM SALT"	   6               362.55
"ORTHO-BENZYL-PARA-CHLOROPHENOL SODIUM SALT"	   6               145.07
"ORTHO-PHENYLPHENOL"	   94            35051.32
"ORTHO-PHENYLPHENOL POTASSIUM SALT"	   5               274.84
"ORTHO-PHENYLPHENOL SODIUM SALT"	  21            85617.12
"ORYZALIN"	   12           486734.68
"OXADIAZON"	    9            50865.00
"OXAMYL"	    1           137691.36
"OXYDEMETON-METHYL"	    2           191424.15
"OXYDIETHYLENE BIS (ALKYL DIMETHYL AMMONIUM CHLORIDE) ALKYL DERIVED FROM"	   2            14084.89
"COCONUT OIL FATTY ACIDS"	
"OXYFLUORFEN"	    9          1033625.26
"OXYPURINOL"	    1                     .10
"OXYTETRACYCLINE CALCIUM COMPLEX"	   1            10815.84
"P-MENTHANE-38-DIOL"	   1              2972.60
"PACLOBUTRAZOL"	    4               372.86
"PARA-CHLORO-META-CRESOL"	    1              1648.35
"PARA-DICHLOROBENZENE"	    8           765693.28
"PARA-TERT-AMYLPHENOL"	   46            11058.31
"PARA-TERT-AMYLPHENOL POTASSIUM SALT"	   5               188.19
"PARAQUAT DICHLORIDE"	    2          1747006.58
"PCNB"	   12           130216.97
"PENDIMETHALIN"	    9           669204.81
"PERFUME"	    1                     .31
"PERMETHRIN"	   171          478824.71
"PERMETHRIN OTHER RELATED"	  51               197.87
"PEROXYACETIC ACID"	       18           220182.66
"PETROLEUM DISTILLATES"	       29          1677732.31
"PETROLEUM DISTILLATES ALIPHATIC"	       2            41531.02
"PETROLEUM DISTILLATES REFINED"	       5           630263.22
"PETROLEUM NAPHTHENIC OILS"	        1               896.31
"PETROLEUM OIL PARAFFIN BASED"	       6           543698.59
"PETROLEUM OIL UNCLASSIFIED"	      14         19014308.11
"PHENMEDIPHAM"	        2              6484.05
"PHENOL"	        1               198.95
"PHENOTHRIN"	       65            16753.45
"PHENOTHRIN OTHER RELATED"	       7                     .49
"PHENYLETHYL PROPIONATE"	        1                     .01
"PHORATE"	        3            82627.50
"PHOSMET"	        2           483448.27
"PHOSPHINE"	        1              9943.91
"PHOSPHORIC ACID"	       60          1554636.64
"PHOSPHORIC ACID MONOPOTASSIUM SALT"	       3            62267.53
"PINE OIL"	       37          2183940.16
"PIPERALIN"	        1              3381.19
"PIPERONYL BUTOXIDE"	       173           95054.86
"PIPERONYL BUTOXIDE OTHER RELATED"	      154           18251.58
"POLY(OXYETHYLENE) (DIMETHYLIMINO) ETHYLENE (DIMETHYLIMINO) ETHYLENE DICHLO"	       66           436406.02
"POLY(OXYETHYLENE) POLY(OXYPROPYLENE) GLYCOL MONOALLYL ETHER"	        1            63360.00
"POLY-I-PARA-MENTHENE"	        1           334909.20
"POLYACRYLAMIDE POLYMER"	        3              3279.78
"POLYACRYLAMIDE POLYETHYLENE GLYCOL MIXTURE"	       6           230682.81
"POLYACRYLIC POLYMER"	        1              1879.68
"POLYALKENE OXIDE MODIFIED HEPTAMETHYL TRISILOXANE"	        7            46351.52
"POLYALKYLENE ETHER"	        1                55.44
"POLYALKYLENEOXIDE MODIFIED POLYDIMETHYL-SILOXANE"	        1               504.85
"POLYBUTENES"	        7            63466.17
"POLYETHER MODIFIED POLYSILOXANE"	        2              1201.97
"POLYETHOXY POLYPROPOXY POLYETHOXY ETHANOLIODINE COMPLEX"	     5              3790.00
"POLYETHYLENE GLYCOL"	        3               969.51
"POLYETHYLENE GLYCOL DIACETATE"	        2               565.74
"POLYETHYLENE GLYCOL MONO(3-(TETRAMETHYL-1-"	        2            51540.78
"(TRIMETHYLSILOXY)DISILOXANYL)PROPYL)ETHER"	
"POLYETHYLENE GLYCOL OLEATE"	        1              3564.60
"POLYHEDRAL OCCLUSION BODIES (OB'S) OF THE NUCLEAR POLYHEDROSIS VIRUS OF"	        1                12.17
"HELICOVERPA ZEA (CORN EARWORM)"	
"POLYHEXAMETHYLENE BIGUANIDINE"	        5            55863.42
"POLYMERIZED PINENE"	        2            26833.11
"POLYOXYETHYLENE DIOLEATE"	        4                57.99
"POLYOXYETHYLENE POLYOXYPROPYLENE"	        4            88110.92
"POLYOXYETHYLENE POLYOXYPROPYLENE MONOBUTYL ETHER"	        1              4439.44
"POLYOXYETHYLENE SORBITAN MIXED FATTY ACID ESTERS"	        2            19987.20
"POLYOXYETHYLENE SORBITAN MONOOLEATE"	 1              9455.01
"POLYOXYETHYLENE SORBITAN TRIOLEATE"	 1             62950.60
"POLYOXYETHYLENE SORBITOL MIXED ETHER ESTER"	2             34364.82
"POLYSACCHARIDE POLYMER"	 2                 85.99
"POLYSILOXANE"	 1              2343.24
"POTASH SOAP"	10             96778.12
"POTASSIUM BICARBONATE"	 5            343143.92
"POTASSIUM CARBONATE"	 3               687.49
"POTASSIUM DIMETHYL DITHIO CARBAMATE"	11              3110.16
"POTASSIUM HYDROXIDE"	 3              4865.90
"POTASSIUM N-METHYLDITHIOCARBAMATE"	 9         2819247.49
"POTASSIUM NITRATE"	 2              5189.41
"POTASSIUM PEROXYMONOSULFATE"	24            521327.53
"POTASSIUM PHOSPHITE"	 5             23963.47
"POTASSIUM RESINATE"	 1               589.34
"POTASSIUM SORBATE"	 1               114.00
"PRALLETHRIN"	19               760.55
"PRODIAMINE"	 9             45519.70
"PROFENOFOS"	 1             18258.32
"PROHEXADIONE CALCIUM"	 1               396.00
"PROMETON"	13             11871.42
"PROMETRYN"	 5            311353.54
"PROPAMOCARB HYDROCHLORIDE"	 2              75.08
"PROPANIL"	 3         1493724.52
"PROPARGITE"	 1         8296475.41
"PROPETAMPHOS"	 1                 63.17
"PROPICONAZOLE"	10             27850.84
"PROPIONIC ACID"	10            236351.59
"PROPOXUR"	30              3555.55
"PROPYLENE GLYCOL"	21             84817.75
"PROPYLENE GLYCOL METHYL ETHER"	2              1337.00
"PROPYLENE OXIDE"	 1            578162.61
"PROPYZAMIDE"	 2             70873.02
"PSEUDOMONAS FLUORESCENS STRAIN A506"	2                  9.94
"PSEUDOMONAS SYRINGAE STRAIN ESC-10"	1               380.72
"PUTRESCENT WHOLE EGG SOLIDS"	 6             16755.99
"PYMETROZINE"	 1              3126.07
"PYRACLOSTROBIN"	 1             32422.72
"PYRAZON"	 2             15998.54
"PYRETHRINS"	168            71840.57
"PYRETHRINS OTHER RELATED"	1                    .07
"PYRIDABEN"	 2            746821.94
"PYRIDATE"	 1               248.74
"PYRIPROXYFEN"	30            117294.86
"PYRITHIOBAC-SODIUM"	 1              4035.80
"QST 713 STRAIN OF DRIED BACILLUS SUBTILIS"	 2             24352.55
"QUINCLORAC"	 1              2541.00
"RESMETHRIN"	 37             2096.08
"RESMETHRIN OTHER RELATED"	9                  1.53
"RIMSULFURON"	 1              2617.90
"ROTENONE"	 4               223.65
"ROTENONE OTHER RELATED"	4               235.45
"SSS-TRIBUTYL PHOSPHOROTRITHIOATE"	           301903.88
"S-BIOALLETHRIN"	 9                  4.35
"S-METHOPRENE"	 9              5063.42
"S-METOLACHLOR"	 1           557974.85
"SETHOXYDIM"	 3             41257.17
"SIDURON"	 4              9366.68
"SILICA AEROGEL"	 11             4331.39
"SILICONE"	 2              1641.28
"SILICONE DEFOAMER"	 4               786.78
"SILVER NITRATE"	 2               158.49
"SIMAZINE"	 8           965830.49
"SOAP"	 1                68.19
"SODIUM ALPHA-OLEFIN (C14-C16) SULFONATE"	 1             13007.93
"SODIUM BICARBONATE"	 18         4898537.92
"SODIUM BISULFATE"	 21          864256.84
"SODIUM BISULFITE"	 6           669204.20
"SODIUM BROMIDE"	 53         1545710.92
"SODIUM CACODYLATE"	 11             3020.73
"SODIUM CARBONATE"	 22         1498392.27
"SODIUM CHLORATE"	 14         2422103.10
"SODIUM CHLORIDE"	 3              1610.20
"SODIUM CHLORITE"	 24         3151435.46
"SODIUM CYANIDE"	 2              2808.87
"SODIUM DICHLORO-S-TRIAZINETRIONE"	 34         3844623.13
"SODIUM DICHLORO-S-TRIAZINETRIONE DIHYDRATE"	 58         4327711.41
"SODIUM DIHEXYL SULFOSUCCINATE"	 1              1454.83
"SODIUM DIISOOCTYLSULFOSUCCINATE"	 3               763.48
"SODIUM DIMETHYL DITHIO CARBAMATE"	 17            30025.17
"SODIUM DIOCTYLSULFOSUCCINATE"	 6             24431.82
"SODIUM DODECYLBENZENE SULFONATE"	 5             65668.18
"SODIUM FLUORIDE"	 2           141689.30
"SODIUM HYDROXIDE"	 3             46023.74
"SODIUM HYDROXYMETHYLGLYCINATE"	 1              7784.17
"SODIUM HYPOCHLORITE"	 95       134656855.68
"SODIUM LAURYL SULFATE"	 8               343.15
"SODIUM METABORATE TETRAHYDRATE"	 1             20088.25
"SODIUM METASILICATE"	 11             2196.29
"SODIUM NITRATE"	 2             84621.57
"SODIUM PARA-TERT-AMYLPHENATE"	6              6446.18
"SODIUM PHENATE"	1                  7.65
"SODIUM POLYACRYLATE"	1              3840.94
"SODIUM PYRITHIONE"	3            13886.56
"SODIUM TETRABORATE (PENTAHYDRATE)"	4               970.09
"SODIUM TETRATHIOCARBONATE"	1           207791.04
"SODIUM XYLENE SULFONATE"	4              9256.18
"SORBITAN FATTY ACID ESTERS"	2              4372.20
"SORBITAN TRIOLEATE"	1               404.14
"SORBITOL"	1              2878.06
"SOYBEAN FATTY ACIDS DIMETHYLAMINE SALT"	              4483.46
"SOYBEAN OIL"	5           100973.17
"SPINOSAD"	5            82520.33
"STARCH"	1                18.88
"STREPTOMYCES GRISEOVIRIDIS STRAIN K61"	1                65.51
"STREPTOMYCIN SULFATE"	5            11512.72
"STRYCHNINE"	7              2288.30
"STYRENE BUTADIENE COPOLYMER"	1            24062.77
"SUGAR"	6              2075.67
"SULFLURAMID"	7              5923.71
"SULFOMETURON-METHYL"	2              7644.17
"SULFONATED OLEIC ACID SODIUM SALT"	              7981.25
"SULFUR"	42        78030429.67
"SULFUR DIOXIDE"	1          4205587.32
"SULFURIC ACID"	7            54335.94
"SULFURYL FLUORIDE"	1          3146689.01
"SYNTHETIC VEGETABLE GUMS"	1              1192.78
"TALL OIL"	5            13214.63
"TALL OIL FATTY ACIDS"	13          270371.32
"TARTRAZINE"	3               571.17
"TAU-FLUVALINATE"	1               701.15
"TCMTB"	14           20789.16
"TEBUCONAZOLE"	4            67257.78
"TEBUFENOZIDE"	2           120128.84
"TEBUTHIURON"	3              7022.80
"TERBUTHYLAZINE"	12              552.43
"TERRAZOLE"	2              5604.00
"TETRACHLORVINPHOS"	8            12924.34
"TETRAGLYCINE HYDROPERIODIDE"	2               142.97
"TETRAKIS (HYDROXYMETHYL) PHOSPHONIUM SULFATE"	18           99359.85
"TETRAMETHRIN"	81           16123.25
"TETRAMETHRIN OTHER RELATED"	                15.60
"TETRAPOTASSIUM PYROPHOSPHATE"	4              4628.09
"THIABENDAZOLE"	11          942734.22
"THIAMETHOXAM"	1            14770.91
"THIAZOPYR"	  2               743.21
"THIDIAZURON"	  3            29160.70
"THIOBENCARB"	  2          2219382.03
"THIODICARB"	  1              9726.34
"THIOPHANATE-METHYL"	  11          870724.16
"THIRAM"	  8            84934.19
"THYME"	  1                  1.91
"THYMOL"	  3               617.75
"TRALKOXYDIM"	  1                47.88
"TRALOMETHRIN"	  8              3249.73
"TRI-N-BUTYLTIN MALEATE"	  1              6856.75
"TRIADIMEFON"	  10             4962.55
"TRIADIMENOL"	  1               275.56
"TRIBUTYLTIN BENZOATE"	  1            63678.98
"TRIBUTYLTIN METHACRYLATE"	  4               266.79
"TRIBUTYLTIN OXIDE"	  15           23459.66
"TRICHLORO-S-TRIAZINETRIONE"	  35        24789010.24
"TRICHLOROMELAMINE"	  5              3880.25
"TRICHODERMA HARZIANUM RIFAI STRAIN KRL-AG2"	  2               602.11
"TRICLOPYR BUTOXYETHYL ESTER"	 5           134806.28
"TRICLOPYR TRIETHYLAMINE SALT"	 14           97137.53
"TRIETHANOLAMINE"	  5            14978.94
"TRIETHANOLAMINE SULFONATE"	  1               533.25
"TRIETHYLENE GLYCOL"	  4           137709.62
"TRIFLOXYSTROBIN"	  3            30443.51
"TRIFLUMIZOLE"	  1            33812.00
"TRIFLURALIN"	  31         3811498.51
"TRIFLUSULFURON-METHYL"	  1               332.50
"TRIFORINE"	  1            10000.68
"TRINEXAPAC-ETHYL"	  1              3944.98
"TRISODIUM PHOSPHATE"	  3            12664.23
"UNDECYLENIC ACID"	  1                49.60
"UNICONIZOLE-P"	  1                22.38
"UREA"	  4            42159.59
"UREA DIHYDROGEN SULFATE"	  3           950669.79
"VEGETABLE OIL"	  3           229994.71
"VINCLOZOLIN"	  4            21445.25
"VINYL POLYMER"	  2              1393.90
"WARFARIN"	  8                10.91
"XANTHAN GUM"	  1                     .02
"XANTHINE"	  1                     .10
"YEAST"	  2              5966.70
"Z-11-TETRADECEN-1-YL ACETATE"	  4                84.96
"Z-8-DODECENOL"	  7                16.85
"Z-8-DODECENYL ACETATE"	  7              1484.62
"ZINC 2-PYRIDINETHIOL-1-OXIDE"	   4            13284.04
"ZINC CHLORIDE"	   1            13451.30
"ZINC NAPHTHENATE"	   3              5704.43
"ZINC OXIDE"	   1            52222.50
"ZINC PHOSPHIDE"	  10              8240.06
"ZINC SULFATE"	   6              7226.59
"ZIRAM"	   4          1089542.40
	
