"(3S 6R)-3-METHYL-6-ISOPROPENYL-9-DECEN-1-YL ACETATE"	         1                     .00
"(3S 6S)-3-METHYL-6-ISOPROPENYL-9-DECEN-1-YL ACETATE"	         1                     .00
"(E)-4-TRIDECEN-1-YL-ACETATE"	          2                 119.39
"(E)-5-DECENOL"	          4                    1.44
"(E)-5-DECENYL ACETATE"	          4                    6.96
"(S)-CYPERMETHRIN"	          2               26460.79
"(S)-KINOPRENE"	          1                7065.44
"(Z)-11-HEXADECEN-1-YL ACETATE"	          1                    2.96
"(Z)-11-HEXADECENAL"	          2                    8.40
"(Z)-4-TRIDECEN-1-YL-ACETATE"	          2                    3.76
"(ZE)-711-HEXADECADIEN-1-YL ACETATE"	        3                    1.43
"(ZZ)-711-HEXADECADIEN-1-YL ACETATE"	        3                    1.52
"([([(2-DIHYDRO-5-METHYL-3(2H)-OXAZOLYL)-1-"	          2               14131.50
"METHYLETHOXY]METHOXY)METHOXY]METHANOL"	
"12-BENZISOTHIAZOLIN-3-ONE"	         9              260255.89
"12-DIBROMO-24-DICYANOBUTANE"	        2                6525.04
"13-BIS(HYDROXYMETHYL)-55-DIMETHYL HYDANTOIN"	        2              796879.62
"13-DIBROMO-55-DIMETHYLHYDANTOIN"	        5               42119.97
"13-DICHLORO-55-DIMETHYLHYDANTOIN"	       38              307046.86
"13-DICHLORO-5-ETHYL-5-METHYLHYDANTOIN"	        38              116870.83
"13-DICHLOROPROPENE"	         3          4573703.45
"14-DIMETHYLNAPHTHALENE"	         1                 825.15
"17-DIOXASPIRO-(55)-UNDECANE"	        1                  .02
"1-(2-HYDROXYETHYL)-2-ALKYL-2-IMIDAZOLINE ALKYL DERIVED FROM TALL OIL F"	         1                   75.29
"ACIDS"	
"1-(3-CHLOROALLYL)-357-TRIAZA-1-AZONIA ADAMANTANE CHLORIDE"	        2               85649.91
"1-BROMO-3-CHLORO-55-DIMETHYL HYDANTOIN"	        74          1744456.59
"1-METHYLCYCLOPROPENE"	          2                     .56
"1-NAPHTHALENEACETAMIDE"	          3                   90.86
"1-OCTEN-3-OL"	          8                 772.30
"1010'-OXYBISPHENOXYARSINE"	         1               36682.27
"22'-(1-METHYLTRIMETHYLENEDIOXY)BIS-(4-METHYL-132-DIOXABORINANE)"	       1                6523.20
"22'-OXYBIS (446-TRIMETHYL-132-DIOXABORINANE)"	     1                2644.02
"22-DIBROMO-3-NITRILOPROPIONAMIDE"	        23          1239744.12
"24-D"	        20              323167.47
"24-D 2-ETHYLHEXYL ESTER"	        9               51785.37
"24-D BUTOXYETHANOL ESTER"	        5                2083.84
"24-D DIETHANOLAMINE SALT"	        1                5368.43
"24-D DIMETHYLAMINE SALT"	       44              990972.18
"24-D ISOOCTYL ESTER"	       10               13324.70
"24-D ISOPROPYL ESTER"	        3              279597.59
"24-D TRIISOPROPANOLAMINE SALT"	        2                3401.97
"24-DP ISOOCTYL ESTER"	        7                1620.46
"24-DP-P DIMETHYLAMINE SALT"	       11                6462.64
"24-XYLENOL"	         1                   12.62
"2-((HYDROXYMETHYL)AMINO) ETHANOL"	          3         10774991.26
"2-(24-DP) DIMETHYLAMINE SALT"	        18              9337.18
"2-(2-(P-(DIISOBUTYL) PHENOXY) ETHOXY) ETHYL DIMETHYLBENZYL AMMONIUM CH"	E         15              1411.25
"2-(3-HYDROXYPROPYL)-HEPTA-METHYL TRISILOXANE ETHOXYLATED ACETATE"	         3            47031.55
"2-BUTOXYETHANOL"	           4              6170.05
"2-ETHYLHEXYL SULFATE SODIUM SALT"	          3                92.17
"2-METHYL-4-ISOTHIAZOLIN-3-ONE"	          47           406415.00
"2-PHOSPHONO-124-BUTANETRICARBOXYLIC ACID AQUEOUS"	         1                48.58
"3-(TRIMETHOXYSILYL) PROPYL DIMETHYL OCTADECYL AMMONIUM CHLORIDE"	           1                14.70
"3-IODO-2-PROPYNYL BUTYLCARBAMATE"	          16          4293481.46
"4(24-DB) DIMETHYLAMINE SALT"	         4            54817.88
"44-(2-ETHYL-2-NITROTRIMETHYLENE)DIMORPHOLINE"	          5               831.37
"44-DIMETHYL OXAZOLIDINE"	          4           887753.10
"45-DICHLORO-2-N-OCTYL-3(2H)-ISOTHIAZOLONE"	          3           558470.10
"4-(2-NITROBUTYL)MORPHOLINE"	           5            27704.29
"4-AMINOPYRIDINE"	           1                21.18
"4-CHLORO-35-XYLENOL"	          1                46.61
"4-NONYLPHENOL FORMALDEHYDE RESIN PROPOXYLATED"	         6           106634.84
"5-CHLORO-2-(24-DICHLOROPHENOXY) PHENOL"	          2               133.31
"5-CHLORO-2-METHYL-4-ISOTHIAZOLIN-3-ONE"	          47          1070976.11
"5-HYDROXY METHOXY METHYL-1-AZA-37-DIOXABICYCLO (3.3.0) OCTANE"	          2            72361.43
"5-HYDROXYMETHYL-1-AZA-37-DIOXABICYCLO (3.3.0) OCTANE"	          2           128015.62
"5-HYDROXYPOLY (METHYLENEOXY) (74%C2 21%C3 4%C4 1%C5) METHYL-1-AZA-37-"	       2            24139.21
"DIOXABICYCLO (3.3.0) OCTANE"	
"ABAMECTIN"	           6            11850.98
"ABAMECTIN OTHER RELATED"	          1                     .01
"ACEPHATE"	          18          6152637.04
"ACETAMIPRID"	           4            38280.61
"ACIBENZOLAR-S-METHYL"	           1               723.00
"ACID BLUE 9 DIAMMONIUM SALT"	          3            21295.78
"ACROLEIN"	           1           470832.66
"ACRYLAMIDE/SODIUM ACRYLATE COPOLYMER"	           1               646.82
"AGROBACTERIUM RADIOBACTER"	           1                  9.44
"AGROBACTERIUM RADIOBACTER STRAIN K1026"	          1                  4.62
"ALACHLOR"	           2            82376.08
"ALCOHOL SULFATES"	           1               589.18
"ALCOHOLS C12-C14 ALIPHATIC"	         1              1203.73
"ALCOHOLS C4-C12 NORMAL"	         2              1902.68
"ALDICARB"	           1           331715.25
"ALKYL (50%C12 30%C14 17%C16 3%C18) DIMETHYLBENZYL AMMONIUM CHLORIDE"	        2               176.21
"ALKYL (50%C12 30%C14 17%C16 3%C18) DIMETHYLETHYLBENZYL AMMONIUM CHLORI"	       30              2676.75
"ALKYL (50%C14 40%C12 10%C16) DIMETHYLBENZYL AMMONIUM CHLORIDE"	        223          793853.33
"ALKYL (50%C14 40%C12 10%C16) DIMETHYLBENZYL AMMONIUM SACCHARINATE"	         5              2163.36
"ALKYL (58%C14 28%C16 14%C12) DIMETHYLBENZYL AMMONIUM CHLORIDE"	        24            97203.49
"ALKYL (60%C14 25%C12 15%C16) DIMETHYLBENZYL AMMONIUM CHLORIDE"	         5              1141.31
"ALKYL (60%C14 30%C16 5%C12 5%C18) DIMETHYLBENZYL AMMONIUM CHLORIDE"	       269          803350.62
"ALKYL (61%C1223%C1411%C162.5%C8 & C102.5%C18) DIMETHYL BENZYL AMMONIUM"	       4              5846.63
"CHLORIDE"	
"ALKYL (67%C12 25%C14 7%C16 1%C18) DIMETHYLBENZYL AMMONIUM CHLORIDE"	        3              1481.66
"ALKYL (67%C12 25%C14 7%C16 1%C8C10C18) DIMETHYLBENZYL AMMONIUM CHLORID"	      7              8779.88
"ALKYL (68%C12 32%C14) DIMETHYLETHYLBENZYL AMMONIUM CHLORIDE"	         250          367411.99
"ALKYL (95%C14 3%C12 2%C16) DIMETHYL BENZYL AMMONIUM CHLORIDE"	         2              6357.21
"ALKYL (95%C14 3%C12 2%C16) DIMETHYL BENZYL AMMONIUM CHLORIDE DIHYDRATE"	         3            14477.00
"ALKYL (95%C14 3%C12 2%C16) DIMETHYL BENZYL AMMONIUM CHLORIDE MONOHYDRA"	         1               522.00
"ALKYL (98%C12 2%C14) DIMETHYL 1-NAPHTHYLMETHYL AMMONIUM CHLORIDE"	          1               167.60
"ALKYL (AS IN FATTY ACIDS OF COCONUT OIL) MONOETHANOLAMIDE"	           1               585.43
"ALKYL (C8C10) POLYGLYCOSIDE"	          4           105508.25
"ALKYL (C9-C11) OLIGOMERIC D-GLUCOPYRANOSIDE"	           2              4229.17
"ALKYL BENZENE SULFONIC ACID"	           1                38.99
"ALKYL(42%C12 26%C18 15%C14 8%C16 5%C10 4%C8)13-PROPYLENEDIAMINE"	     1              3872.88
"ALKYL-13-PROPYLENE DIAMINE ACETATE ALKYL DERIVED FROM COCONUT OIL FATT"	         1            29635.06
"ALKYLAMINE HYDROCHLORIDE ALKYL DERIVED FROM COCONUT OIL FATTY ACIDS"	           2            18422.80
"ALLETHRIN"	           1                22.94
"ALLYL ISOTHIOCYANATE"	           2               212.73
"ALLYLOXYPOLYETHYLENE GLYCOL ACETATE"	           2              2665.24
"ALPHA-(ORTHOPARA-DINONYLPHENYL)-OMEGA-HYDROXYPOLYOXY(ETHYLENE)"	          1              1172.06
"PHOSPHATE"	
"ALPHA-(PARA-DODECYLPHENYL)-OMEGA-HYDROXYPOLY(OXYETHYLENE)"	           3            48053.43
"ALPHA-(PARA-NONYLPHENYL)-OMEGA-HYDROXYPOLY (OXYETHYLENE) SULFATE"	          2              1244.47
"AMMONIUM SALT"	
"ALPHA-(PARA-NONYLPHENYL)-OMEGA-HYDROXYPOLY(OXYETHYLENE)"	          28          1428606.62
"ALPHA-(PARA-NONYLPHENYL)-OMEGA-HYDROXYPOLY(OXYETHYLENE) BRANCHED"	          7            25021.02
"ALPHA-(PARA-NONYLPHENYL)-OMEGA-HYDROXYPOLY(OXYETHYLENE) PHOSPHATE ESTE"	          5            63485.70
"ALPHA-(PARA-TERT-BUTYLPHENYL)-OMEGA-HYDROXYPOLY(OXYETHYLENE) PHOSPHATE"	           2            22165.65
"ALPHA-246-TRIMETHYL-4-NONYLOXY-OMEGA-HYDROXYPOLY(OXYETHYLENE)"	         1              1006.79
"ALPHA-268-TRIMETHYL-4-NONYLOXY-OMEGA-HYDROXYPOLY(OXYETHYLENE)"	         3            10295.30
"ALPHA-ALKYL (C10-C14)-OMEGA-HYDROXYPOLY(OXYETHYLENE)"	           1            12028.85
"ALPHA-ALKYL (C12-C14)-OMEGA-HYDROXYPOLY(OXYETHYLENE)"	           1            59853.43
"ALPHA-ALKYL (C12-C15)-OMEGA-HYDROXYPOLY(OXYETHYLENE) SULFATE SODIUM SA"	          1              2471.77
"ALPHA-ALKYL (C12-C16)-OMEGA-HYDROXYPOLY(OXYETHYLENE)"	           1              1494.71
"ALPHA-ALKYL (C12-C18)-OMEGA-HYDROXYPOLY(OXYETHYLENE) POLY(OXYPROPYLENE"	           1            14976.58
"ALPHA-ALKYL (C8-C18)-OMEGA-HYDROXYPOLY(OXYETHYLENE) POLY(OXYPROPYLENE)"	           2              4032.01
"ALPHA-ALKYL (C9-C11)-OMEGA-HYDROXYPOLY(OXYETHYLENE)"	           4            61705.14
"ALPHA-ALKYL (C9-C16)-OMEGA-HYDROXYPOLY(OXYETHYLENE)"	           1              1758.09
"ALPHA-ALKYL (MIXED)-OMEGA-HYDROXYPOLY (OXYETHYLENE) SULFATE"	           1              1873.39
"ALPHA-ALKYL (SECONDARY C12-C14)-OMEGA-HYDROXYPOLY(OXYETHYLENE)"	           1               833.15
"ALPHA-ALKYLARYL-OMEGA-HYDROXYPOLY(OXYETHYLENE)"	           1           423560.43
"ALPHA-DECYL-OMEGA-HYDROXYPOLY(OXYETHYLENE) PHOSPHATE"	           1               447.89
"ALPHA-ISODECYL-OMEGA-HYDROXYPOLY(OXYETHYLENE) PHOSPHATE"	           1               483.21
"ALPHA-ISOOCTADECYL-OMEGA-HYDROXYPOLY(OXYETHYLENE)"	           1              7059.79
"ALPHA-OCTYLPHENYL-OMEGA-HYDROXYPOLY(OXYETHYLENE)"	           5           479721.43
"ALPHA-UNDECYL-OMEGA-HYDROXYPOLY(OXYETHYLENE)"	           4              9692.90
"ALPHA-[PARA-(1133-TETRAMETHYLBUTYL)PHENYL]-OMEGA-"	          6                1140.78
"HYDROXYPOLY(OXYETHYLENE) PHOSPHATE ESTER"	
"ALPHA-[PARA-(1133-TETRAMETHYLBUTYL)PHENYL]-OMEGA-"	          12              152744.89
"HYDROXYPOLY(OXYETHYLENE)"	
"ALUMINUM PHOSPHIDE"	              6              237784.58
"AMINO ETHOXY VINYL GLYCINE HYDROCHLORIDE"	              2                   12.15
"AMITRAZ"	              4                 171.51
"AMMONIUM BICARBONATE"	              1                 1.31
"AMMONIUM NITRATE"	              5               18165.93
"AMMONIUM PROPIONATE"	              2               15570.34
"AMMONIUM SULFATE"	             13              433741.02
"AMMONIUM TALL OIL FATTY ACID SOAP"	              3                 404.32
"AMMONIUM THIOSULFATE"	              1                4413.67
"ANCYMIDOL"	              1                    2.71
"ARSENIC ACID"	              3               34281.99
"ARSENIC PENTOXIDE"	              3               77266.16
"ARSENIC TRIOXIDE"	              1                 726.57
"ATRAZINE"	              3               46738.12
"ATRAZINE OTHER RELATED"	             2                 973.48
"AZADIRACHTIN"	             11                2130.89
"AZINPHOS-METHYL"	              4               69810.00
"AZOXYSTROBIN"	              2               76644.78
"BACILLUS SPHAERICUS SEROTYPE H-5A5B STRAIN 2362"	            2               11606.20
"BACILLUS SUBTILIS GB03"	              2                   10.95
"BACILLUS THURINGIENSIS (BERLINER) SUBSP. AIZAWAI GC-91 PROTEIN"	            2               54100.00
"BACILLUS THURINGIENSIS (BERLINER) SUBSP. ISRAELENSIS SEROTYPE H-14"	            7               15631.39
"BACILLUS THURINGIENSIS (BERLINER) SUBSP. KURSTAKI SEROTYPE 3A3B"	           5                8687.11
"BACILLUS THURINGIENSIS (BERLINER) SUBSP. KURSTAKI STRAIN EG 2348"	            3                   20.52
"BACILLUS THURINGIENSIS (BERLINER) SUBSP. KURSTAKI STRAIN SA-11"	            1              143574.25
"BACILLUS THURINGIENSIS SUBSPECIES KURSTAKI GENETICALLY ENGINEERED STRA"	             2                1223.25
"LEPIDOPTERAN ACTIVE TOXIN"	
"BACILLUS THURINGIENSIS VAR. KURSTAKI GENETICALLY ENGINEERED STRAIN EG7"	             2                3439.50
"BACILLUS THURINGIENSIS SUBSP. AIZAWAI STRAIN ABTS-1857"	            1          1221998.40
"BACILLUS THURINGIENSIS SUBSP. ISRAELENSIS STRAIN AM 65-52"	            1               23474.12
"BACILLUS THURINGIENSIS SUBSP. KURSTAKI STRAIN ABTS-351 FERMENTATION SO"	A          1          2570594.08
"SOLUBLES"	
"BACILLUS THURINGIENSIS SUBSP. KURSTAKI STRAIN HD-1"	            1                2053.83
"BARIUM METABORATE"	              2               59672.63
"BEAUVERIA BASSIANA STRAIN GHA"	              2                1050.29
"BENEFIN"	             14               31335.86
"BENSULFURON METHYL"	              2                2428.63
"BENSULIDE"	              6              298135.48
"BENTAZON SODIUM SALT"	             3                8850.38
"BENTONITE"	              1               72201.60
"BENZOIC ACID"	              1                1644.05
"BENZYL BENZOATE"	              2                   11.98
"BENZYLDIETHYL [(26-XYLYLCARBAMOYL)METHYL] AMMONIUM SACCHARIDE"	   3              1249.63
"BETA-CYFLUTHRIN"	    4            15878.08
"BETA-PINENE POLYMER"	    5            41858.79
"BIFENAZATE"	    1            98241.69
"BIFENTHRIN"	    10          109123.14
"BIS(TRICHLOROMETHYL) SULFONE"	    1              3480.15
"BISPYRIBAC-SODIUM"	    1            32602.40
"BORAX"	    12          256131.53
"BORIC ACID"	    43          407949.70
"BOSCALID"	    1           110245.72
"BRODIFACOUM"	    10               14.75
"BROMACIL"	    10           71647.64
"BROMACIL LITHIUM SALT"	   2              4546.11
"BROMADIOLONE"	    8               727.52
"BROMETHALIN"	    11               49.60
"BROMINE CHLORIDE"	    1               615.88
"BROMOXYNIL HEPTANOATE"	    1            57741.78
"BROMOXYNIL OCTANOATE"	    2            69862.54
"BRONOPOL"	    11             2456.81
"BUPROFEZIN"	    3            61703.02
"BUTOXY POLYPROPOXY POLYETHOXY ETHANOLIODINE COMPLEX"	 8              5690.03
"BUTOXY POLYPROPYLENE GLYCOL"	    11           17344.72
"BUTYL ALCOHOL"	    6            27694.11
"BUTYLACETYLAMINOPROPIONIC ACID"	    1               132.58
"BUTYLATE"	    2            44762.79
"CACODYLIC ACID"	    7               857.79
"CALCIUM ACID METHANEARSONATE"	    2              3921.00
"CALCIUM CARBONATE"	    3           218855.25
"CALCIUM CHLORIDE"	    1              8480.12
"CALCIUM HYDROXIDE"	    4          5305785.40
"CALCIUM HYPOCHLORITE"	    28         5616292.08
"CALF'S MILK REPLACER"	    1                  1.07
"CANOLA OIL"	    7            11121.80
"CAPRIC ACID"	    7            50138.20
"CAPRYLIC ACID"	    1            42716.52
"CAPSICUM OLEORESIN"	    15              140.70
"CAPTAN"	    8           380675.30
"CAPTAN OTHER RELATED"	   8              8457.71
"CARBARYL"	    36          388235.51
"CARBENDAZIM"	    1            55831.90
"CARBOFURAN"	    1            22649.02
"CARBON"	    3            23723.07
"CARBON DIOXIDE"	    3           179450.74
"CARBOXIN"	    2              2689.24
"CARFENTRAZONE-ETHYL"	    2            24594.13
"CASEIN"	   2              6022.49
"CASTOR OIL"	   5              5916.84
"CHLORFENAPYR"	   2           174245.84
"CHLORFLURENOL METHYL ESTER"	  1               120.37
"CHLORHEXIDINE DIACETATE"	   2               555.18
"CHLORINE"	   25       122859356.31
"CHLORINE DIOXIDE"	   7              8293.35
"CHLORMEQUAT CHLORIDE"	   2              1401.97
"CHLOROPHACINONE"	   7               158.50
"CHLOROPICRIN"	   9          4508574.69
"CHLOROTHALONIL"	   24         1064256.04
"CHLORPROPHAM"	   4             10421.59
"CHLORPYRIFOS"	   30         2324084.90
"CHLORSULFURON"	   2              2371.75
"CHLORTHAL-DIMETHYL"	   1           296509.59
"CHOLECALCIFEROL"	   2                  3.06
"CHROMIC ACID"	   3           109488.48
"CINNAMALDEHYDE"	   1               224.36
"CITRIC ACID"	   20          408795.18
"CLARIFIED HYDROPHOBIC EXTRACT OF NEEM OIL"	   10          157197.82
"CLETHODIM"	   1             94346.54
"CLOFENTEZINE"	   2             12785.96
"CLOMAZONE"	   1             14168.00
"CLOPYRALID"	   2                24.12
"CLOPYRALID MONOETHANOLAMINE SALT"	  6             22385.24
"CLOPYRALIDTRIETHYLAMINE SALT"	  2              2642.16
"COCONUT DIETHANOLAMIDE"	   6             18960.75
"COCONUT IMIDAZOLINE SODIUM CARBOXYLATE"	   1               538.06
"CONIOTHYRIUM MINITANS STRAIN CON/M/91-08"	   1                66.25
"COPPER"	   30         1102557.27
"COPPER 8-QUINOLINOLEATE"	   3              1170.09
"COPPER AMMONIUM CARBONATE"	   2           535515.24
"COPPER AMMONIUM COMPLEX"	   3             24171.67
"COPPER CARBONATE BASIC"	  5             15409.94
"COPPER ETHANOLAMINE COMPLEXES MIXED"	  5             73050.97
"COPPER ETHYLENEDIAMINE COMPLEX"	   1             11352.32
"COPPER HYDROXIDE"	   12         2697251.29
"COPPER NAPHTHENATE"	   18          378501.08
"COPPER OCTANOATE"	   4               107.89
"COPPER OXIDE (IC)"	   2          3923853.25
"COPPER OXIDE (OUS)"	   23         1633650.85
"COPPER OXYCHLORIDE"	   6           234228.02
"COPPER OXYCHLORIDE SULFATE"	   2             79491.00
"COPPER SALTS OF FATTY AND ROSIN ACIDS"	   2             28633.86
"COPPER SULFATE (BASIC)"	   15         1775009.36
"COPPER SULFATE (PENTAHYDRATE)"	   31         6497075.25
"COPPER TRIETHANOLAMINE COMPLEX"	    5              658.82
"CORN GLUTEN MEAL"	    1           31473.00
"CORN PRODUCT HYDROLYZED"	   1           80358.92
"COTTONSEED FLOUR"	    3             3415.24
"COTTONSEED OIL"	    8          595701.81
"COUMAPHOS"	    1               11.52
"CRYOLITE"	    3         1269408.64
"CUPROUS THIOCYANATE"	    1             3574.15
"CYANURIC ACID"	   16         3199070.44
"CYCLANILIDE"	    1             5240.87
"CYCLOATE"	    2           89473.48
"CYFLUTHRIN"	   15           46184.19
"CYHALOFOP BUTYL"	    1           71869.28
"CYMOXANIL"	    2             1990.20
"CYPERMETHRIN"	   12           77896.87
"CYPRODINIL"	    1           48622.97
"CYROMAZINE"	    3           76836.07
"D-ALLETHRIN"	   12             4040.08
"D-TRANS ALLETHRIN"	   33           10704.19
"DAMINOZIDE"	    1           16367.60
"DAZOMET"	   11           46951.38
"DDVP"	   10           35368.33
"DDVP OTHER RELATED"	  10             2399.38
"DEET"	   43         1354962.50
"DEET OTHER RELATED"	  23           12372.70
"DELTAMETHRIN"	   23             3852.54
"DENATONIUM BENZOATE"	    3               24.42
"DERIVATED NATURAL POLYMERS"	    1              208.24
"DESMEDIPHAM"	    2             6040.22
"DEXTRIN"	    1              151.82
"DIATOMACEOUS EARTH"	   14           29023.97
"DIATOMACEOUS EARTH OTHER RELATED"	   2             1925.04
"DIAZINON"	   29          809813.25
"DICAMBA"	   20           12789.50
"DICAMBA DIMETHYLAMINE SALT"	  34           69251.54
"DICAMBA SODIUM SALT"	   2          125111.53
"DICHLOBENIL"	    7           44860.67
"DICHLORO-S-TRIAZINETRIONE"	    3              555.10
"DICLOFOP-METHYL"	    2             4591.89
"DICLORAN"	    4          105842.54
"DICOFOL"	    5          259939.28
"DIDECYL DIMETHYL AMMONIUM BICARBONATE"	    3           91960.74
"DIDECYL DIMETHYL AMMONIUM CARBONATE"	    3          223646.68
"DIDECYL DIMETHYL AMMONIUM CHLORIDE"	   204         770914.20
"DIETHYLENE GLYCOL"	     8           89499.74
"DIFENOCONAZOLE"	     1             2905.13
"DIFENZOQUAT METHYL SULFATE"	     2             1035.75
"DIFETHIALONE"	     4                 3.79
"DIFLUBENZURON"	     5           31714.54
"DIFLUFENZOPYR SODIUM SALT"	    1              272.96
"DIGLYCOLAMINE SALT OF 36-DICHLORO-O-ANISIC ACID"	    2           87741.55
"DIHYDRO-5-HEPTYL-2(3H)-FURANONE"	     2              121.01
"DIHYDRO-5-PENTYL-2(3H)-FURANONE"	     2               59.27
"DIIODOMETHYL P-TOLYL SULFONE"	     1              297.27
"DIKEGULAC SODIUM"	     1             1663.35
"DIMETHOATE"	    11          393686.61
"DIMETHOMORPH"	     2           35650.00
"DIMETHOXANE"	     1           14746.95
"DIMETHYL DICOCOALKYL AMMONIUM SALT WITH NAPHTHALENESULFONIC ACID"	    1             4438.26
"FORMALDEHYDE CONDENSATE"	
"DIMETHYL SILICONE FLUID EMULSION"	     1             6104.86
"DIMETHYLPOLYSILOXANE"	    16          181888.28
"DIOCTYL DIMETHYL AMMONIUM CHLORIDE"	    148          57599.71
"DIPHACINONE"	    14              166.42
"DIPHACINONE SODIUM SALT"	    2               11.33
"DIPHENYLAMINE"	     2             5873.06
"DIPROPYL ISOCINCHOMERONATE"	    35             4090.51
"DIPROPYLENE GLYCOL"	     1                    .96
"DIQUAT DIBROMIDE"	    15          145674.52
"DISODIUM CYANODITHIOIMIDO CARBONATE"	     6             1077.16
"DISODIUM OCTABORATE TETRAHYDRATE"	    19         1315237.83
"DISODIUM PHOSPHATE"	     2             1567.78
"DISODIUM SALT OF ETHYLENEDIAMINETETRAACETIC ACID DIHYDRATE"	     4           60282.20
"DISULFOTON"	    10           97437.43
"DITHIOPYR"	    16           17660.89
"DIURON"	    14         1673020.59
"DODECYL GUANIDINE HYDROCHLORIDE"	     3             1074.22
"DODECYLBENZENE SULFONIC ACID"	    16          187360.85
"DODINE"	     3           87467.25
"EE-810-DODECADIEN-1-OL"	   8             2106.09
"E-11-TETRADECEN-1-YL ACETATE"	     4              151.54
"E-8-DODECENYL ACETATE"	     7               59.77
"EDTA SODIUM SALT"	    2              147.22
"EDTA TETRASODIUM SALT"	   16             3426.56
"EMAMECTIN BENZOATE"	     1             1351.14
"EMULSIFIABLE METHYLATED VEGETABLE OIL"	     2           14131.31
"ENDOSULFAN"	     6          190653.56
"ENDOTHALL DIPOTASSIUM SALT"	    1             6466.31
"ENDOTHALL MIXED MONO- AND DI- (NN-DIMETHYLALKYLAMINE) SALTS"	   1           18717.30
"ENDOTHALL MONO [NN-DIMETHYL ALKYLAMINE] SALT"	1            16878.21
"EPOXIDIZED SOYBEAN OIL"	  2                56.73
"EPTC"	  3           416791.51
"ESBIOTHRIN"	  8                18.97
"ESFENVALERATE"	  33           57221.40
"ESSENTIAL OILS"	  5                52.96
"ETHALFLURALIN"	  2            60275.82
"ETHEPHON"	  6           529978.71
"ETHOFUMESATE"	  6            19807.62
"ETHOPROP"	  1            41286.83
"ETHYL ALCOHOL"	  86        10412670.57
"ETHYL BUTYLACETYLAMINOPROPIONATE"	  1              8256.36
"ETHYLENE"	  3            88011.97
"ETHYLENE GLYCOL"	  2            78806.79
"ETHYLENE GLYCOL MONOMETHYL ETHER"	  1              4735.71
"ETHYLENE OXIDE"	  5          4241711.73
"ETOFENPROX"	  3                17.59
"ETOXAZOLE"	  1               536.80
"EUGENOL"	  1                31.86
"FARNESOL"	  1                  2.24
"FATTY ACIDS DERIVED FROM TALLOW"	  1            23942.63
"FATTY ACIDS C16-C18 AND C18-UNSATURATED METHYL ESTERS"	1               194.39
"FATTY ACIDS METHYL ESTERS"	 4           232972.41
"FATTY ACIDS MIXED"	 6            44406.43
"FENAMIPHOS"	  3            80925.58
"FENARIMOL"	  3              4887.67
"FENBUCONAZOLE"	  2               720.00
"FENBUTATIN-OXIDE"	  2            44631.55
"FENHEXAMID"	  2            69577.50
"FENOXAPROP-P-ETHYL"	  1              4222.34
"FENOXYCARB"	  1                12.23
"FENPROPATHRIN"	  1           225241.26
"FENPYROXIMATE"	  2               929.66
"FERRIC SULFATE (ANHYDROUS)"	  2            21179.77
"FERROUS SULFATE"	  1              2797.91
"FIPRONIL"	  6            18107.93
"FLUAZIFOP-P-BUTYL"	  11           18821.91
"FLUDIOXONIL"	  1            40959.35
"FLUMIOXAZIN"	  1            20790.73
"FLURECOL-METHYL"	  1                28.72
"FLURIDONE"	  1              3781.28
"FLUTOLANIL"	  4            17224.08
"FOLPET"	  2               381.82
"FORMALDEHYDE"	  4           342059.75
"FORMETANATE HYDROCHLORIDE"	  2            34132.00
"FOSETYL-AL"	     4             329965.40
"FREE FATTY ACIDS AND/OR AMINE SALTS"	     9                2823.57
"FRUCTOSE"	     1                     .10
"GAMMA AMINOBUTYRIC ACID"	     1              26293.14
"GARLIC"	     4                 211.74
"GERANIOL"	     1                  58.20
"GERMAN COCKROACH PHEROMONE"	     2                     .12
"GIBBERELLINS"	     6            2353457.31
"GLIOCLADIUM VIRENS GL-21 (SPORES)"	     1                 178.20
"GLUFOSINATE-AMMONIUM"	     4              40042.91
"GLUTAMIC ACID"	     1              26293.14
"GLUTARALDEHYDE"	    52            6803654.37
"GLYPHOSATE"	     6             319099.62
"GLYPHOSATE DIAMMONIUM SALT"	    2             327680.74
"GLYPHOSATE ISOPROPYLAMINE SALT"	   42            2737180.69
"GLYPHOSATE MONOAMMONIUM SALT"	    3          781583.26
"GLYPHOSATE POTASSIUM SALT"	    1            1275024.48
"HALOSULFURON-METHYL"	     2              32554.07
"HARPIN PROTEIN"	     1                 195.60
"HEPTAMETHYLTRISILOXANE ETHOXYLATED"	     2                 207.83
"HEPTAMETHYLTRISILOXANE-13-PROPANEDIOL ETHER ETHOXYLATED PROPOXYLATED"	   2              23780.62
"HEXAHYDRO-135-TRIS (2-HYDROXYETHYL)-S-TRIAZINE"	   9             654251.46
"HEXAZINONE"	     2             147140.17
"HEXYLENE GLYCOL"	     1                3095.30
"HEXYTHIAZOX"	     1              15297.72
"HYDRAMETHYLNON"	     8                3562.42
"HYDROGEN CHLORIDE"	    60           22573555.98
"HYDROGEN CYANAMIDE"	     1             309479.31
"HYDROGEN PEROXIDE"	    23             684494.37
"HYDROPRENE"	     2                2250.54
"HYDROTREATED PARAFFINIC SOLVENT"	     2             199010.80
"HYDROXYMETHYL-55-DIMETHYL HYDANTOIN"	    2             186744.67
"IBA"	     9                 274.58
"IMAZALIL"	    10            1210649.91
"IMAZAMETHABENZ"	     2                 302.26
"IMAZAMOX AMMONIUM SALT"	    1                4271.11
"IMAZAPYR ISOPROPYLAMINE SALT"	    2              21937.53
"IMAZETHAPYR"	     1                7027.32
"IMAZETHAPYR AMMONIUM SALT"	    1                 953.01
"IMIDACLOPRID"	    16             208964.44
"IMIPROTHRIN"	     4              24444.19
"INDOXACARB"	     3              45319.24
"IODINE"	    24              10277.72
"IPRODIONE"	     5             365052.33
"IRON PHOSPHATE"	     6              12285.68
"ISOOCTYL PHTHALATE"	  1              4802.53
"ISOPARAFFINIC HYDROCARBONS"	  1            59486.03
"ISOPROPYL ALCOHOL"	  57          889858.51
"ISOPROPYLAMINE DODECYLBENZENE SULFONATE"	  6              3861.41
"ISOXABEN"	  4            28134.70
"KAOLIN"	  2          1167806.50
"KRESOXIM-METHYL"	  2              7970.00
"LACTOSE"	  1              6264.00
"LAMBDA-CYHALOTHRIN"	  7            25688.86
"LAURIC ACID"	  1              2247.07
"LAURYL ALCOHOL"	  3               663.98
"LECITHIN"	  2            96864.78
"LIGNIN SULFONIC ACID"	  1              8709.09
"LIME"	  1              9378.25
"LIME-SULFUR"	  7          1092339.47
"LIMONENE"	  18           43891.50
"LINALOOL"	  10           18368.86
"LINDANE"	  2                47.50
"LINURON"	  1            61620.00
"LITHIUM HYPOCHLORITE"	  10           42288.96
"LYSOPHOSPHATIDYL ETHANOLAMINE"	  1               139.10
"MAGNESIUM CHLORIDE"	  1            33567.04
"MAGNESIUM PHOSPHIDE"	  1              6875.34
"MALATHION"	  25         1550897.05
"MALEIC HYDRAZIDE POTASSIUM SALT"	 2           352224.17
"MANCOZEB"	  14          612319.03
"MANEB"	  2           927406.48
"MANGANESE SULFATE"	  4              4879.54
"MCPA 2-ETHYL HEXYL ESTER"	 1              1153.24
"MCPA DIMETHYLAMINE SALT"	 8           213754.17
"MCPA ISOOCTYL ESTER"	 4            24333.00
"MCPP"	  14           61406.41
"MCPP DIMETHYLAMINE SALT"	 31           72917.33
"MCPP POTASSIUM SALT"	 3              2380.04
"MCPP-P DIMETHYLAMINE SALT"	 22           88104.89
"MECOPROP-P"	  10           86219.46
"MEFENOXAM"	  4           113357.43
"MEFENOXAM OTHER RELATED"	 3              1069.00
"MEFLUIDIDE DIETHANOLAMINE SALT"	 2              2937.49
"MENTHOL"	  1              1208.55
"MEPIQUAT CHLORIDE"	  6            28087.18
"META-CRESOL"	  1                12.70
"METALAXYL"	  4              1474.27
"METALDEHYDE"	  22          333565.46
"METALLIC SILVER"	  9               678.30
"METAM-SODIUM"	            11         20417166.92
"METHAMIDOPHOS"	             3           115540.31
"METHIDATHION"	             1            72529.43
"METHIOCARB"	             1              3526.90
"METHOMYL"	             8           331238.56
"METHOXYFENOZIDE"	             1           102452.01
"METHYL ANTHRANILATE"	             4              2758.65
"METHYL BROMIDE"	             6          9601099.33
"METHYL NONYL KETONE"	            18              5921.40
"METHYL NONYL KETONE OTHER RELATED"	           15               230.36
"METHYL PARATHION"	             1            87210.58
"METHYL PARATHION OTHER RELATED"	            1              4590.03
"METHYL SALICYLATE"	             2                66.51
"METHYL SILICONE RESINS"	             3            18360.10
"METHYL-27-DICHLORO-9-HYDROXYFLUORENE-9-CARBOXYLATE"	            2                50.24
"METHYLATED FATTY ACIDS FROM CANOLA OIL"	             1              1064.04
"METHYLATED SILICA"	             1                  4.28
"METHYLATED SOYBEAN OIL"	             9           174136.18
"METHYLENE BIS(THIOCYANATE)"	            16            74577.63
"METRIBUZIN"	             2            39456.32
"MINERAL OIL"	            19         11279196.97
"MODIFIED PHTHALIC GLYCEROL ALKYD RESIN"	             6           227414.45
"MOLASSES"	             1              3063.22
"MOLINATE"	             2           303636.98
"MONTOK PEPPER"	             1                     .02
"MORPHOLINE"	             1              2076.55
"MSMA"	            13           261539.10
"MUSCALURE"	            10               154.88
"MYCLOBUTANIL"	            10            89219.59
"MYRISTYL ALCOHOL"	             1               118.37
"MYROTHECIUM VERRUCARIA DRIED FERMENTATION SOLIDS & SOLUBLES STRAIN AAR"	           1          3491299.34
"NN-BIS-(2-(OMEGA-HYDROXYPOLY(OXYETHYLENE)/POLY(OXYPROPYLENE))ETHYL)ALK"	            1              6150.97
"(C8-C18) AMINE"	
"NN-BIS-(2-OMEGA-HYDROXYPOLY(OXYETHYLENE)ETHYL)ALKYLAMINE ALKYL DERIVED"	           4            70355.80
"FROM TALLOW FATTY ACIDS"	
"N-CYCLOPROPYL-N'-(11-DIMETHYLETHYL)-6-(METHYLTHIO)-135-TRIAZINE-24-DIA"	         6              5264.14
"N-DIALKYL (60%C14 30%C16 5%C12 5%C18) METHYL BENZYL AMMONIUM CHLORIDE"	         13              1670.43
"N-OCTYL BICYCLOHEPTENE DICARBOXIMIDE"	            99            41263.38
"N6-BENZYL ADENINE"	             2              1041.74
"NAA"	             4               214.69
"NAA AMMONIUM SALT"	            4               279.14
"NAA ETHYL ESTER"	            2               654.63
"NABAM"	            16            86865.94
"NALED"	             4           234138.96
"NAPROPAMIDE"	             6            27419.33
"NEROLIDOL"	             1                  1.82
"NICOSULFURON"	       1              2914.50
"NITHIAZINE"	       1                     .63
"NITROGEN LIQUIFIED"	      1           101221.99
"NONANOIC ACID"	       8           130261.40
"NONANOIC ACID OTHER RELATED"	      1              1182.75
"NONYL PHENOXY POLYOXYETHYLENE ETHANOL-IODINE COMPLEX"	       8            15413.10
"NORFLURAZON"	       1           434217.84
"NOSEMA LOCUSTAE SPORES"	       2                     .80
"NOVALURON"	       2               511.23
"OCTHILINONE"	       8          2264640.90
"OCTYL DECYL DIMETHYL AMMONIUM CHLORIDE"	      148          130910.19
"OIL OF BLACK PEPPER"	       1               256.47
"OIL OF CITRONELLA"	      13            23189.45
"OIL OF JOJOBA"	       3              6188.81
"OIL OF LEMON EUCALYPTUS"	       1            31475.10
"OIL OF PEPPERMINT"	       1                  2.26
"OLEIC ACID"	       7            56779.96
"OLEIC ACID METHYL ESTER"	      3           151083.27
"OLEIC ACID POTASSIUM SALT"	      1                67.70
"ORCHEX 796 OIL"	       3           583802.83
"ORGANO/MODIFIED POLYSILOXANE"	       1                21.01
"ORGANOSILICONE POLY OXYALKYLENE ETHER COPOLYMER"	      4              4173.46
"ORTHO-BENZYL-PARA-CHLOROPHENOL"	      41            22317.47
"ORTHO-BENZYL-PARA-CHLOROPHENOL POTASSIUM SALT"	      6              1827.27
"ORTHO-BENZYL-PARA-CHLOROPHENOL SODIUM SALT"	      6              6514.72
"ORTHO-PHENYLPHENOL"	      83            51631.07
"ORTHO-PHENYLPHENOL POTASSIUM SALT"	      5              1333.46
"ORTHO-PHENYLPHENOL SODIUM SALT"	     21            69275.96
"ORYZALIN"	      14           941340.68
"OXADIAZON"	       7            53253.47
"OXAMYL"	       1           145147.88
"OXAZOLIDINE E"	       1           221911.55
"OXYDEMETON-METHYL"	       2           234306.96
"OXYDIETHYLENE BIS (ALKYL DIMETHYL AMMONIUM CHLORIDE) ALKYL DERIVED FRO"	      2            18785.88
"COCONUT OIL FATTY ACIDS"	
"OXYFLUORFEN"	       9          1410185.39
"P-MENTHANE-38-DIOL"	      1              9168.10
"PACLOBUTRAZOL"	       5               642.49
"PARA-CHLORO-META-CRESOL"	       1              3901.10
"PARA-DICHLOROBENZENE"	       7           880715.46
"PARA-TERT-AMYLPHENOL"	      39              9566.23
"PARA-TERT-AMYLPHENOL POTASSIUM SALT"	      5               913.04
"PARAQUAT DICHLORIDE"	       1          1521270.61
"PCNB"	      12           102555.90
"PENDIMETHALIN"	      10           691675.70
"PERMETHRIN"	          163          474760.62
"PERMETHRIN OTHER RELATED"	         42               230.58
"PEROXYACETIC ACID"	          20           230907.91
"PETROLEUM DISTILLATES"	          21          2886565.35
"PETROLEUM DISTILLATES ALIPHATIC"	          2            38296.09
"PETROLEUM DISTILLATES REFINED"	          6          1792146.57
"PETROLEUM NAPHTHENIC OILS"	           1               452.77
"PETROLEUM OIL PARAFFIN BASED"	          7           747094.20
"PETROLEUM OIL UNCLASSIFIED"	         14         19785846.52
"PHENMEDIPHAM"	           2              7677.49
"PHENOL"	           1               259.36
"PHENOTHRIN"	          60            24221.03
"PHENOTHRIN OTHER RELATED"	          6                     .25
"PHENYLETHYL PROPIONATE"	           3               138.02
"PHORATE"	           3            36032.00
"PHOSMET"	           2           813208.22
"PHOSPHINE"	           1              3662.26
"PHOSPHORIC ACID"	          50          1634176.18
"PHOSPHORIC ACID MONOPOTASSIUM SALT"	          3              1207.69
"PINE OIL"	          30          3072311.97
"PIPERALIN"	           1              4600.96
"PIPERINE"	           1                98.85
"PIPERONYL BUTOXIDE"	          162          138681.74
"PIPERONYL BUTOXIDE OTHER RELATED"	         135           24330.60
"POLY(OXYETHYLENE) (DIMETHYLIMINO) ETHYLENE (DIMETHYLIMINO) ETHYLENE DI"	I         54           776794.63
"POLY(OXYETHYLENE) POLY(OXYPROPYLENE) GLYCOL MONOALLYL ETHER"	           1            95040.00
"POLY-I-PARA-MENTHENE"	           1           296143.27
"POLYACRYLAMIDE POLYMER"	           3              3192.24
"POLYACRYLAMIDE POLYETHYLENE GLYCOL MIXTURE"	          7              5017.74
"POLYACRYLIC POLYMER"	           2              2134.33
"POLYALKENE OXIDE MODIFIED HEPTAMETHYL TRISILOXANE"	           7            37538.93
"POLYALKYLENE ETHER"	           1                36.96
"POLYALKYLENEOXIDE MODIFIED POLYDIMETHYL-SILOXANE"	           1              1020.09
"POLYBUTENES"	           6            62782.53
"POLYETHER MODIFIED POLYSILOXANE"	           2              1440.19
"POLYETHOXY POLYPROPOXY POLYETHOXY ETHANOLIODINE COMPLEX"	        5              3111.18
"POLYETHYLENE GLYCOL"	           3               598.95
"POLYETHYLENE GLYCOL DIACETATE"	           2               242.29
"POLYETHYLENE GLYCOL MONO(3-(TETRAMETHYL-1-"	           3            54487.45
"(TRIMETHYLSILOXY)DISILOXANYL)PROPYL)ETHER"	
"POLYETHYLENE GLYCOL OLEATE"	           1            10278.08
"POLYHEDRAL OCCLUSION BODIES (OB'S) OF THE NUCLEAR POLYHEDROSIS VIRUS O"	           1                  1.52
"HELICOVERPA ZEA (CORN EARWORM)"	
"POLYHEXAMETHYLENE BIGUANIDINE"	           7            35692.86
"POLYMERIZED ACRYLIC ACID"	           1               299.41
"POLYMERIZED PINENE"	           2            13449.47
"POLYOXIN D"	    1              564.85
"POLYOXYETHYLENE DIOLEATE"	    5               86.95
"POLYOXYETHYLENE POLYOXYPROPYLENE"	    3           77262.08
"POLYOXYETHYLENE POLYOXYPROPYLENE MONOBUTYL ETHER"	    2              113.46
"POLYOXYETHYLENE SORBITAN MIXED FATTY ACID ESTERS"	    2           39822.96
"POLYOXYETHYLENE SORBITAN MONOOLEATE"	    2           11256.77
"POLYOXYETHYLENE SORBITAN TRIOLEATE"	    1           74479.71
"POLYOXYETHYLENE SORBITOL MIXED ETHER ESTER"	   2           76082.18
"POLYSACCHARIDE POLYMER"	    1               35.64
"POLYSILOXANE"	    1             2394.76
"POTASH SOAP"	   10          167771.17
"POTASSIUM BICARBONATE"	    4          336015.25
"POTASSIUM CARBONATE"	    4             3366.66
"POTASSIUM DIMETHYL DITHIO CARBAMATE"	    3           81529.58
"POTASSIUM HYDROXIDE"	    3             1777.91
"POTASSIUM N-METHYLDITHIOCARBAMATE"	    7         1093714.60
"POTASSIUM NITRATE"	    2             3964.90
"POTASSIUM PEROXYMONOSULFATE"	   31          400123.41
"POTASSIUM PHOSPHITE"	    5          105013.15
"POTASSIUM RESINATE"	    1              324.94
"POTASSIUM SORBATE"	    2              290.82
"PRALLETHRIN"	   16             1514.14
"PRODIAMINE"	   11           48137.67
"PROFENOFOS"	    1           36930.68
"PROHEXADIONE CALCIUM"	    1              536.25
"PROMETON"	   13           20052.42
"PROMETRYN"	    5          273646.82
"PROPANIL"	    3         2159255.78
"PROPARGITE"	    1         8910105.12
"PROPETAMPHOS"	    1              148.99
"PROPICONAZOLE"	   14           26164.22
"PROPIONIC ACID"	   10          330713.97
"PROPOXUR"	   30             3173.06
"PROPYLENE GLYCOL"	   18           74363.32
"PROPYLENE GLYCOL METHYL ETHER"	   1               93.73
"PROPYLENE OXIDE"	    1          379241.35
"PROPYZAMIDE"	    2          161485.37
"PSEUDOMONAS SYRINGAE STRAIN ESC-10"	   1               20.99
"PUTRESCENT WHOLE EGG SOLIDS"	    4              319.66
"PYMETROZINE"	    1             9196.50
"PYRACLOSTROBIN"	    1           84226.34
"PYRAFLUFEN-ETHYL"	    1              744.25
"PYRAZON"	    2             9204.00
"PYRETHRINS"	   149          89166.13
"PYRIDABEN"	    2           23568.79
"PYRIDATE"	    1           139276.80
"PYRIPROXYFEN"	    25           75313.25
"PYRITHIOBAC-SODIUM"	    1              3939.33
"QST 713 STRAIN OF DRIED BACILLUS SUBTILIS"	    2            15805.23
"QUINCLORAC"	    1              1988.25
"QUINOXYFEN"	    1            10426.05
"RESMETHRIN"	    29             1598.98
"RESMETHRIN OTHER RELATED"	   4                  1.11
"REYNOUTRIA SACHALINENSIS"	    2                57.50
"RIMSULFURON"	    1              2479.11
"ROTENONE"	    5               135.34
"ROTENONE OTHER RELATED"	   5               147.29
"SSS-TRIBUTYL PHOSPHOROTRITHIOATE"	  3           254220.88
"S-BIOALLETHRIN"	    7                  2.01
"S-METHOPRENE"	    7              7004.34
"S-METOLACHLOR"	    1           380363.08
"SETHOXYDIM"	    3            53081.74
"SIDURON"	    4            15531.21
"SILICA AEROGEL"	    10             4937.97
"SILICONE"	    2              2591.41
"SILICONE DEFOAMER"	    4               827.99
"SILVER NITRATE"	    3               374.02
"SIMAZINE"	    7          1074699.58
"SOAP"	    1                42.56
"SODIUM ALPHA-OLEFIN (C14-C16) SULFONATE"	    1            23558.68
"SODIUM BICARBONATE"	    24         8110405.46
"SODIUM BISULFATE"	    25         1157621.88
"SODIUM BISULFITE"	    5           443748.94
"SODIUM BROMIDE"	    50         6232417.17
"SODIUM CACODYLATE"	    7              4982.66
"SODIUM CARBONATE"	    22         1739085.23
"SODIUM CHLORATE"	    11         2521067.82
"SODIUM CHLORIDE"	    3               189.44
"SODIUM CHLORITE"	    24         2832607.17
"SODIUM CYANIDE"	    2              2864.73
"SODIUM DECYL SULFATE"	    1              1414.54
"SODIUM DICHLORO-S-TRIAZINETRIONE"	    35         4087169.43
"SODIUM DICHLORO-S-TRIAZINETRIONE DIHYDRATE"	    54         5298842.21
"SODIUM DIHEXYL SULFOSUCCINATE"	    1               300.45
"SODIUM DIISOOCTYLSULFOSUCCINATE"	    3              1562.43
"SODIUM DIMETHYL DITHIO CARBAMATE"	    16           86865.94
"SODIUM DIOCTYLSULFOSUCCINATE"	    6            16693.50
"SODIUM DODECYLBENZENE SULFONATE"	    2            88913.04
"SODIUM FLUORIDE"	    3            88970.84
"SODIUM HYDROXIDE"	    3              1683.19
"SODIUM HYDROXYMETHYLGLYCINATE"	   1                6997.67
"SODIUM HYPOCHLORITE"	   95       142427468.44
"SODIUM LAUROAMPHO ACETATE"	   1                1067.58
"SODIUM LAURYL ETHER SULFATE"	   1                 893.12
"SODIUM LAURYL SULFATE"	   8              22048.52
"SODIUM METABORATE TETRAHYDRATE"	   1              39035.00
"SODIUM METASILICATE"	   10               1881.27
"SODIUM NITRATE"	   2              99412.86
"SODIUM PARA-TERT-AMYLPHENATE"	   6                8694.46
"SODIUM PHENATE"	   1                    9.98
"SODIUM POLYACRYLATE"	   2                4716.03
"SODIUM PYRITHIONE"	   3              46801.66
"SODIUM TETRABORATE (PENTAHYDRATE)"	   6                2377.43
"SODIUM TETRATHIOCARBONATE"	   1             148695.26
"SODIUM XYLENE SULFONATE"	   4                9741.12
"SORBITAN FATTY ACID ESTERS"	   2                8711.27
"SORBITAN TRIOLEATE"	   1                 223.95
"SORBITOL"	   1                3566.18
"SOYBEAN FATTY ACIDS DIMETHYLAMINE SALT"	  1                2081.46
"SOYBEAN OIL"	   4              14379.79
"SPINOSAD"	   4              84336.41
"STARCH"	   1                  22.92
"STREPTOMYCES GRISEOVIRIDIS STRAIN K61"	   1                    3.29
"STREPTOMYCIN SULFATE"	   4              20283.73
"STRYCHNINE"	   7                2253.24
"STYRENE BUTADIENE COPOLYMER"	   2              25238.90
"SUCROSE OCTANOATE"	   2                1173.63
"SUGAR"	   6             119581.70
"SULFLURAMID"	   7                5978.02
"SULFOMETURON-METHYL"	   3                6312.50
"SULFONATED OLEIC ACID SODIUM SALT"	  1                  93.86
"SULFUR"	   43        46946970.39
"SULFUR DIOXIDE"	   1            5090047.38
"SULFURIC ACID"	   6             153893.68
"SULFURYL FLUORIDE"	   1            3591873.11
"SYNTHETIC VEGETABLE GUMS"	   1                2045.71
"TALL OIL"	   5              13405.52
"TALL OIL FATTY ACIDS"	   14             58991.09
"TARTRAZINE"	   3                2111.38
"TAU-FLUVALINATE"	   2                2743.46
"TCMTB"	   13             19526.06
"TEBUCONAZOLE"	   6             250600.94
"TEBUFENOZIDE"	   2             3027.75
"TEBUTHIURON"	   2                9653.04
"TEMEPHOS"	   1                 309.54
"TERBUTHYLAZINE"	     11           82464.04
"TERRAZOLE"	     1              1957.20
"TETRACHLORVINPHOS"	     7            11213.03
"TETRAGLYCINE HYDROPERIODIDE"	     3               147.83
"TETRAKIS (HYDROXYMETHYL) PHOSPHONIUM SULFATE"	     15           35521.60
"TETRAMETHRIN"	     82           33809.25
"TETRAMETHRIN OTHER RELATED"	    4               123.43
"TETRAPOTASSIUM PYROPHOSPHATE"	     4              4870.56
"THIABENDAZOLE"	     10           16230.17
"THIABENDAZOLE HYPOPHOSPHITE SALT"	    1                97.89
"THIAMETHOXAM"	     1            19290.58
"THIAZOPYR"	     2              1858.04
"THIDIAZURON"	     2            33399.47
"THIOBENCARB"	     2          1616463.85
"THIODICARB"	     1              1736.27
"THIOPHANATE-METHYL"	     11          194158.19
"THIRAM"	     8           111187.99
"THYME"	     1                  6.50
"THYMOL"	     5               672.88
"TRALOMETHRIN"	     8              4181.48
"TRI-N-BUTYLTIN MALEATE"	     1            10435.54
"TRIADIMEFON"	     9              4611.36
"TRIADIMENOL"	     1              1420.17
"TRIBUTYLTIN BENZOATE"	     2            13035.00
"TRIBUTYLTIN METHACRYLATE"	     1                37.92
"TRIBUTYLTIN OXIDE"	     9            28311.00
"TRICHLORFON"	     1               320.00
"TRICHLORO-S-TRIAZINETRIONE"	     34        29377224.79
"TRICHLOROMELAMINE"	     5              3881.80
"TRICHODERMA HARZIANUM RIFAI STRAIN KRL-AG2"	     2               612.46
"TRICLOPYR BUTOXYETHYL ESTER"	    8           162160.89
"TRICLOPYR TRIETHYLAMINE SALT"	    13          129058.10
"TRIETHANOLAMINE"	     5            24277.56
"TRIETHANOLAMINE SULFONATE"	     1               110.13
"TRIETHYLENE GLYCOL"	     4           202579.93
"TRIFLOXYSTROBIN"	     4            23169.63
"TRIFLUMIZOLE"	     1            28767.00
"TRIFLURALIN"	     26         1602658.60
"TRIFLUSULFURON-METHYL"	     1               641.50
"TRIFORINE"	     1            17723.01
"TRINEXAPAC-ETHYL"	     1            38935.03
"TRIS (HYDROXYMETHYL) NITROMETHANE"	     3            52750.21
"TRISODIUM PHOSPHATE"	     2            13128.33
"UNDECYLENIC ACID"	     1               217.21
"UNICONIZOLE-P"	     1                18.62
"UREA"	      4            26791.90
"UREA DIHYDROGEN SULFATE"	      3           267700.09
"VEGETABLE OIL"	      4           316353.87
"VINCLOZOLIN"	      3            18264.38
"VINYL POLYMER"	      2             1610.74
"WARFARIN"	      7                59.97
"XYLENE"	      1                 4.86
"YEAST"	      2             1839.73
"Z-11-TETRADECEN-1-YL ACETATE"	      4                31.07
"Z-8-DODECENOL"	      7                10.53
"Z-8-DODECENYL ACETATE"	      7               921.28
"ZINC 2-PYRIDINETHIOL-1-OXIDE"	      4            77594.57
"ZINC CHLORIDE"	      1            10620.47
"ZINC NAPHTHENATE"	      3            10017.50
"ZINC OXIDE"	      1            28215.00
"ZINC PHOSPHIDE"	     10            17024.40
"ZINC SULFATE"	      4            11489.00
	      3           604686.80
