"(ZE)-711-HEXADECADIEN-1-YL ACETATE"	      4                  610.83
"13-DICHLORO-55-DIMETHYLHYDANTOIN"	      20             235791.41
"13-DICHLORO-5-ETHYL-5-METHYLHYDANTOIN"	       20              91218.58
"13-DICHLOROPROPENE"	       5             7834.32
"1-BROMO-3-CHLORO-55-DIMETHYL HYDANTOIN"	       54            1348603.60
"1-NAPHTHALENEACETAMIDE"	        7                   74.04
"22-DIBROMO-3-NITRILOPROPIONAMIDE"	       31              20514.68
"24-D"	       16             171133.73
"24-D BUTOXYETHANOL ESTER"	      4               43580.27
"24-D DIMETHYLAMINE SALT"	      40             451998.88
"24-D ISOOCTYL ESTER"	      9                6928.11
"24-DP ISOOCTYL ESTER"	      4                1078.51
"2-(24-DP) DIMETHYLAMINE SALT"	      16              32623.43
"2-(2-(P-(DIISOBUTYL) PHENOXY) ETHOXY) ETHYL DIMETHYLBENZYL AMMONIUM CHLORI"	        6                  895.68
"2-METHYL-4-ISOTHIAZOLIN-3-ONE"	        32              19847.60
"345-TRIBROMO SALICYLANILIDE"	      4                      .55
"3-IODO-2-PROPYNYL BUTYL CARBAMATE"	        8             1871737.55
"5-CHLORO-2-(24-DICHLOROPHENOXY) PHENOL"	       5                  147.19
"5-CHLORO-2-METHYL-4-ISOTHIAZOLIN-3-ONE"	        32              58439.04
"ACEPHATE"	        4              419951.78
"ALKYL (50%C12 30%C14 17%C16 3%C18) DIMETHYLBENZYL AMMONIUM CHLORIDE"	     9                6364.92
"ALKYL (50%C12 30%C14 17%C16 3%C18) DIMETHYLETHYLBENZYL AMMONIUM CHLORIDE"	     32              10737.53
"ALKYL (50%C14 40%C12 10%C16) DIMETHYLBENZYL AMMONIUM CHLORIDE"	     200             539129.09
"ALKYL (58%C14 28%C16 14%C12) DIMETHYLBENZYL AMMONIUM CHLORIDE"	      42             128344.61
"ALKYL (60%C14 25%C12 15%C16) DIMETHYLBENZYL AMMONIUM CHLORIDE"	      8               22811.70
"ALKYL (60%C14 30%C16 5%C12 5%C18) DIMETHYLBENZYL AMMONIUM CHLORIDE"	    215             380362.99
"ALKYL (61%C12 23%C14 11%C16 5%C8C10C18) DIMETHYLBENZYL AMMONIUM CHLORIDE"	   5                1723.30
"ALKYL (67%C12 25%C14 7%C16 1%C8C10C18) DIMETHYLBENZYL AMMONIUM CHLORIDE"	   6                8025.09
"ALKYL (68%C12 32%C14) DIMETHYLETHYLBENZYL AMMONIUM CHLORIDE"	      179             159203.46
"ALKYL (90%C14 5%C12 5%C16) DIMETHYL ETHYL AMMONIUM BROMIDE"	      4                  468.77
"ALKYL (95%C14 3%C12 2%C16) DIMETHYL BENZYL AMMONIUM CHLORIDE DIHYDRATE"	      4               66662.50
"ALKYL (98%C12 2%C14) DIMETHYL 1-NAPHTHYLMETHYL AMMONIUM CHLORIDE"	       10                 685.93
"ALKYL OXY-POLYOXYETHYLENE AND ALKYL PHENYLOXY-POLYOXYETHYLENE"	        5               71027.46
"ALKYL PHENOXY POLY (ETHOXY) ETHANOL"	        7              247549.81
"ALKYLARYL POLY(OXYETHYLENE) GLYCOL"	        12            1099022.22
"ALKYLARYL POLYOXYETHYLENE ETHER"	        5              115300.66
"ALKYLARYL POYLOXYETHYLENE ETHANOL"	        4              165457.91
"ALLETHRIN"	        27                 188.01
"ALLETHRIN OTHER RELATED"	       20                   5.34
"ALPHA-[PARA-(1133-TRETRAMETHYLBUTYL)PHENYL]-OMEGA-"	    6              107388.88
"HYDROXYPOLY(OXYETHYLENE) PHOSPHATE ESTER"	
"ALUMINUM PHOSPHIDE"	        6               92421.71
"BACILLUS THURINGIENSIS (BERLINER) SUBSP. ISRAELENSIS SEROTYPE H-14"	      8                4245.35
"BACILLUS THURINGIENSIS (BERLINER) SUBSP. KURSTAKI SEROTYPE 3A3B"	     14              61582.69
"BENDIOCARB"	        15                 209.75
"BENEFIN"	     17           94793.94
"BENOMYL"	     6          178384.00
"BENSULIDE"	     12           72953.67
"BENZYL ALCOHOL"	     8              834.46
"BIS BUTENYLENE TETRAHYDRO FURFURAL"	     11                6.50
"BIS(TRICHLOROMETHYL) SULFONE"	     4             8022.81
"BORAX"	     5            34117.41
"BORIC ACID"	     35         562713.46
"BRODIFACOUM"	     9                 5.56
"BROMACIL"	     14         199369.89
"BROMADIOLONE"	     17              12.54
"BUTOXY POLYPROPOXY POLYETHOXY ETHANOLIODINE COMPLEX"	  10            7236.60
"BUTOXY POLYPROPYLENE GLYCOL"	     24           33180.16
"CACODYLIC ACID"	     8            55708.08
"CALCIUM HYPOCHLORITE"	     33        5125323.78
"CAPSICUM OLEORESIN"	     6              255.06
"CAPTAN"	     14         588421.89
"CAPTAN OTHER RELATED"	    13           13396.52
"CARBARYL"	     74        1131764.44
"CHLORINE"	     45      250497594.80
"CHLORINE DIOXIDE"	     4             2142.26
"CHLOROPHACINONE"	     11              35.73
"CHLOROPICRIN"	     7         2810462.88
"CHLOROTHALONIL"	     17        1205229.21
"CHLORPYRIFOS"	     124       2208606.57
"CHLORTHAL-DIMETHYL"	     14         606765.57
"CHOLECALCIFEROL"	     4                 2.00
"CITRIC ACID"	     6          249180.11
"COPPER"	     12         240664.54
"COPPER 8-QUINOLINOLEATE"	     5              440.53
"COPPER ETHANOLAMINE COMPLEXES MIXED"	    6            55398.33
"COPPER HYDROXIDE"	     10        4044387.08
"COPPER NAPHTHENATE"	     19        1136714.32
"COPPER OXIDE (OUS)"	     10        1430426.85
"COPPER OXYCHLORIDE SULFATE"	     4          376651.24
"COPPER SULFATE (BASIC)"	     24         997364.49
"COPPER SULFATE (PENTAHYDRATE)"	     20        6868763.62
"COPPER TRIETHANOLAMINE COMPLEX"	     20           12317.66
"COTTONSEED FLOUR"	     4            16162.52
"COTTONSEED OIL"	     13         759562.30
"COUMAPHOS"	     7               18.41
"CREOSOTE"	     5         2664226.85
"CRYOLITE"	     4         3475020.66
"CUBE EXTRACTS"	     5               94.40
"CYANURIC ACID"	     21        2237788.00
"CYFLUTHRIN"	       6           18641.01
"CYPERMETHRIN"	       7           44682.10
"D-ALLETHRIN"	       41           1487.82
"D-ALLETHRIN OTHER RELATED"	      28              22.88
"D-TRANS ALLETHRIN"	       50           1451.25
"DAZOMET"	       9           53425.53
"DDVP"	       27          12609.15
"DDVP OTHER RELATED"	      27           4774.67
"DEET"	       36         363362.80
"DEET OTHER RELATED"	      35          19106.70
"DIATOMACEOUS EARTH"	       4              924.30
"DIAZINON"	       94        1920251.75
"DICAMBA"	       11           6317.90
"DICAMBA DIMETHYLAMINE SALT"	      32          68720.96
"DICHLOBENIL"	       10          37265.93
"DICHLORO-S-TRIAZINETRIONE"	       4         1586568.58
"DICLORAN"	       5           16226.48
"DICOFOL"	       6         5273870.50
"DIDECYL DIMETHYL AMMONIUM CHLORIDE"	       149        249042.16
"DIENOCHLOR"	       4           13868.72
"DIMETHOATE"	       14         668432.34
"DIMETHYL POLY SILOXANE"	       10          26198.60
"DIOCTYL DIMETHYL AMMONIUM CHLORIDE"	       86          44547.71
"DIPHACINONE"	       17              67.51
"DIPROPYL ISOCINCHOMERONATE"	       38           4531.81
"DIPROPYLENE GLYCOL"	       4              569.85
"DIQUAT DIBROMIDE"	       18          72426.55
"DISODIUM CYANODITHIOIMIDO CARBONATE"	       19          12542.83
"DISODIUM OCTABORATE TETRAHYDRATE"	       7          156565.47
"DISULFOTON"	       26         208099.13
"DIURON"	       9         1336074.16
"DODECYL GUANIDINE HYDROCHLORIDE"	       5           29134.29
"DODECYLBENZENE SULFONIC ACID"	       7           62070.57
"DSMA"	       5            1997.62
"EDTA TETRASODIUM SALT"	      49          21894.06
"EMULSIFIABLE A-C POLYETHYLENE"	       4            4755.47
"ENDOSULFAN"	       6          429076.61
"EPTC"	       5         1232192.02
"ESFENVALERATE"	       10          41548.94
"ESSENTIAL OILS"	       34           3094.18
"ETHEPHON"	       8          942401.25
"ETHOXYLATED LINEAR ALCOHOLS"	       4            7540.83
"ETHYL ALCOHOL"	       84        1605007.57
"ETHYLENE OXIDE"	       7         1686747.46
"FATTY ACIDS MIXED"	      5           38036.75
"FENOXYCARB"	      5             9063.62
"FENVALERATE"	      27          14258.16
"FLUAZIFOP-P-BUTYL"	      4           29031.49
"FOLPET"	      6           54635.44
"FORMALDEHYDE"	      5             8638.12
"GARLIC"	      4             5685.01
"GIBBERELLINS"	      4          645953.02
"GLUTARALDEHYDE"	      65         768627.07
"GLYPHOSATE ISOPROPYLAMINE SALT"	     10        4943484.78
"HEXAHYDRO-135-TRIS (2-HYDROXYETHYL)-S-TRIAZINE"	    9          123420.67
"HYDRAMETHYLNON"	      4             4297.32
"HYDROGEN CHLORIDE"	      68       11262947.22
"HYDROPRENE"	      5              743.83
"IBA"	      10             119.68
"IMAZALIL"	      12          14859.26
"IODINE"	      16            9128.42
"ISOPROPYL ALCOHOL"	      74         525879.22
"KEROSENE"	      5          188004.14
"LIME-SULFUR"	      10         909473.83
"LIMONENE"	      6           26827.30
"LINDANE"	      7           33146.09
"LITHIUM HYPOCHLORITE"	      10          60105.69
"MALATHION"	      45        2433374.77
"MANCOZEB"	      11        1874069.48
"MANEB"	      6          377423.78
"MCPA DIMETHYLAMINE SALT"	     12         230928.09
"MCPP"	      13          84686.39
"MCPP DIMETHYLAMINE SALT"	     36         180488.73
"MCPP POTASSIUM SALT"	     5             9049.06
"METALAXYL"	      4          161383.57
"METALDEHYDE"	      28         453499.23
"METALLIC SILVER"	      11            2339.74
"METAM-SODIUM"	      11       16279360.45
"METHIOCARB"	      8             9325.52
"METHOMYL"	      10        1063216.04
"METHOPRENE"	      16            7302.31
"METHOXYCHLOR"	      13             965.51
"METHOXYCHLOR OTHER RELATED"	     9              116.13
"METHYL BROMIDE"	      6        18251653.65
"METHYL DODECYL BENZYL TRIMETHYL AMMONIUM CHLORIDE"	      4                    .04
"METHYL DODECYL XYLENE BIS (TRIMETHYL AMMONIUM CHLORIDE)"	      4                    .01
"METHYL NONYL KETONE"	      17            6780.23
"METHYL NONYL KETONE OTHER RELATED"	     16             331.05
"METHYL PARATHION"	      6          267768.30
"METHYL PARATHION OTHER RELATED"	     5           12079.70
"METHYLENE BIS(THIOCYANATE)"	        27         215006.33
"MINERAL OIL"	        10        3345287.02
"MODIFIED PHTHALIC GLYCEROL ALKYD RESIN"	        5         1922080.53
"MSMA"	        15         263016.28
"MUSCALURE"	        8               33.96
"N-(2-HYDROXYETHYL) ETHYLENE DIAMINE TRIACETIC ACIDTRISODIUM SALT"	       4                 3.20
"N-DIALKYL (60%C14 30%C16 5%C12 5%C18) METHYL BENZYL AMMONIUM CHLORIDE"	     9               30.01
"N-OCTYL BICYCLOHEPTENE DICARBOXIMIDE"	        150         66638.87
"NAA"	        10            1143.49
"NABAM"	        25         129437.16
"NALED"	        5          316955.14
"NONYL PHENOXY POLY (ETHYLENE OXY) ETHANOL"	        11         336799.19
"NONYL PHENOXY POLYOXYETHYLENE ETHANOL-IODINE COMPLEX"	        28          64816.50
"OCTHILINONE"	        4          147135.76
"OCTYL DECYL DIMETHYL AMMONIUM CHLORIDE"	        85          91956.30
"OCTYL PHENOXY POLY ETHOXY ETHANOL"	        10         941155.20
"OIL OF CITRONELLA"	        10            3508.07
"OLEIC ACID"	        7           53728.36
"OLEIC ACID POTASSIUM SALT"	       4             4048.44
"ORTHO-BENZYL-PARA-CHLOROPHENOL"	        53         130865.44
"ORTHO-BENZYL-PARA-CHLOROPHENOL POTASSIUM SALT"	       11            6276.21
"ORTHO-BENZYL-PARA-CHLOROPHENOL SODIUM SALT"	       5             2494.29
"ORTHO-PHENYLPHENOL"	        90          71456.27
"ORTHO-PHENYLPHENOL POTASSIUM SALT"	       8             3745.57
"ORTHO-PHENYLPHENOL SODIUM SALT"	       19         234198.39
"ORYZALIN"	        10         771522.41
"OXADIAZON"	        4           52106.69
"OXALIC ACID"	        7             3160.13
"OXYDIETHYLENE BIS (ALKYL DIMETHYL AMMONIUM CHLORIDE) ALKYL DERIVED FROM"	       4           86453.91
"COCONUT OIL FATTY ACIDS"	
"OXYFLUORFEN"	        4         3975682.40
"PARA-DICHLOROBENZENE"	        11        1240505.87
"PARA-TERT-AMYLPHENOL"	        51          25144.46
"PARA-TERT-AMYLPHENOL POTASSIUM SALT"	       8             2308.05
"PCNB"	        9          138811.45
"PENDIMETHALIN"	        4          356131.35
"PERMETHRIN"	        92         296710.59
"PERMETHRIN OTHER RELATED"	       36             322.02
"PETROLEUM DISTILLATES"	        143       4045091.56
"PETROLEUM DISTILLATES AROMATIC"	       52            8573.93
"PETROLEUM DISTILLATES REFINED"	       4           82648.99
"PETROLEUM HYDROCARBONS"	        32         978442.71
"PETROLEUM OIL PARAFFIN BASED"	       7          706127.96
"PETROLEUM OIL UNCLASSIFIED"	       25       26485660.64
"PHENOTHRIN"	        59            7750.25
"PHENOTHRIN OTHER RELATED"	        37                46.13
"PHORATE"	         5            119680.04
"PHOSMET"	         5            222654.44
"PHOSPHORIC ACID"	         55          1731208.52
"PINDONE"	         4                 10.12
"PINE OIL"	         49          4348216.66
"PIPERONYL BUTOXIDE"	        254           238174.99
"PIPERONYL BUTOXIDE OTHER RELATED"	       249            58713.35
"POLY(OXYETHYLENE) (DIMETHYLIMINO) ETHYLENE (DIMETHYLIMINO) ETHYLENE DICHLO"	         73           434087.95
"POLYACRYLAMIDE POLYMER"	         4             11248.48
"POLYBUTENES"	         8             45268.17
"POLYETHOXY POLYPROPOXY POLYETHOXY ETHANOLIODINE COMPLEX"	      14            13707.20
"POLYOXYETHYLENE MIXED FATTY ACID ESTER"	         6            129460.58
"POTASH SOAP"	         4            284430.07
"POTASSIUM DIMETHYL DITHIO CARBAMATE"	         17            27647.13
"POTASSIUM N-METHYLDITHIO CARBAMATE"	         19            26567.92
"POTASSIUM PEROXYMONOSULFATE"	         12           133904.43
"PROMETON"	         15            10169.58
"PROMETRYN"	         4            305378.28
"PROPOXUR"	         62            22197.43
"PROPYLENE GLYCOL"	         22            99225.54
"PYRETHRINS"	        252            41532.72
"RESMETHRIN"	         94            11725.07
"RESMETHRIN OTHER RELATED"	        54              1206.88
"ROTENONE"	         18               797.46
"ROTENONE OTHER RELATED"	        15               921.77
"S-METHOPRENE"	         9               1140.79
"SILICA AEROGEL"	         14              4391.03
"SILICONE DEFOAMER"	         4               3477.82
"SIMAZINE"	         17          1247676.86
"SOAP"	         9            137393.90
"SODIUM BICARBONATE"	         17          2813236.02
"SODIUM BISULFATE"	         28          1964143.02
"SODIUM BROMIDE"	         21           974636.38
"SODIUM CACODYLATE"	         8            323348.99
"SODIUM CARBONATE"	         60           879029.93
"SODIUM CHLORATE"	         26          4602797.63
"SODIUM CHLORITE"	         20          1067274.94
"SODIUM DICHLORO-S-TRIAZINETRIONE"	         42          1545378.69
"SODIUM DICHLORO-S-TRIAZINETRIONE DIHYDRATE"	         38          1203610.90
"SODIUM DIMETHYL DITHIO CARBAMATE"	         26           129582.06
"SODIUM DODECYLBENZENE SULFONATE"	         14           105072.61
"SODIUM HYDROXIDE"	         4             12617.58
"SODIUM HYPOCHLORITE"	         90         56545941.16
"SODIUM METABORATE"	         5               3119.62
"SODIUM METABORATE TETRAHYDRATE"	          4                    190362.71
"SODIUM METASILICATE"	          18                     17575.80
"SODIUM METASILICATE ANHYDROUS"	         14                      1923.30
"SODIUM PARA-TERT-AMYLPHENATE"	          5                       6910.86
"SODIUM SESQUICARBONATE"	          4                    286604.00
"SODIUM XYLENE SULFONATE"	          7                      11748.66
"STRYCHNINE"	          7                       3153.38
"SUGAR"	          5                       8073.70
"SULFUR"	          45                100341778.25
"TAU-FLUVALINATE"	          4                       6803.80
"TCMTB"	          14                     29394.71
"TETRACHLORVINPHOS"	          14                     39698.42
"TETRAMETHRIN"	          45                     11419.80
"THIABENDAZOLE"	          13                     28085.76
"THIOPHANATE-METHYL"	          5                    117036.81
"THIRAM"	          15                   199793.89
"TRIADIMEFON"	          6                      32863.66
"TRIBUTYLTIN NEODECANOATE"	          5                       1144.10
"TRIBUTYLTIN OXIDE"	          30                   148096.25
"TRICHLORO MELAMINE"	          5                       9698.96
"TRICHLORO-S-TRIAZINETRIONE"	          45                 11569640.20
"TRIETHANOLAMINE"	          6                      17594.38
"TRIETHYLENE GLYCOL"	          16                      5955.51
"TRIFLURALIN"	          25                  2168991.93
"TRIFORINE"	          5                      70892.85
"TRIS (HYDROXYMETHYL) NITROMETHANE"	          4                    387557.17
"TRISODIUM PHOSPHATE"	          15                   196742.99
"VEGETABLE OIL"	          7                    217065.46
"WARFARIN"	          7                           7.41
"XYLENE"	          4                      14991.04
"XYLENE RANGE AROMATIC SOLVENT"	          16                     11537.57
"ZINC NAPHTHENATE"	          9                      34181.91
"ZINC PHOSPHIDE"	          7                       4033.57
"ZINC SULFATE"	          7                      26666.22
"ZIRAM"	          8                   2365846.89
	
