"(E)-5-DECENOL"	           4                 4.15
"(E)-5-DECENYL ACETATE"	           4                11.97
"12-BENZISOTHIAZOLIN-3-ONE"	          4           343983.51
"13-DICHLORO-55-DIMETHYLHYDANTOIN"	         34         1116222.29
"13-DICHLORO-5-ETHYL-5-METHYLHYDANTOIN"	          34          425057.18
"1-BROMO-3-CHLORO-55-DIMETHYL HYDANTOIN"	          73         3351876.47
"1-NAPHTHALENEACETAMIDE"	           4                80.40
"22-DIBROMO-3-NITRILOPROPIONAMIDE"	          29           32140.40
"24-D"	          20          234735.78
"24-D 2-ETHYLHEXYL ESTER"	         8            40929.27
"24-D DIMETHYLAMINE SALT"	         55          676837.14
"24-D ISOOCTYL ESTER"	         13           17394.95
"24-DP ISOOCTYL ESTER"	         9             2049.91
"2-(24-DP) DIMETHYLAMINE SALT"	         23            8412.64
"2-(2-(P-(DIISOBUTYL) PHENOXY) ETHOXY) ETHYL DIMETHYLBENZYL AMMONIUM CH"	E          16            1142.61
"2-(3-HYDROXYPROPYL)-HEPTA-METHYL TRISILOXANE ETHOXYLATED ACETATE"	         4            19956.65
"2-METHYL-4-ISOTHIAZOLIN-3-ONE"	           43          120231.29
"3-IODO-2-PROPYNYL BUTYL CARBAMATE"	           14         2036382.59
"44-(2-ETHYL-2-NITROTRIMETHYLENE)DIMORPHOLINE"	          5               298.57
"44-DIMETHYL OXAZOLIDINE"	          4           987409.89
"4-(2-NITROBUTYL)MORPHOLINE"	           5             9638.09
"5-CHLORO-2-METHYL-4-ISOTHIAZOLIN-3-ONE"	           43          339556.45
"ACEPHATE"	           12          281743.40
"ALKYL (50%C12 30%C14 17%C16 3%C18) DIMETHYLBENZYL AMMONIUM CHLORIDE"	        4               266.50
"ALKYL (50%C12 30%C14 17%C16 3%C18) DIMETHYLETHYLBENZYL AMMONIUM CHLORI"	        38            2807.42
"ALKYL (50%C14 40%C12 10%C16) DIMETHYLBENZYL AMMONIUM CHLORIDE"	         220         853942.76
"ALKYL (58%C14 28%C16 14%C12) DIMETHYLBENZYL AMMONIUM CHLORIDE"	         35          146343.79
"ALKYL (60%C14 25%C12 15%C16) DIMETHYLBENZYL AMMONIUM CHLORIDE"	         7             1172.14
"ALKYL (60%C14 30%C16 5%C12 5%C18) DIMETHYLBENZYL AMMONIUM CHLORIDE"	        267         322924.11
"ALKYL (61%C1223%C1411%C162.5%C8 & C102.5%C18) DIMETHYL BENZYL AMMONIUM"	       4             7312.57
"CHLORIDE"	
"ALKYL (67%C12 25%C14 7%C16 1%C8C10C18) DIMETHYLBENZYL AMMONIUM CHLORID"	      7            16751.67
"ALKYL (68%C12 32%C14) DIMETHYLETHYLBENZYL AMMONIUM CHLORIDE"	          247         221421.36
"ALKYL OXY-POLYOXYETHYLENE AND ALKYL PHENYLOXY-POLYOXYETHYLENE"	           4           123590.45
"ALKYL PHENOXY POLY (ETHOXY) ETHANOL"	           7            60126.85
"ALKYLARYL POLY(OXYETHYLENE) GLYCOL"	           10          877100.81
"ALPHA-[PARA-(1133-TRETRAMETHYLBUTYL)PHENYL]-OMEGA-"	       5            92221.25
"HYDROXYPOLY(OXYETHYLENE) PHOSPHATE ESTER"	
"ALUMINUM PHOSPHIDE"	           6           166173.16
"AMITRAZ"	           7             5951.81
"AMMONIUM SULFATE"	           7           127230.20
"ATRAZINE"	           4            90718.77
"AVERMECTIN"	           6             8754.21
"AZADIRACHTIN"	           9             1580.17
"BACILLUS THURINGIENSIS (BERLINER) SUBSP. ISRAELENSIS SEROTYPE H-14"	         8             5893.60
"BACILLUS THURINGIENSIS (BERLINER) SUBSP. KURSTAKI SEROTYPE 3A3B"	        6            32832.20
"BENEFIN"	        17           43611.74
"BENSULIDE"	        7          236328.43
"BETA-PINENE POLYMER"	        6            63380.37
"BIFENTHRIN"	        5            31626.08
"BORAX"	        9             5407.36
"BORIC ACID"	        39         499126.84
"BRODIFACOUM"	        9               30.17
"BROMACIL"	        10           78897.02
"BROMADIOLONE"	        11             581.01
"BROMETHALIN"	        10              94.50
"BRONOPOL"	        9            11320.15
"BUTOXY POLYPROPOXY POLYETHOXY ETHANOLIODINE COMPLEX"	     7             3701.91
"BUTOXY POLYPROPYLENE GLYCOL"	        12           14255.87
"CACODYLIC ACID"	        11            5205.18
"CALCIUM ACID METHANEARSONATE"	        4            22224.01
"CALCIUM CARBONATE"	        5          119052.50
"CALCIUM HYDROXIDE"	        4         4444467.70
"CALCIUM HYPOCHLORITE"	        31        5586031.55
"CANOLA OIL"	        5             6066.65
"CAPRIC ACID"	        6            56124.05
"CAPSICUM OLEORESIN"	        20             252.35
"CAPTAN"	        8          485166.13
"CAPTAN OTHER RELATED"	       8            10800.31
"CARBARYL"	        36         412635.46
"CARBON"	        4          118814.85
"CASTOR OIL"	        8             4350.80
"CHLORINE"	        35      102292703.96
"CHLORINE DIOXIDE"	        7             1306.19
"CHLOROPHACINONE"	        6              127.15
"CHLOROPICRIN"	        9         4619996.27
"CHLOROTHALONIL"	        29        1502401.13
"CHLORPYRIFOS"	        82        1977140.63
"CITRIC ACID"	        12         209158.92
"CLARIFIED HYDROPHOBIC EXTRACT OF NEEM OIL"	        5          107694.03
"CLOPYRALID MONOETHANOLAMINE SALT"	       5            20339.73
"COPPER"	        28         415311.68
"COPPER 8-QUINOLINOLEATE"	        4              454.50
"COPPER AMMONIUM COMPLEX"	        4            30207.97
"COPPER ETHANOLAMINE COMPLEXES MIXED"	       5          183377.04
"COPPER HYDROXIDE"	        12        3217525.46
"COPPER NAPHTHENATE"	        15         235879.60
"COPPER OXIDE (OUS)"	        19        6826234.97
"COPPER OXYCHLORIDE"	        5          122816.42
"COPPER SULFATE (BASIC)"	        16         979032.93
"COPPER SULFATE (PENTAHYDRATE)"	        29        7195365.80
"COPPER TRIETHANOLAMINE COMPLEX"	          4               16.44
"COTTONSEED OIL"	          10         210790.64
"CYANURIC ACID"	          15        2059036.72
"CYFLUTHRIN"	          9           46610.16
"CYPERMETHRIN"	          12          49690.34
"D-ALLETHRIN"	          18           2128.70
"D-TRANS ALLETHRIN"	          53           4186.50
"DAZOMET"	          14         127722.15
"DDVP"	          16          37366.28
"DDVP OTHER RELATED"	         16           2810.93
"DEET"	          34         112523.29
"DEET OTHER RELATED"	         34           4421.33
"DELTAMETHRIN"	          14           3189.03
"DIATOMACEOUS EARTH"	          15          22490.69
"DIAZINON"	          68        1361507.24
"DICAMBA"	          24           6146.65
"DICAMBA DIMETHYLAMINE SALT"	         38          99986.60
"DICHLOBENIL"	          11          16001.18
"DICHLORO-S-TRIAZINETRIONE"	          5            9813.12
"DICLORAN"	          4          126597.43
"DICOFOL"	          6         1139717.17
"DIDECYL DIMETHYL AMMONIUM CHLORIDE"	          194        808597.02
"DIETHYLAMINE SALT OF COCONUT FATTY ACID"	          6            6917.55
"DIETHYLENE GLYCOL"	          6            2663.86
"DIMETHOATE"	          12         366514.12
"DIMETHYL POLY SILOXANE"	          21         142783.73
"DIOCTYL DIMETHYL AMMONIUM CHLORIDE"	          123         41380.81
"DIPHACINONE"	          17              66.20
"DIPROPYL ISOCINCHOMERONATE"	          32           1631.58
"DIQUAT DIBROMIDE"	          12         138832.34
"DISODIUM CYANODITHIOIMIDO CARBONATE"	          10           3212.41
"DISODIUM OCTABORATE TETRAHYDRATE"	          13         531508.73
"DISULFOTON"	          17          93668.67
"DITHIOPYR"	          11           8377.69
"DIURON"	          13        2320155.97
"DODECYL GUANIDINE HYDROCHLORIDE"	          5            3062.09
"DODECYLBENZENE SULFONIC ACID"	          16         124484.39
"EE-810-DODECADIEN-1-OL"	        8            1472.20
"E-8-DODECENYL ACETATE"	          4              131.36
"EDTA TETRASODIUM SALT"	         27           5146.83
"ENDOSULFAN"	          7          175528.66
"ESBIOTHRIN"	          9               81.74
"ESFENVALERATE"	          37          35972.16
"ESSENTIAL OILS"	          5              409.73
"ETHEPHON"	          8          810534.49
"ETHYL ALCOHOL"	         94        6613178.65
"ETHYLENE OXIDE"	         6         7044738.59
"FATTY ACIDS METHYL ESTERS"	        4             1644.00
"FATTY ACIDS MIXED"	        7           17528.25
"FIPRONIL"	         5           19002.47
"FLUAZIFOP-P-BUTYL"	         11          21917.40
"FORMALDEHYDE"	         6          214208.18
"FOSETYL-AL"	         4          354647.10
"FREE FATTY ACIDS AND/OR AMINE SALTS"	         7           27601.48
"GARLIC"	         6             7457.85
"GIBBERELLINS"	         5           51397.93
"GLUFOSINATE-AMMONIUM"	         5             5051.97
"GLUTARALDEHYDE"	         57         686745.13
"GLYPHOSATE"	         8          423982.69
"GLYPHOSATE ISOPROPYLAMINE SALT"	        31       11066931.95
"HEXAHYDRO-135-TRIS (2-HYDROXYETHYL)-S-TRIAZINE"	       12         429642.78
"HYDRAMETHYLNON"	         5             7820.24
"HYDROGEN CHLORIDE"	         65       15009471.07
"HYDROGEN PEROXIDE"	         19        1080477.53
"IBA"	         9              194.49
"IMAZALIL"	         12          17624.25
"IMIDACLOPRID"	         13         157438.43
"IMIPROTHRIN"	         4             4474.77
"IODINE"	         33            8602.78
"IRON PHOSPHATE"	         5             6241.65
"ISOPROPYL ALCOHOL"	         62         672738.75
"ISOXABEN"	         4           19758.14
"LIME-SULFUR"	         8         1331524.40
"LIMONENE"	         20          74439.59
"LINALOOL"	         8           35007.62
"LITHIUM HYPOCHLORITE"	         9           66363.02
"MALATHION"	         31        1124940.09
"MANCOZEB"	         11         827775.77
"MANEB"	         4          852322.72
"MANGANESE SULFATE"	         5             2671.07
"MCPA DIMETHYLAMINE SALT"	        7           89193.44
"MCPP"	         21         189610.59
"MCPP DIMETHYLAMINE SALT"	        46         288716.04
"MCPP-P DIMETHYLAMINE SALT"	        5           60299.15
"MEPIQUAT CHLORIDE"	         4           24810.78
"METALAXYL"	         5             1125.09
"METALDEHYDE"	         26         370315.53
"METALLIC SILVER"	         7              413.85
"METAM-SODIUM"	         11       11268251.33
"METHOMYL"	         8          412775.10
"METHYL BROMIDE"	            6           8490116.83
"METHYL NONYL KETONE"	            19             3980.71
"METHYL NONYL KETONE OTHER RELATED"	           18               203.45
"METHYL SILICONE RESINS"	            7              1784.86
"METHYL SOYATE"	            6            130465.97
"METHYLENE BIS(THIOCYANATE)"	            25            74309.79
"MINERAL OIL"	            15          6048440.63
"MODIFIED PHTHALIC GLYCEROL ALKYD RESIN"	            4           1370360.10
"MSMA"	            17           538069.10
"MUSCALURE"	            7                 20.07
"MYCLOBUTANIL"	            6            307252.95
"N-CYCLOPROPYL-N'-(11-DIMETHYLETHYL)-6-(METHYLTHIO)-135-TRIAZINE-24-DIA"	        4             15861.69
"N-DIALKYL (60%C14 30%C16 5%C12 5%C18) METHYL BENZYL AMMONIUM CHLORIDE"	         13             1967.85
"N-OCTYL BICYCLOHEPTENE DICARBOXIMIDE"	           129            28933.47
"NAA"	            6                153.03
"NABAM"	            19            34073.03
"NALED"	            6            302686.40
"NONANOIC ACID"	            8             75606.14
"NONYL PHENOXY POLY (ETHYLENE OXY) ETHANOL"	            23           463937.61
"NONYL PHENOXY POLYOXYETHYLENE ETHANOL-IODINE COMPLEX"	            10            24063.35
"OCTHILINONE"	            4            775525.57
"OCTYL DECYL DIMETHYL AMMONIUM CHLORIDE"	           123            95086.77
"OCTYL PHENOXY POLY ETHOXY ETHANOL"	            15           495617.62
"OIL OF CITRONELLA"	            15            21853.86
"OLEIC ACID"	            7             26748.79
"ORTHO-BENZYL-PARA-CHLOROPHENOL"	            49           310613.97
"ORTHO-BENZYL-PARA-CHLOROPHENOL POTASSIUM SALT"	           5                651.81
"ORTHO-BENZYL-PARA-CHLOROPHENOL SODIUM SALT"	           6                511.75
"ORTHO-PHENYLPHENOL"	            99            97857.92
"ORTHO-PHENYLPHENOL POTASSIUM SALT"	           4                509.76
"ORTHO-PHENYLPHENOL SODIUM SALT"	           18           189315.49
"ORYZALIN"	            6             37993.39
"OXADIAZON"	            7             59975.63
"OXYFLUORFEN"	            7           1976001.30
"PARA-DICHLOROBENZENE"	            9            882440.23
"PARA-TERT-AMYLPHENOL"	            48            14368.26
"PARA-TERT-AMYLPHENOL POTASSIUM SALT"	           4                349.04
"PCNB"	            11            81777.37
"PENDIMETHALIN"	            5            758475.35
"PERMETHRIN"	           153           276144.25
"PERMETHRIN OTHER RELATED"	           53               298.92
"PEROXYACETIC ACID"	            17           291442.69
"PETROLEUM DISTILLATES"	            37           949403.89
"PETROLEUM DISTILLATES REFINED"	           6            956388.40
"PETROLEUM HYDROCARBONS"	            6           1386948.29
"PETROLEUM OIL PARAFFIN BASED"	           7            464290.73
"PETROLEUM OIL UNCLASSIFIED"	           14         19999867.92
"PHENOTHRIN"	            74            47322.51
"PHENOTHRIN OTHER RELATED"	           10                  1.29
"PHOSPHORIC ACID"	            62          1469880.50
"PINE OIL"	            41         22040518.94
"PIPERONYL BUTOXIDE"	           192           130240.28
"PIPERONYL BUTOXIDE OTHER RELATED"	          176            29096.06
"POLY(METHYLENE-PARA-NONYLPHENOXY)POLYOXYPROPYLENE) PROPANOL"	            5             54203.89
"POLY(OXYETHYLENE) (DIMETHYLIMINO) ETHYLENE (DIMETHYLIMINO) ETHYLENE DI"	IDE         63           312842.65
"POLYALKENE OXIDE MODIFIED HEPTAMETHYL TRISILOXANE"	            5             26122.11
"POLYETHOXY POLYPROPOXY POLYETHOXY ETHANOLIODINE COMPLEX"	         6               4348.57
"POLYOXYETHYLENE MIXED FATTY ACID ESTER"	            4            218868.84
"POLYOXYETHYLENE POLYMER"	            5               8174.32
"POLYOXYETHYLENE POLYPROPOXY PROPANOL"	            4             50619.17
"POLYVINYL POLYMER"	            6               1816.88
"POTASH SOAP"	            10           178663.25
"POTASSIUM DIMETHYL DITHIO CARBAMATE"	            12              5937.28
"POTASSIUM HYDROXIDE"	            4               1461.96
"POTASSIUM N-METHYLDITHIO CARBAMATE"	            10           734766.43
"POTASSIUM NITRATE"	            4               2297.05
"POTASSIUM PEROXYMONOSULFATE"	            17           155576.50
"PRALLETHRIN"	            13                65.44
"PRODIAMINE"	            8             21009.07
"PROMETON"	            16              4966.07
"PROMETRYN"	            4            378893.99
"PROPICONAZOLE"	            8             19490.32
"PROPIONIC ACID"	            7            276706.24
"PROPOXUR"	            34            17844.20
"PROPYLENE GLYCOL"	            20           101418.13
"PUTRESCENT WHOLE EGG SOLIDS"	            6               4810.84
"PYRETHRINS"	           195            41435.65
"PYRIPROXYFEN"	            29            11023.21
"RESMETHRIN"	            44              2444.97
"RESMETHRIN OTHER RELATED"	           11                  4.13
"ROTENONE"	            5                110.63
"ROTENONE OTHER RELATED"	           4                125.72
"S-BIOALLETHRIN"	            5                   5.97
"S-METHOPRENE"	            11            10334.52
"SIDURON"	            4             10015.00
"SILICA AEROGEL"	            12              5075.82
"SILICONE DEFOAMER"	            6                783.99
"SIMAZINE"	            9           1035644.38
"SODIUM BICARBONATE"	            13          4619216.08
"SODIUM BISULFATE"	            19           777078.95
"SODIUM BISULFITE"	         6         4871878.40
"SODIUM BROMIDE"	         44        2506018.32
"SODIUM CACODYLATE"	         11          30189.54
"SODIUM CARBONATE"	         26         935462.75
"SODIUM CHLORATE"	         13        3416768.56
"SODIUM CHLORITE"	         20        1672866.03
"SODIUM DICHLORO-S-TRIAZINETRIONE"	         30        4743628.31
"SODIUM DICHLORO-S-TRIAZINETRIONE DIHYDRATE"	         51        1729368.62
"SODIUM DIMETHYL DITHIO CARBAMATE"	         20          34350.84
"SODIUM DODECYLBENZENE SULFONATE"	         4           43154.06
"SODIUM HYDROXIDE"	         4             3246.84
"SODIUM HYPOCHLORITE"	         87       88926244.71
"SODIUM LAURYL SULFATE"	         4               60.33
"SODIUM METASILICATE"	         8             3913.50
"SODIUM METASILICATE ANHYDROUS"	        8             1032.53
"SODIUM PARA-TERT-AMYLPHENATE"	         6             7283.13
"SODIUM PYRITHIONE"	         4             4159.64
"SODIUM TETRABORATE (PENTAHYDRATE)"	         4              565.26
"SODIUM XYLENE SULFONATE"	         6             9223.40
"SOYBEAN OIL"	         4           67030.81
"STREPTOMYCIN SULFATE"	         4           10971.52
"STRYCHNINE"	         7             4073.24
"SUGAR"	         4             1818.28
"SULFLURAMID"	         7             4886.72
"SULFUR"	         39       60668252.23
"SULFURIC ACID"	         6          318025.09
"TALL OIL ACIDS"	         9           29919.91
"TCMTB"	         19          33592.67
"TERBUTHYLAZINE"	         13             505.29
"TETRACHLORVINPHOS"	         13          21392.47
"TETRAKIS (HYDROXYMETHYL) PHOSPHONIUM SULFATE"	         13          14657.98
"TETRAMETHRIN"	         84            7190.76
"TETRAMETHRIN OTHER RELATED"	        4                    .81
"TETRAPOTASSIUM PYROPHOSPHATE"	         6             4611.70
"THIABENDAZOLE"	         12          25692.39
"THIOPHANATE-METHYL"	         8           92862.99
"THIRAM"	         9          117603.28
"TRALOMETHRIN"	         7           34437.86
"TRIADIMEFON"	         9             3303.27
"TRIBUTYLTIN METHACRYLATE"	         4             2352.32
"TRIBUTYLTIN OXIDE"	         15         150358.03
"TRICHLORO MELAMINE"	         6             6661.25
"TRICHLORO-S-TRIAZINETRIONE"	         33       20175969.65
"TRICLOPYR BUTOXYETHYL ESTER"	        4          125402.54
"TRICLOPYR TRIETHYLAMINE SALT"	        13         121929.81
"TRIETHANOLAMINE"	           9                     84667.59
"TRIETHYLENE GLYCOL"	           4                       7197.58
"TRIFLURALIN"	           35                  1386854.38
"TRISODIUM PHOSPHATE"	           4                     14958.95
"UREA"	           6                     12391.11
"VEGETABLE OIL"	           4                    104808.65
"VINCLOZOLIN"	           4                     32550.68
"WARFARIN"	           6                          6.83
"Z-11-TETRADECEN-1-YL ACETATE"	           4                        119.57
"Z-8-DODECENOL"	           4                         23.06
"Z-8-DODECENYL ACETATE"	           4                       2035.76
"ZINC PHOSPHIDE"	           8                       6428.59
"ZINC SULFATE"	           6                     17044.92
"ZIRAM"	           4                    848273.60
	
