"(E)-5-DECENOL"	        5                 3.83
"(E)-5-DECENYL ACETATE"	        5                18.46
"12-BENZISOTHIAZOLIN-3-ONE"	       5           597988.48
"13-DICHLORO-55-DIMETHYLHYDANTOIN"	      34          424989.51
"13-DICHLORO-5-ETHYL-5-METHYLHYDANTOIN"	       34          162196.18
"1-BROMO-3-CHLORO-55-DIMETHYL HYDANTOIN"	       74         1871643.81
"1-NAPHTHALENEACETAMIDE"	        8                39.09
"22-DIBROMO-3-NITRILOPROPIONAMIDE"	       31           45486.03
"24-D"	       20          198369.23
"24-D 2-ETHYLHEXYL ESTER"	      7            19941.98
"24-D DIMETHYLAMINE SALT"	      50          667624.96
"24-D ISOOCTYL ESTER"	      12           15529.35
"24-DP ISOOCTYL ESTER"	      9               874.80
"2-(24-DP) DIMETHYLAMINE SALT"	      22           16231.42
"2-(2-(P-(DIISOBUTYL) PHENOXY) ETHOXY) ETHYL DIMETHYLBENZYL AMMONIUM CHLORI"	        18              903.93
"2-(3-HYDROXYPROPYL)-HEPTA-METHYL TRISILOXANE ETHOXYLATED ACETATE"	      4            11690.87
"2-METHYL-4-ISOTHIAZOLIN-3-ONE"	        39           42468.47
"3-IODO-2-PROPYNYL BUTYL CARBAMATE"	        11         1359138.95
"44-(2-ETHYL-2-NITROTRIMETHYLENE)DIMORPHOLINE"	       5               513.16
"4-(2-NITROBUTYL)MORPHOLINE"	        5            17602.78
"5-CHLORO-2-METHYL-4-ISOTHIAZOLIN-3-ONE"	        40          121563.37
"ACEPHATE"	        11          378199.65
"ALKYL (50%C12 30%C14 17%C16 3%C18) DIMETHYLBENZYL AMMONIUM CHLORIDE"	     6               328.44
"ALKYL (50%C12 30%C14 17%C16 3%C18) DIMETHYLETHYLBENZYL AMMONIUM CHLORIDE"	     40            2665.06
"ALKYL (50%C14 40%C12 10%C16) DIMETHYLBENZYL AMMONIUM CHLORIDE"	      221         799761.42
"ALKYL (58%C14 28%C16 14%C12) DIMETHYLBENZYL AMMONIUM CHLORIDE"	      39          121138.18
"ALKYL (60%C14 25%C12 15%C16) DIMETHYLBENZYL AMMONIUM CHLORIDE"	      6             1896.26
"ALKYL (60%C14 30%C16 5%C12 5%C18) DIMETHYLBENZYL AMMONIUM CHLORIDE"	     267         319701.12
"ALKYL (61%C1223%C1411%C162.5%C8 & C102.5%C18) DIMETHYL BENZYL AMMONIUM"	    4             7641.72
"CHLORIDE"	
"ALKYL (67%C12 25%C14 7%C16 1%C8C10C18) DIMETHYLBENZYL AMMONIUM CHLORIDE"	   6            11450.90
"ALKYL (68%C12 32%C14) DIMETHYLETHYLBENZYL AMMONIUM CHLORIDE"	       244         215755.56
"ALKYL (98%C12 2%C14) DIMETHYL 1-NAPHTHYLMETHYL AMMONIUM CHLORIDE"	       4               188.30
"ALKYL OXY-POLYOXYETHYLENE AND ALKYL PHENYLOXY-POLYOXYETHYLENE"	        4           116001.06
"ALKYL PHENOXY POLY (ETHOXY) ETHANOL"	        6            70925.67
"ALKYLARYL POLY(OXYETHYLENE) GLYCOL"	        11          885775.16
"ALKYLARYL POLYOXYETHYLENE ETHER"	        4           119866.82
"ALLETHRIN"	        4                43.29
"ALLETHRIN OTHER RELATED"	       5                 1.90
"ALPHA-[PARA-(1133-TRETRAMETHYLBUTYL)PHENYL]-OMEGA-"	    5            97600.06
"HYDROXYPOLY(OXYETHYLENE) PHOSPHATE ESTER"	
"ALUMINUM PHOSPHIDE"	        5           136221.54
"AMITRAZ"	        5             5028.01
"AMMONIUM SULFATE"	        7           295863.91
"ARSENIC ACID"	        4           621342.49
"ATRAZINE"	        4            99902.51
"AVERMECTIN"	      6           10901.57
"AZADIRACHTIN"	      8             1861.12
"BACILLUS THURINGIENSIS (BERLINER) SUBSP. ISRAELENSIS SEROTYPE H-14"	    7             4116.30
"BACILLUS THURINGIENSIS (BERLINER) SUBSP. KURSTAKI SEROTYPE 3A3B"	   6             9386.76
"BENEFIN"	      20          49744.08
"BENSULIDE"	      7          313074.53
"BORAX"	      11         222718.09
"BORIC ACID"	      42         537711.49
"BRODIFACOUM"	      10              28.77
"BROMACIL"	      11         106940.83
"BROMADIOLONE"	      10             638.45
"BROMETHALIN"	      13              72.50
"BRONOPOL"	      9           22822.78
"BUTOXY POLYPROPOXY POLYETHOXY ETHANOLIODINE COMPLEX"	   6             4782.30
"BUTOXY POLYPROPYLENE GLYCOL"	      12          35655.84
"CACODYLIC ACID"	      11          18759.26
"CALCIUM ACID METHANEARSONATE"	      4           57012.42
"CALCIUM CARBONATE"	      4          123129.00
"CALCIUM HYDROXIDE"	      4         4132688.00
"CALCIUM HYPOCHLORITE"	      30        7320640.04
"CANOLA OIL"	      5              102.95
"CAPRIC ACID"	      5           59101.92
"CAPSICUM OLEORESIN"	      20             455.38
"CAPTAN"	      10         777053.52
"CAPTAN OTHER RELATED"	     10          17323.35
"CARBARYL"	      43         563604.51
"CARBON"	      4           26812.24
"CASTOR OIL"	      12            5203.53
"CHLORINE"	      42       91893152.03
"CHLORINE DIOXIDE"	      6           13876.46
"CHLOROPHACINONE"	      7              127.58
"CHLOROPICRIN"	      7         4481296.18
"CHLOROTHALONIL"	      31        1574572.04
"CHLORPYRIFOS"	      112       2347494.46
"CHLORTHAL-DIMETHYL"	      4           24343.00
"CITRIC ACID"	      12         238845.76
"COPPER"	      27         574492.10
"COPPER 8-QUINOLINOLEATE"	      6             1747.46
"COPPER AMMONIUM COMPLEX"	      4           15762.72
"COPPER ETHANOLAMINE COMPLEXES MIXED"	     4           61242.28
"COPPER HYDROXIDE"	      12        3919448.66
"COPPER NAPHTHENATE"	      17         868072.81
"COPPER OXIDE (OUS)"	      18        1569749.76
"COPPER OXYCHLORIDE"	      5          170535.04
"COPPER SULFATE (BASIC)"	      18         993882.55
"COPPER SULFATE (PENTAHYDRATE)"	       32        7317636.25
"COPPER TRIETHANOLAMINE COMPLEX"	       6              553.68
"CORN GLUTEN MEAL"	       5           81154.51
"COTTONSEED OIL"	       10         236769.39
"CYANURIC ACID"	       16        1609657.54
"CYFLUTHRIN"	       9           47338.34
"CYPERMETHRIN"	       9           50435.77
"D-ALLETHRIN"	       22           2501.15
"D-TRANS ALLETHRIN"	       65           3147.55
"DAZOMET"	       14         274562.09
"DDVP"	       18          27056.97
"DDVP OTHER RELATED"	      18           2040.25
"DEET"	       37          73512.10
"DEET OTHER RELATED"	      37           3554.78
"DELTAMETHRIN"	       8            8325.83
"DIATOMACEOUS EARTH"	       12          10497.16
"DIAZINON"	       77        1430665.09
"DICAMBA"	       26           7120.16
"DICAMBA DIMETHYLAMINE SALT"	      39          64278.25
"DICHLOBENIL"	       10           3599.43
"DICHLORO-S-TRIAZINETRIONE"	       5            8487.66
"DICLORAN"	       4          132676.44
"DICOFOL"	       6         2938316.25
"DIDECYL DIMETHYL AMMONIUM CHLORIDE"	       189        326221.81
"DIETHYLAMINE SALT OF COCONUT FATTY ACID"	       5            6534.17
"DIETHYLENE GLYCOL"	       4            1277.33
"DIMETHOATE"	       13         435836.98
"DIMETHYL POLY SILOXANE"	       20         171418.18
"DIOCTYL DIMETHYL AMMONIUM CHLORIDE"	       117         39242.41
"DIOCTYL SODIUM SULFOSUCCINATE"	       4              463.70
"DIPHACINONE"	       16              80.01
"DIPROPYL ISOCINCHOMERONATE"	       36           3189.86
"DIQUAT DIBROMIDE"	       13         178910.50
"DISODIUM CYANODITHIOIMIDO CARBONATE"	       12           6247.31
"DISODIUM OCTABORATE TETRAHYDRATE"	       11         599614.62
"DISULFOTON"	       19         141257.13
"DITHIOPYR"	       9           22359.14
"DIURON"	       14        2124228.01
"DODECYL GUANIDINE HYDROCHLORIDE"	       5            1146.32
"DODECYLBENZENE SULFONIC ACID"	       15         123529.21
"EE-810-DODECADIEN-1-OL"	     6            1778.81
"EDTA TETRASODIUM SALT"	      29           6325.78
"EMULSIFIABLE A-C POLYETHYLENE"	       4              319.50
"ENDOSULFAN"	       7          182392.44
"EPTC"	       4          590855.13
"ESBIOTHRIN"	      14              56.74
"ESFENVALERATE"	      35          43010.73
"ESSENTIAL OILS"	      7              574.96
"ETHEPHON"	      10         691071.66
"ETHYL ALCOHOL"	      90        4190479.43
"ETHYLENE OXIDE"	      5         2924807.94
"FATTY ACIDS MIXED"	     6           13144.70
"FENOXYCARB"	      5              154.84
"FENVALERATE"	      5               44.03
"FIPRONIL"	      6             1856.51
"FLUAZIFOP-P-BUTYL"	      11          28258.85
"FORMALDEHYDE"	      6          120516.66
"FREE FATTY ACIDS AND/OR AMINE SALTS"	      5           31465.40
"GARLIC"	      10          15601.56
"GIBBERELLINS"	      5           31895.78
"GLUFOSINATE-AMMONIUM"	      5                    .32
"GLUTARALDEHYDE"	      60        1157260.06
"GLYPHOSATE"	      8          105403.29
"GLYPHOSATE ISOPROPYLAMINE SALT"	     25       10724921.62
"HEXAHYDRO-135-TRIS (2-HYDROXYETHYL)-S-TRIAZINE"	    11          68237.96
"HYDRAMETHYLNON"	      4             9958.97
"HYDROGEN CHLORIDE"	      64       18766861.51
"HYDROGEN PEROXIDE"	      16         808660.65
"HYDROPRENE"	      4             2590.90
"IBA"	      9              209.15
"IMAZALIL"	      11         645297.29
"IMIDACLOPRID"	      12         245757.80
"IMIPROTHRIN"	      4             4490.69
"IODINE"	      34            8770.57
"IRON PHOSPHATE"	      5             5423.93
"ISOPROPYL ALCOHOL"	      66         472465.63
"ISOXABEN"	      4           19133.93
"LIME-SULFUR"	      10        1507311.81
"LIMONENE"	      19          69151.33
"LINALOOL"	      8           27435.59
"LINDANE"	      4             1597.75
"LITHIUM HYPOCHLORITE"	      6           49221.43
"MALATHION"	      30        1054078.22
"MANCOZEB"	      11        4007712.44
"MANGANESE SULFATE"	      5             2585.88
"MCPA"	      5             1049.32
"MCPA DIMETHYLAMINE SALT"	     10          85364.36
"MCPP"	      22         155321.24
"MCPP DIMETHYLAMINE SALT"	     46         208287.11
"MCPP-P DIMETHYLAMINE SALT"	     4             3194.00
"MEPIQUAT CHLORIDE"	    4            29347.26
"METALAXYL"	    5              6809.50
"METALDEHYDE"	    26          534178.49
"METALLIC SILVER"	    9               555.67
"METAM-SODIUM"	    11        14310753.48
"METHOMYL"	    10          665029.53
"METHOPRENE"	    4                     .09
"METHYL ANTHRANILATE"	    4              2254.85
"METHYL BROMIDE"	    6         15005053.75
"METHYL NONYL KETONE"	    20             6595.15
"METHYL NONYL KETONE OTHER RELATED"	   18              342.66
"METHYL SILICONE RESINS"	    7               137.36
"METHYL SOYATE"	    4           131241.91
"METHYLENE BIS(THIOCYANATE)"	    26           95734.40
"MINERAL OIL"	    13         5004259.54
"MODIFIED PHTHALIC GLYCEROL ALKYD RESIN"	    4          2299915.81
"MSMA"	    16          340068.27
"MUSCALURE"	    9                13.86
"MYCLOBUTANIL"	    6           182757.63
"N-DIALKYL (60%C14 30%C16 5%C12 5%C18) METHYL BENZYL AMMONIUM CHLORIDE"	 13           10048.76
"N-OCTYL BICYCLOHEPTENE DICARBOXIMIDE"	    143          58957.11
"NAA"	    7               175.65
"NABAM"	    19           31290.78
"NALED"	    5           320301.10
"NAPROPAMIDE"	    4           134485.64
"NONANOIC ACID"	    7            85100.77
"NONYL PHENOXY POLY (ETHYLENE OXY) ETHANOL"	    23          388489.69
"NONYL PHENOXY POLYOXYETHYLENE ETHANOL-IODINE COMPLEX"	    11           29784.49
"OCTYL DECYL DIMETHYL AMMONIUM CHLORIDE"	    117          90268.48
"OCTYL PHENOXY POLY ETHOXY ETHANOL"	    15          786991.01
"OIL OF CITRONELLA"	    20           31062.13
"OLEIC ACID"	    7            30096.81
"ORTHO-BENZYL-PARA-CHLOROPHENOL"	    52           35102.93
"ORTHO-BENZYL-PARA-CHLOROPHENOL POTASSIUM SALT"	   5              1372.66
"ORTHO-BENZYL-PARA-CHLOROPHENOL SODIUM SALT"	   6               222.65
"ORTHO-PHENYLPHENOL"	    101         145061.82
"ORTHO-PHENYLPHENOL POTASSIUM SALT"	   5              1075.23
"ORTHO-PHENYLPHENOL SODIUM SALT"	   19          223605.24
"ORYZALIN"	    6           405709.93
"OXADIAZON"	    6            49645.94
"OXYFLUORFEN"	    7          7386819.10
"PARA-DICHLOROBENZENE"	    8           780262.30
"PARA-TERT-AMYLPHENOL"	    55           27078.13
"PARA-TERT-AMYLPHENOL POTASSIUM SALT"	   4               735.05
"PCNB"	    10          112178.40
"PENDIMETHALIN"	         5            704994.15
"PERMETHRIN"	        159           437900.96
"PERMETHRIN OTHER RELATED"	        57               372.37
"PEROXYACETIC ACID"	         15           230694.85
"PETROLEUM DISTILLATES"	         46          4277226.26
"PETROLEUM DISTILLATES REFINED"	        6           2051509.35
"PETROLEUM HYDROCARBONS"	         6            742949.19
"PETROLEUM OIL PARAFFIN BASED"	        6            473915.59
"PETROLEUM OIL UNCLASSIFIED"	        15         23944510.37
"PHENOTHRIN"	         87            28341.32
"PHENOTHRIN OTHER RELATED"	        11                     .76
"PHOSMET"	         4            696555.48
"PHOSPHORIC ACID"	         59          1530171.04
"PINE OIL"	         46          2291383.87
"PIPERONYL BUTOXIDE"	        211           164268.15
"PIPERONYL BUTOXIDE OTHER RELATED"	       195            37155.27
"POLY(METHYLENE-PARA-NONYLPHENOXY)POLYOXYPROPYLENE) PROPANOL"	         4             21272.04
"POLY(OXYETHYLENE) (DIMETHYLIMINO) ETHYLENE (DIMETHYLIMINO) ETHYLENE DICHLO"	         61           469238.73
"POLYACRYLAMIDE POLYMER"	         4               4380.95
"POLYALKENE OXIDE MODIFIED HEPTAMETHYL TRISILOXANE"	         4             13914.50
"POLYETHOXY POLYPROPOXY POLYETHOXY ETHANOLIODINE COMPLEX"	      7               5814.32
"POLYHEXAMETHYLENE BIGUANIDINE"	         4             27178.71
"POLYOXYETHYLENE MIXED FATTY ACID ESTER"	         4             81317.32
"POLYOXYETHYLENE POLYMER"	         4             10212.57
"POLYOXYETHYLENE POLYPROPOXY PROPANOL"	         4             56183.92
"POLYVINYL POLYMER"	         6                347.74
"POTASH SOAP"	         12           229703.42
"POTASSIUM DIMETHYL DITHIO CARBAMATE"	         13            34444.25
"POTASSIUM N-METHYLDITHIO CARBAMATE"	         13            18058.04
"POTASSIUM NITRATE"	         4             12503.34
"POTASSIUM PEROXYMONOSULFATE"	         19           166905.63
"PRALLETHRIN"	         11               118.32
"PRODIAMINE"	         8             29286.19
"PROMETON"	         16            20283.56
"PROMETRYN"	         4            454868.01
"PROPICONAZOLE"	         8             19430.01
"PROPIONIC ACID"	         7            236824.58
"PROPOXUR"	         38              5573.02
"PROPYLENE GLYCOL"	         18           108466.83
"PUTRESCENT WHOLE EGG SOLIDS"	         7               5837.60
"PYRETHRINS"	        207            44419.55
"PYRIPROXYFEN"	         27            13134.24
"RESMETHRIN"	         58              2398.15
"RESMETHRIN OTHER RELATED"	        16                41.85
"ROTENONE"	         7                498.74
"ROTENONE OTHER RELATED"	    6              521.04
"S-BIOALLETHRIN"	     7                 9.20
"S-METHOPRENE"	     12            3601.37
"SILICA AEROGEL"	     13            3527.55
"SILICONE DEFOAMER"	     5              740.54
"SIMAZINE"	     9         1194901.92
"SODIUM BICARBONATE"	     14        2061635.28
"SODIUM BISULFATE"	     18         870269.92
"SODIUM BISULFITE"	     7          582340.91
"SODIUM BROMIDE"	     38        3748755.00
"SODIUM CACODYLATE"	     11         108763.52
"SODIUM CARBONATE"	     28        1195805.84
"SODIUM CHLORATE"	     15        3064910.05
"SODIUM CHLORIDE"	     5             5877.81
"SODIUM CHLORITE"	     18        1334963.99
"SODIUM DICHLORO-S-TRIAZINETRIONE"	     32        3208489.28
"SODIUM DICHLORO-S-TRIAZINETRIONE DIHYDRATE"	     45        2353921.98
"SODIUM DIMETHYL DITHIO CARBAMATE"	     20           31819.69
"SODIUM DODECYLBENZENE SULFONATE"	     4            45680.49
"SODIUM HYDROXIDE"	     4            12998.58
"SODIUM HYPOCHLORITE"	     94      101376094.98
"SODIUM LAURYL SULFATE"	     8                 2.27
"SODIUM METASILICATE"	     10            4096.27
"SODIUM METASILICATE ANHYDROUS"	    9             1039.57
"SODIUM PARA-TERT-AMYLPHENATE"	     6             6924.58
"SODIUM PYRITHIONE"	     4             5347.12
"SODIUM XYLENE SULFONATE"	     5             8712.22
"SOYBEAN OIL"	     6            68118.08
"STRYCHNINE"	     7             4655.90
"SUGAR"	     4             1411.20
"SULFLURAMID"	     9             2661.73
"SULFUR"	     39       76726287.81
"SULFURIC ACID"	     4          305744.70
"TALL OIL ACIDS"	     7            21369.04
"TAU-FLUVALINATE"	     4             1611.95
"TCMTB"	     19           36850.99
"TERBUTHYLAZINE"	     14            3217.92
"TETRACHLORVINPHOS"	     16           32096.76
"TETRAKIS (HYDROXYMETHYL) PHOSPHONIUM SULFATE"	     9            27969.85
"TETRAMETHRIN"	     91            8199.58
"TETRAMETHRIN OTHER RELATED"	    4                 3.40
"TETRAPOTASSIUM PYROPHOSPHATE"	     5             4356.11
"THIABENDAZOLE"	     12           29259.34
"THIOPHANATE-METHYL"	     9          107703.77
"THIRAM"	     14         135457.25
"TRALOMETHRIN"	          6                       1923.71
"TRIADIMEFON"	          10                      6034.81
"TRIBUTYLTIN METHACRYLATE"	          4                       7609.24
"TRIBUTYLTIN OXIDE"	          17                    19737.85
"TRICHLORFON"	          4                     13100.15
"TRICHLORO MELAMINE"	          5                       4116.33
"TRICHLORO-S-TRIAZINETRIONE"	          33                 22611162.04
"TRICLOPYR BUTOXYETHYL ESTER"	         4                    150034.95
"TRICLOPYR TRIETHYLAMINE SALT"	         11                   145608.81
"TRIETHANOLAMINE"	          8                     66280.30
"TRIETHYLENE GLYCOL"	          4                       2936.07
"TRIFLURALIN"	          37                  4780656.36
"TRISODIUM PHOSPHATE"	          4                     17471.97
"UREA"	          5                     31210.92
"VINCLOZOLIN"	          4                     42028.38
"WARFARIN"	          7                           7.28
"ZINC PHOSPHIDE"	          8                       3948.73
"ZINC SULFATE"	          6                     19481.06
"ZIRAM"	          4                   1122570.34
	
