"(E)-4-TRIDECEN-1-YL-ACETATE"	          2                     .60
"(E)-5-DECENOL"	          3                     .28
"(E)-5-DECENYL ACETATE"	          4                 1.30
"(EE)-9 11-TETRADECADIEN-1-YL ACETATE"	        4                     .04
"(EZ)-79-DODECADIEN-1-YL ACETATE"	        1               273.87
"(S)-CYPERMETHRIN"	          3            30143.81
"(S)-KINOPRENE"	          1               261.07
"(S)-VERBENONE"	          1              1360.46
"(Z)-11-HEXADECEN-1-YL ACETATE"	          1                     .08
"(Z)-4-TRIDECEN-1-YL-ACETATE"	          2                     .02
"(Z)-9-DODECENYL ACETATE"	          1                     .37
"(ZZ)-1113-HEXADECADIENAL"	        1                 3.80
"12-BENZISOTHIAZOLIN-3-ONE"	        10           148559.53
"12-DIBROMO-24-DICYANOBUTANE"	        2              2288.82
"13-BIS(HYDROXYMETHYL)-55-DIMETHYL HYDANTOIN"	        2            50365.34
"13-DIBROMO-55-DIMETHYLHYDANTOIN"	        7            44690.45
"13-DICHLORO-55-DIMETHYLHYDANTOIN"	       25           251687.81
"13-DICHLORO-5-ETHYL-5-METHYLHYDANTOIN"	        25            92164.48
"13-DICHLOROPROPENE"	         3         10533492.13
"14-DIMETHYLNAPHTHALENE"	         1              2449.43
"17-DIOXASPIRO-(55)-UNDECANE"	        1                     .00
"1-(2-HYDROXYETHYL)-2-ALKYL-2-IMIDAZOLINE ALKYL DERIVED FROM TALL OIL F"	         1               218.01
"ACIDS"	
"1-(3-CHLOROALLYL)-357-TRIAZA-1-AZONIA ADAMANTANE CHLORIDE"	        2            21696.00
"1-BROMO-3-CHLORO-55-DIMETHYL HYDANTOIN"	        63          1281577.61
"1-METHYLCYCLOPROPENE"	          3                 2.44
"1-NAPHTHALENEACETAMIDE"	          2                49.17
"1-OCTEN-3-OL"	         11               195.22
"1010'-OXYBISPHENOXYARSINE"	         1               619.32
"22'-(1-METHYLTRIMETHYLENEDIOXY)BIS-(4-METHYL-132-DIOXABORINANE)"	       1              9651.74
"22'-OXYBIS (446-TRIMETHYL-132-DIOXABORINANE)"	     1              3912.09
"22-DIBROMO-3-NITRILOPROPIONAMIDE"	        31           193302.49
"24-D"	        21           128277.23
"24-D 2-ETHYLHEXYL ESTER"	       10            64444.45
"24-D BUTOXYETHANOL ESTER"	        6              5385.05
"24-D DIETHANOLAMINE SALT"	        2              6752.72
"24-D DIMETHYLAMINE SALT"	       47           911324.21
"24-D ISOOCTYL ESTER"	       14            61986.03
"24-D ISOPROPYL ESTER"	        2            13823.26
"24-D TRIISOPROPANOLAMINE SALT"	        3              2988.55
"24-D TRIISOPROPYLAMINE SALT"	        1              2861.13
"24-DP ISOOCTYL ESTER"	        1                 9.29
"24-DP-P DIMETHYLAMINE SALT"	       16              6818.35
"24-DP-P ISOOCTYL ESTER"	        5                24.57
"24-XYLENOL"	         1                23.60
"2-((HYDROXYMETHYL)AMINO) ETHANOL"	        2           765237.49
"2-(24-DP) DIMETHYLAMINE SALT"	     10               947.23
"2-(2-(P-(DIISOBUTYL) PHENOXY) ETHOXY) ETHYL DIMETHYLBENZYL AMMONIUM"	       12             7000.09
"CHLORIDE"	
"2-(3-HYDROXYPROPYL)-HEPTA-METHYL TRISILOXANE ETHOXYLATED ACETATE"	      2           101038.77
"2-BUTOXYETHANOL"	        6             6422.81
"2-METHYL-1-BUTANOL"	        1               156.84
"2-METHYL-4-ISOTHIAZOLIN-3-ONE"	       44            20559.18
"37-DIMETHYL-6-OCTEN-1-OL"	       1               158.98
"3-(TRIHYDROXYSILYL) PROPYL DIMETHYL OCTADECYL AMMONIUM CHLORIDE"	        6               630.86
"3-(TRIMETHOXYSILYL) PROPYLDIMETHYLOCTADECYL AMMONIUM CHLORIDE"	        8               136.62
"3-CHLORO-P-TOLUIDINE HYDROCHLORIDE"	        1                     .16
"3-IODO-2-PROPYNYL BUTYLCARBAMATE"	       21           255307.63
"44-(2-ETHYL-2-NITROTRIMETHYLENE)DIMORPHOLINE"	       7               195.80
"44-DIMETHYL OXAZOLIDINE"	       4            33331.88
"45-DICHLORO-2-N-OCTYL-3(2H)-ISOTHIAZOLONE"	       6            20606.90
"4-(24-DB) DIMETHYLAMINE SALT"	      3            72284.22
"4-(2-NITROBUTYL)MORPHOLINE"	        7             3466.51
"4-AMINOPYRIDINE"	        1                 9.56
"4-CHLORO-35-XYLENOL"	       2             7077.23
"4-NONYLPHENOL FORMALDEHYDE RESIN PROPOXYLATED"	     11           197762.94
"55-DIMETHYLHYDANTOIN"	       4            63702.19
"5-CHLORO-2-(24-DICHLOROPHENOXY) PHENOL"	       2                17.32
"5-CHLORO-2-METHYL-4-ISOTHIAZOLIN-3-ONE"	       44            44887.44
"5-HYDROXY METHOXY METHYL-1-AZA-37-DIOXABICYCLO (3.3.0) OCTANE"	       1             1976.00
"5-HYDROXYMETHYL-1-AZA-37-DIOXABICYCLO (3.3.0) OCTANE"	       1             3556.80
"5-HYDROXYPOLY (METHYLENEOXY) (74%C2 21%C3 4%C4 1%C5) METHYL-1-AZA-37-"	    1               642.20
"DIOXABICYCLO (3.3.0) OCTANE"	
"ABAMECTIN"	       28            32976.77
"ABAMECTIN OTHER RELATED"	       1                     .01
"ACEPHATE"	       20           246668.78
"ACEQUINOCYL"	        2             6928.19
"ACETAMIPRID"	        5            43917.42
"ACETIC ACID"	        7             1348.41
"ACIBENZOLAR-S-METHYL"	        1             2110.00
"ACID BLUE 9 DIAMMONIUM SALT"	       2            20678.45
"ACROLEIN"	        1           996798.34
"ACRYLAMIDE/SODIUM ACRYLATE COPOLYMER"	        2             1972.98
"ACRYLIC ACID"	        1            12322.49
"AGROBACTERIUM RADIOBACTER"	        1             1068.71
"AGROBACTERIUM RADIOBACTER STRAIN K1026"	       1                 7.48
"ALACHLOR"	        1             9590.33
"ALCOHOLS C12-C14 ALIPHATIC"	      1             1776.91
"ALCOHOLS C4-C12 NORMAL"	      2               656.37
"ALDICARB"	        1             1966.50
"ALKYL (50%C12 30%C14 17%C16 3%C18) DIMETHYLBENZYL AMMONIUM CHLORIDE"	     3               138.24
"ALKYL (50%C12 30%C14 17%C16 3%C18) DIMETHYLETHYLBENZYL AMMONIUM"	       30               635.59
"CHLORIDE"	
"ALKYL (50%C14 40%C12 10%C16) DIMETHYLBENZYL AMMONIUM CHLORIDE"	        265         1403597.58
"ALKYL (50%C14 40%C12 10%C16) DIMETHYLBENZYL AMMONIUM SACCHARINATE"	         9               553.10
"ALKYL (58%C14 28%C16 14%C12) DIMETHYLBENZYL AMMONIUM CHLORIDE"	        18            30171.60
"ALKYL (60%C14 30%C16 5%C12 5%C18) DIMETHYLBENZYL AMMONIUM CHLORIDE"	       286          371372.78
"ALKYL (61%C1223%C1411%C162.5%C8 & C102.5%C18) DIMETHYL BENZYL AMMONIUM"	       4             7594.37
"CHLORIDE"	
"ALKYL (67%C12 25%C14 7%C16 1%C8C10C18) DIMETHYLBENZYL AMMONIUM CHLORID"	     10             6860.37
"ALKYL (68%C12 32%C14) DIMETHYLETHYLBENZYL AMMONIUM CHLORIDE"	         272          327554.83
"ALKYL (95%C14 3%C12 2%C16) DIMETHYL BENZYL AMMONIUM CHLORIDE"	         3            18063.54
"ALKYL (95%C14 3%C12 2%C16) DIMETHYL BENZYL AMMONIUM CHLORIDE DIHYDRATE"	         4             4131.00
"ALKYL (95%C14 3%C12 2%C16) DIMETHYL BENZYL AMMONIUM CHLORIDE"	         2             1018.50
"MONOHYDRATE"	
"ALKYL (98%C12 2%C14) DIMETHYL 1-NAPHTHYLMETHYL AMMONIUM CHLORIDE"	          1                78.80
"ALKYL (AS IN FATTY ACIDS OF COCONUT OIL) MONOETHANOLAMIDE"	           1               216.29
"ALKYL (C8C10) POLYGLUCOSIDE"	         10           209194.54
"ALKYL (C9-C11) OLIGOMERIC D-GLUCOPYRANOSIDE"	           3             7256.94
"ALKYL(42%C12 26%C18 15%C14 8%C16 5%C10 4%C8)13-PROPYLENEDIAMINE"	     1            40516.05
"ALKYL-13-PROPYLENE DIAMINE ACETATE ALKYL DERIVED FROM COCONUT OIL FATT"	         1           163366.63
"ACIDS"	
"ALLETHRIN"	           1                 5.97
"ALLYL ISOTHIOCYANATE"	           1                     .00
"ALLYLOXYPOLYETHYLENE GLYCOL ACETATE"	           1            13487.51
"ALPHA-(ORTHOPARA-DINONYLPHENYL)-OMEGA-HYDROXYPOLYOXY(ETHYLENE)"	          1             1617.49
"PHOSPHATE"	
"ALPHA-(PARA-DODECYLPHENYL)-OMEGA-HYDROXYPOLY(OXYETHYLENE)"	           4            28068.21
"ALPHA-(PARA-NONYLPHENYL)-OMEGA-HYDROXYPOLY (OXYETHYLENE) SULFATE"	          1                     .17
"AMMONIUM SALT"	
"ALPHA-(PARA-NONYLPHENYL)-OMEGA-HYDROXYPOLY(OXYETHYLENE)"	          39          2201572.16
"ALPHA-(PARA-NONYLPHENYL)-OMEGA-HYDROXYPOLY(OXYETHYLENE) BRANCHED"	          7            24585.55
"ALPHA-(PARA-NONYLPHENYL)-OMEGA-HYDROXYPOLY(OXYETHYLENE) PHOSPHATE"	          6           415081.89
"ESTER"	
"ALPHA-(PARA-TERT-BUTYLPHENYL)-OMEGA-HYDROXYPOLY(OXYETHYLENE) PHOSPHATE"	           2            24538.78
"ALPHA-246-TRIMETHYL-4-NONYLOXY-OMEGA-HYDROXYPOLY(OXYETHYLENE)"	         1             2866.04
"ALPHA-268-TRIMETHYL-4-NONYLOXY-OMEGA-HYDROXYPOLY(OXYETHYLENE)"	         1            27143.53
"ALPHA-ALKYL (C10-C14)-OMEGA-HYDROXYPOLY(OXYETHYLENE)"	           1            11643.70
"ALPHA-ALKYL (C10-C16)-OMEGA-HYDROXYPOLY(OXYETHYLENE)"	           1             1156.25
"ALPHA-ALKYL (C12-C14)-OMEGA-HYDROXYPOLY(OXYETHYLENE)"	           1            85655.25
"ALPHA-ALKYL (C12-C15)-OMEGA-HYDROXYPOLY(OXYETHYLENE) SULFATE SODIUM SA"	          1             6125.33
"ALPHA-ALKYL (C12-C16)-OMEGA-HYDROXYPOLY(OXYETHYLENE)"	           3             1455.10
"ALPHA-ALKYL (C12-C18)-OMEGA-HYDROXYPOLY(OXYETHYLENE) POLY(OXYPROPYLENE"	           1             2325.66
"ALPHA-ALKYL (C8-C18)-OMEGA-HYDROXYPOLY(OXYETHYLENE) POLY(OXYPROPYLENE)"	           1                 2.53
"ALPHA-ALKYL (C9-C11)-OMEGA-HYDROXYPOLY(OXYETHYLENE)"	           9           231994.58
"ALPHA-ALKYL (C9-C16)-OMEGA-HYDROXYPOLY(OXYETHYLENE)"	           3            79880.92
"ALPHA-ALKYL (C9-C18)-OMEGA-HYDROXYPOLY(OXYETHYLENE)"	           1            10310.45
"ALPHA-ALKYL (MIXED)-OMEGA-HYDROXYPOLY (OXYETHYLENE) SULFATE"	           1               692.12
"ALPHA-ALKYLARYL-OMEGA-HYDROXYPOLY(OXYETHYLENE)"	           4            14006.94
"ALPHA-ALKYLARYL-OMEGA-HYDROXYPOLY(OXYETHYLENE) PHOSPHATE"	           2               931.60
"ALPHA-DECYL-OMEGA-HYDROXYPOLY(OXYETHYLENE) PHOSPHATE"	            1               681.04
"ALPHA-ISODECYL-OMEGA-HYDROXYPOLY(OXYETHYLENE) PHOSPHATE"	            1             2344.71
"ALPHA-ISOOCTADECYL-OMEGA-HYDROXYPOLY(OXYETHYLENE)"	            1            17831.00
"ALPHA-OCTYLPHENYL-OMEGA-HYDROXYPOLY(OXYETHYLENE)"	            4             1481.54
"ALPHA-PINENE BETA-PINENE COPOLYMER"	            3           143905.35
"ALPHA-UNDECYL-OMEGA-HYDROXYPOLY(OXYETHYLENE)"	            7           196126.74
"ALPHA-[PARA-(1133-TETRAMETHYLBUTYL)PHENYL]-OMEGA-"	        1                98.91
"HYDROXYPOLY(OXYETHYLENE) PHOSPHATE ESTER"	
"ALPHA-[PARA-(1133-TETRAMETHYLBUTYL)PHENYL]-OMEGA-"	         8           106366.77
"HYDROXYPOLY(OXYETHYLENE)"	
"ALUMINUM PHOSPHIDE"	            6           210487.00
"AMINO ETHOXY VINYL GLYCINE HYDROCHLORIDE"	            1             2225.10
"AMINOPYRALID TRIISOPROPANOLAMINE SALT"	           1            27506.51
"AMITRAZ"	            4             1473.34
"AMMONIUM BICARBONATE"	            2                21.89
"AMMONIUM NITRATE"	            6            94249.89
"AMMONIUM PROPIONATE"	            1            53885.87
"AMMONIUM SULFATE"	           20          1064672.23
"AMYL ACETATE"	            1                80.06
"ANCYMIDOL"	            2                 1.01
"ARSENIC ACID"	            3            15000.00
"ARSENIC PENTOXIDE"	            3           299984.25
"ARSENIC TRIOXIDE"	            1                24.38
"ASPERGILLUS FLAVUS STRAIN AF36"	            1                     .24
"ATRAZINE"	            4            29551.52
"ATRAZINE OTHER RELATED"	           4               613.05
"AZADIRACHTIN"	           16             3864.84
"AZINPHOS-METHYL"	            4             2640.00
"AZOXYSTROBIN"	            4           204760.29
"BACILLUS LICHENIFORMIS SB 3086"	            1                 2.59
"BACILLUS PUMILUS STRAIN QST 2808"	           1             9312.87
"BACILLUS SPHAERICUS SEROTYPE H-5A5B STRAIN 2362"	          3               695.22
"BACILLUS SUBTILIS GB03"	            2                 2.16
"BACILLUS SUBTILIS MBI600"	            2                 2.88
"BACILLUS SUBTILIS VAR. AMYLOLIQUEFACIENS STRAIN FZB24"	            2                 5.00
"BACILLUS THURINGIENSIS (BERLINER) SUBSP. AIZAWAI GC-91 PROTEIN"	          1            22773.04
"BACILLUS THURINGIENSIS (BERLINER) SUBSP. ISRAELENSIS SEROTYPE H-14"	         10            11065.78
"BACILLUS THURINGIENSIS (BERLINER) SUBSP. KURSTAKI STRAIN SA-12"	           2               306.25
"BACILLUS THURINGIENSIS (BERLINER) SUBSP. KURSTAKI SEROTYPE 3A3B"	         4               681.33
"BACILLUS THURINGIENSIS (BERLINER) SUBSP. KURSTAKI STRAIN SA-11"	          1            93982.80
"BACILLUS THURINGIENSIS SUBSPECIES KURSTAKI GENETICALLY ENGINEERED STRA"	           1               864.00
"EG7841 LEPIDOPTERAN ACTIVE TOXIN"	
"BACILLUS THURINGIENSIS SUBSP. AIZAWAI STRAIN ABTS-1857"	          1            42027.66
"BACILLUS THURINGIENSIS SUBSP. ISRAELENSIS STRAIN AM 65-52"	          1             6690.67
"BACILLUS THURINGIENSIS SUBSP. KURSTAKI STRAIN ABTS-351 FERMENTATION SO"	         3           129710.42
"AND SOLUBLES"	
"BACILLUS THURINGIENSIS SUBSP. KURSTAKI STRAIN HD-1"	          1                29.14
"BACTERIAL PROTEASE"	      1                 3.10
"BACTERIOPHAGE ACTIVE AGAINST XANTHOMONAS CAMPESTRIS PV. VESICATORIA AN"	      1                     .00
"PSEUDOMONAS SYRINGAE PV. TOMATO"	
"BALSAM FIR OIL"	      3                60.61
"BARIUM METABORATE"	      1             3648.59
"BEAUVERIA BASSIANA HF 23"	      1                     .03
"BEAUVERIA BASSIANA STRAIN GHA"	      1             1413.34
"BENEFIN"	     10            16579.80
"BENSULFURON METHYL"	      2            37685.40
"BENSULIDE"	      3           325579.82
"BENTAZON SODIUM SALT"	     2             9594.54
"BENTONITE"	      1           159542.40
"BENZOIC ACID"	      1             4906.43
"BENZYLDIETHYL [(26-XYLYLCARBAMOYL)METHYL] AMMONIUM SACCHARIDE"	     3                17.29
"BETA-CYFLUTHRIN"	      4            23552.91
"BETA-PINENE POLYMER"	      8             9290.20
"BIFENAZATE"	      2           101089.23
"BIFENTHRIN"	     36           294563.00
"BIS(TRICHLOROMETHYL) SULFONE"	      1                16.96
"BISPYRIBAC-SODIUM"	      1             4409.39
"BORAX"	     15            36161.39
"BORIC ACID"	     42           741541.17
"BOSCALID"	      1           319559.53
"BRODIFACOUM"	      7                40.61
"BROMACIL"	     15           124415.72
"BROMACIL LITHIUM SALT"	     1             3952.80
"BROMADIOLONE"	     12                62.46
"BROMETHALIN"	     14                58.36
"BROMINE CHLORIDE"	      7            44169.64
"BROMOXYNIL HEPTANOATE"	      2            52995.16
"BROMOXYNIL OCTANOATE"	      4            73237.48
"BRONOPOL"	     15            35389.65
"BUPROFEZIN"	      2           126132.68
"BUTOXY POLYPROPOXY POLYETHOXY ETHANOLIODINE COMPLEX"	   6             4176.95
"BUTOXY POLYPROPYLENE GLYCOL"	     10            32971.74
"BUTYL ALCOHOL"	      4            50421.78
"BUTYL MERCAPTAN"	      2                     .00
"CALCIUM ACETATE"	      1                 1.58
"CALCIUM CARBONATE"	      2           211288.00
"CALCIUM CHLORIDE"	      1             9107.50
"CALCIUM HYDROXIDE"	      3          7604726.00
"CALCIUM HYPOCHLORITE"	     32          8544693.76
"CANOLA OIL"	     12            19954.20
"CAPRIC ACID"	     16            84759.15
"CAPRYLIC ACID"	      2            64300.17
"CAPSICUM OLEORESIN"	    16              514.11
"CAPTAN"	    7           321380.23
"CAPTAN OTHER RELATED"	   7              7243.62
"CARBARYL"	    17          181050.58
"CARBENDAZIM"	    3           144574.81
"CARBO METHOXY ETHER CELLULOSE SODIUM SALT"	   2               313.81
"CARBOFURAN"	    1                 8.54
"CARBON"	    5            26411.81
"CARBON DIOXIDE"	    1           772039.79
"CARBOXIN"	    2               505.93
"CARFENTRAZONE-ETHYL"	    5            23745.18
"CASEIN"	    2            11966.93
"CASTOR OIL"	    2              9408.97
"CASTOR OIL ETHOXYLATE"	    2              9742.02
"CHENOPODIUM AMBROSIODES NEAR AMBROSIODES"	    1            14843.45
"CHITOSAN"	    1               220.11
"CHLORANTRANILIPROLE"	    4            56568.18
"CHLORFENAPYR"	    3              3876.78
"CHLORFLURENOL METHYL ESTER"	   1               496.15
"CHLORHEXIDINE DIACETATE"	    2               287.84
"CHLORHEXIDINE GLUCONATE"	    2                     .16
"CHLORINE"	    16        53204206.86
"CHLORINE DIOXIDE"	    14             7176.65
"CHLORMEQUAT CHLORIDE"	    5              1642.00
"CHLOROPHACINONE"	    7                56.63
"CHLOROPICRIN"	    7          6368948.38
"CHLOROTHALONIL"	    32         1510536.02
"CHLORPROPHAM"	    5              6257.49
"CHLORPYRIFOS"	    20         1630920.02
"CHLORSULFURON"	    4              9763.96
"CHLORTHAL-DIMETHYL"	    1           229307.04
"CHOLECALCIFEROL"	    2                22.96
"CHROMIC ACID"	    3           424835.84
"CINNAMALDEHYDE"	    1                     .11
"CITRIC ACID"	    36          436680.22
"CLARIFIED HYDROPHOBIC EXTRACT OF NEEM OIL"	    14          316636.20
"CLETHODIM"	    11           94617.74
"CLOFENTEZINE"	    1            12199.67
"CLOMAZONE"	    2           151447.50
"CLOPYRALID MONOETHANOLAMINE SALT"	   7            15717.16
"CLOPYRALIDTRIETHYLAMINE SALT"	   3               586.02
"CLOTHIANIDIN"	    5            40935.44
"COCONUT DIETHANOLAMIDE"	    7            33898.54
"COCONUT IMIDAZOLINE SODIUM CARBOXYLATE"	    1               226.90
"CODLING MOTH GRANULOSIS VIRUS"	    1                     .62
"CONIOTHYRIUM MINITANS STRAIN CON/M/91-08"	 1               653.23
"COPPER"	 28          597857.79
"COPPER 8-QUINOLINOLEATE"	 3               121.45
"COPPER AMMONIUM CARBONATE"	 2           461160.25
"COPPER AMMONIUM COMPLEX"	 3            43623.18
"COPPER CARBONATE BASIC"	2            48795.05
"COPPER CITRATE"	 1             1592.54
"COPPER CITRATE CHELATE"	 1               173.63
"COPPER ETHANOLAMINE COMPLEXES MIXED"	6           221880.50
"COPPER ETHYLENEDIAMINE COMPLEX"	 3            29255.61
"COPPER GLUCONATE CHELATE"	 1               173.63
"COPPER HYDROXIDE"	 12         2343793.11
"COPPER NAPHTHENATE"	 16          120145.46
"COPPER OCTANOATE"	 9            13031.85
"COPPER OXIDE (IC)"	 3           169571.35
"COPPER OXIDE (OUS)"	 21          971604.51
"COPPER OXYCHLORIDE"	 8           402978.28
"COPPER SULFATE (BASIC)"	 11         1803840.26
"COPPER SULFATE (PENTAHYDRATE)"	 45         3783301.12
"COPPER TRIETHANOLAMINE COMPLEX"	 6            66880.55
"CORN GLUTEN MEAL"	 1            15135.90
"CORN PRODUCT HYDROLYZED"	1           230298.56
"CORN STEEP LIQUOR"	 1             3529.92
"CORN SYRUP"	 1             4824.04
"COTTONSEED FLOUR"	 2               856.80
"COTTONSEED OIL"	 7            85241.93
"COUMAPHOS"	 2                     .39
"COYOTE URINE"	 1                68.64
"CRYOLITE"	 3           626632.92
"CUPROUS THIOCYANATE"	 4             7051.63
"CYANURIC ACID"	 24         2920950.19
"CYANURIC ACID MONOSODIUM SALT"	4           279209.90
"CYAZOFAMID"	 2             9081.34
"CYCLANILIDE"	 2             1696.06
"CYCLOATE"	 1            41793.46
"CYFLUTHRIN"	 13           16481.78
"CYHALOFOP-BUTYL"	 1            31435.41
"CYMOXANIL"	 2            10488.53
"CYPERMETHRIN"	 21           48866.29
"CYPHENOTHRIN"	 3             1365.87
"CYPRODINIL"	 1           208077.07
"CYROMAZINE"	 4            11830.37
"CYTOKININ"	 2                     .01
"D-ALLETHRIN"	 13            1280.60
"D-TRANS ALLETHRIN"	 15            2192.37
"DAMINOZIDE"	    4              7266.65
"DAZOMET"	   12             42391.86
"DDVP"	    8             24701.03
"DDVP OTHER RELATED"	   8              1653.99
"DEET"	   35            282786.75
"DEET OTHER RELATED"	  10               708.38
"DELTAMETHRIN"	   34              3007.40
"DERIVATED NATURAL POLYMERS"	    1               250.86
"DESMEDIPHAM"	    2              1981.73
"DIALLYL SULFIDES"	    1               975.41
"DIATOMACEOUS EARTH"	   17             64164.91
"DIATOMACEOUS EARTH OTHER RELATED"	   1              1692.24
"DIAZINON"	    5            123133.91
"DICAMBA"	   28             10157.34
"DICAMBA DIMETHYLAMINE SALT"	  36             61429.38
"DICAMBA DIMETHYLAMINE SALT OTHER RELATED"	  1                    .74
"DICAMBA POTASSIUM SALT"	   1             40.78
"DICAMBA SODIUM SALT"	   2             10686.72
"DICHLOBENIL"	    9             32963.04
"DICLORAN"	    1             43334.93
"DICOFOL"	    2             14754.40
"DIDECYL DIMETHYL AMMONIUM BICARBONATE"	    5            134224.35
"DIDECYL DIMETHYL AMMONIUM CARBONATE"	    6            231770.24
"DIDECYL DIMETHYL AMMONIUM CHLORIDE"	   241           375480.86
"DIETHYLENE GLYCOL"	    8            149865.14
"DIETHYLENE GLYCOL MONOETHYL ETHER"	    2                41.74
"DIFENACOUM"	    3                    .05
"DIFENOCONAZOLE"	    2             43031.56
"DIFETHIALONE"	    5                11.46
"DIFLUBENZURON"	    9             33344.40
"DIFLUFENZOPYR SODIUM SALT"	   1              1036.77
"DIGLYCOLAMINE SALT OF 36-DICHLORO-O-ANISIC ACID"	   5             67554.01
"DIHYDRO-5-HEPTYL-2(3H)-FURANONE"	    2                24.89
"DIHYDRO-5-PENTYL-2(3H)-FURANONE"	    2                12.19
"DIIODOMETHYL P-TOLYL SULFONE"	    2             99404.45
"DIKEGULAC SODIUM"	    1              2680.13
"DIMETHENAMID-P"	    3              5829.52
"DIMETHOATE"	    6            270206.65
"DIMETHOMORPH"	    1              4265.87
"DIMETHYL ALKYL TERTIARY AMINES"	    1              5343.08
"DIMETHYL DICOCOALKYL AMMONIUM SALT WITH NAPHTHALENESULFONIC ACID"	   1               663.72
"FORMALDEHYDE CONDENSATE"	
"DIMETHYL SILICONE FLUID EMULSION"	    1              9295.80
"DIMETHYLPOLYSILOXANE"	   24            197956.86
"DINOTEFURAN"	   12              9977.18
"DIOCTYL DIMETHYL AMMONIUM CHLORIDE"	   178         172423.02
"DIPHACINONE"	   15              235.08
"DIPHACINONE SODIUM SALT"	   2               12.55
"DIPHENYLAMINE"	    2            2903.54
"DIPROPYL ISOCINCHOMERONATE"	   25              872.54
"DIPROPYLENE GLYCOL"	    2                9.37
"DIPROPYLENE GLYCOL METHYL ETHER"	    1               52.24
"DIQUAT DIBROMIDE"	   22          193059.81
"DISODIUM CYANODITHIOIMIDO CARBONATE"	    5              792.80
"DISODIUM OCTABORATE ANHYDROUS"	    4            2376.54
"DISODIUM OCTABORATE TETRAHYDRATE"	   28          334608.59
"DISODIUM PHOSPHATE"	    1              192.68
"DISODIUM SALT OF ETHYLENEDIAMINETETRAACETIC ACID DIHYDRATE"	    4           25414.70
"DISULFOTON"	    3            1737.49
"DITHIOPYR"	   24          242883.44
"DIURON"	   19          987632.61
"DODECYL GUANIDINE HYDROCHLORIDE"	    3              764.32
"DODECYLBENZENE SULFONIC ACID"	   15           41931.87
"DODECYLBENZENE SULFONIC ACID CALCIUM SALT"	   1                1.66
"DODINE"	    1            4600.74
"EE-810-DODECADIEN-1-OL"	  7            1750.87
"E-11-TETRADECEN-1-YL ACETATE"	    5               16.42
"E-8-DODECENYL ACETATE"	    7              253.55
"EDTA"	    1            1244.40
"EDTA SODIUM SALT"	   2              207.30
"EDTA TETRASODIUM SALT"	   8            4500.73
"EMAMECTIN BENZOATE"	    1            1717.32
"EMULSIFIABLE METHYLATED VEGETABLE OIL"	    2           60633.14
"ENDOSULFAN"	    3           26653.55
"ENDOTHALL DIPOTASSIUM SALT"	   1           29328.77
"ENDOTHALL MONO [NN-DIMETHYL ALKYLAMINE] SALT"	  2           17777.79
"EPTC"	    2          204997.11
"ESBIOTHRIN"	    5                6.06
"ESFENVALERATE"	   41           45505.21
"ETHALFLURALIN"	    2           63934.56
"ETHEPHON"	   17          768860.83
"ETHOFUMESATE"	    4           15288.02
"ETHOPROP"	    2           11943.69
"ETHYL ALCOHOL"	   78         4088279.41
"ETHYL BUTYLACETYLAMINOPROPIONATE"	    5            5336.51
"ETHYLENE"	    3           29273.69
"ETHYLENE GLYCOL"	    5          150808.86
"ETHYLENE GLYCOL MONOMETHYL ETHER"	    2            5115.99
"ETHYLENE OXIDE"	    6         1519019.51
"ETOFENPROX"	    5           37101.93
"ETOXAZOLE"	 1              44791.55
"EUCALYPTUS OIL"	 3                   5.08
"EUGENOL"	 3                     .90
"FAMOXADONE"	 1               3745.13
"FARNESOL"	 2                 63.67
"FATTY ACIDS DERIVED FROM TALLOW"	 1              34265.58
"FATTY ACIDS C16-C18 AND C18-UNSATURATED METHYL ESTERS"	             422446.80
"FATTY ACIDS METHYL ESTERS"	7              20183.30
"FATTY ACIDS MIXED"	5             104035.88
"FENAMIDONE"	 2              36885.24
"FENARIMOL"	 1               2523.12
"FENBUCONAZOLE"	 1               8335.21
"FENBUTATIN-OXIDE"	 3               7248.67
"FENHEXAMID"	 2             108119.45
"FENOXAPROP-P-ETHYL"	 4              33736.80
"FENOXYCARB"	 1                     .75
"FENPROPATHRIN"	 1              39222.24
"FENPYROXIMATE"	 2              21979.43
"FERRIC SODIUM EDTA"	 3              24002.51
"FERRIC SULFATE (ANHYDROUS)"	 1              20452.20
"FERROUS SULFATE"	 1               1179.86
"FERROUS SULFATE (MONOHYDRATE)"	 2               1282.88
"FIPRONIL"	 12             39632.59
"FISH OIL"	 1               2245.47
"FLONICAMID"	 2              63002.43
"FLUAZIFOP-P-BUTYL"	 6              20490.41
"FLUAZINAM"	 2              22658.37
"FLUBENDIAMIDE"	 2              25404.33
"FLUDIOXONIL"	 1              42823.53
"FLUMIOXAZIN"	 1             128798.36
"FLUOPICOLIDE"	 1              18734.07
"FLUOXASTROBIN"	 1              83.97
"FLURECOL-METHYL"	 1                118.40
"FLURIDONE"	 4               7773.66
"FLUROXYPYR"	 2                 27.83
"FLUROXYPYR 1-METHYLHEPTYL ESTER"	8                925.76
"FLURPRIMIDOL"	 2                 19.26
"FLUTOLANIL"	 4              17598.00
"FOLPET"	 2                 61.27
"FORAMSULFURON"	 2                201.39
"FORCHLORFENURON"	 2                215.61
"FORMALDEHYDE"	 5              14266.69
"FORMETANATE HYDROCHLORIDE"	 1              37168.00
"FORMIC ACID"	 1               8239.13
"FOSETYL-AL"	 8             348020.24
"FOX URINE"	     1               140.76
"FREE FATTY ACIDS AND/OR AMINE SALTS"	    15              5254.73
"GAMMA-CYHALOTHRIN"	     8              1641.78
"GARLIC"	     4               465.18
"GERANIOL"	     3               159.37
"GIBBERELLINS"	     8            52482.13
"GLIOCLADIUM VIRENS GL-21 (SPORES)"	     1              3091.20
"GLUFOSINATE-AMMONIUM"	     3          1299405.43
"GLUTARALDEHYDE"	    45          1281582.73
"GLYCEROL"	     7            16172.25
"GLYCOLIC ACID"	     2            23331.52
"GLYPHOSATE"	     1            13314.27
"GLYPHOSATE DIAMMONIUM SALT"	    1               107.84
"GLYPHOSATE DIMETHYLAMINE SALT"	    1           172569.10
"GLYPHOSATE ISOPROPYLAMINE SALT"	   66         12026399.63
"GLYPHOSATE MONOAMMONIUM SALT"	    3           187141.19
"GLYPHOSATE POTASSIUM SALT"	    3          8617172.88
"HALOSULFURON-METHYL"	     6              4817.69
"HEPTAMETHYLTRISILOXANE ETHOXYLATED"	     4              7776.50
"HEPTAMETHYLTRISILOXANE-13-PROPANEDIOL ETHER ETHOXYLATED PROPOXYLATED"	   5            10091.80
"HEPTYL BUTYRATE"	     1              2812.01
"HEXAFLUMURON"	     1                     .09
"HEXAHYDRO-135-TRIS (2-HYDROXYETHYL)-S-TRIAZINE"	   7            79794.63
"HEXAZINONE"	     2           152119.38
"HEXYLENE GLYCOL"	     1              4569.20
"HEXYTHIAZOX"	     1            49586.99
"HYDRAMETHYLNON"	     7              2936.89
"HYDROGEN CHLORIDE"	    55         31536735.81
"HYDROGEN CYANAMIDE"	     3           561268.76
"HYDROGEN PEROXIDE"	    64          2162466.67
"HYDROPRENE"	     3              1804.84
"HYDROTREATED PARAFFINIC SOLVENT"	     4           134849.50
"HYDROXYMETHYL-55-DIMETHYL HYDANTOIN"	    2            12172.67
"IBA"	    17               262.69
"IMAZALIL"	     8            37827.54
"IMAZALIL SULFATE"	     3              7555.00
"IMAZAMOX AMMONIUM SALT"	    1              5463.01
"IMAZAPIC AMMONIUM SALT"	    1               593.06
"IMAZAPYR"	     2                75.15
"IMAZAPYR ISOPROPYLAMINE SALT"	    9            47156.55
"IMAZETHAPYR AMMONIUM SALT"	    2              7718.61
"IMIDACLOPRID"	    60          1502469.00
"IMIPROTHRIN"	     3              5639.35
"INDAZIFLAM"	     3              9787.85
"INDOLE"	     1               143.48
"INDOXACARB"	 5            46840.67
"IODINE"	 23           15965.66
"IPCONAZOLE"	 2                12.44
"IPRODIONE"	 13          493832.40
"IRON HEDTA"	 6               107.08
"IRON PHOSPHATE"	 13           15518.61
"ISODECYL ALCOHOL"	 1               122.69
"ISOOCTYL PHTHALATE"	 2             5188.17
"ISOPROPYL ALCOHOL"	 57         2651653.23
"ISOPROPYLAMINE DODECYLBENZENE SULFONATE"	 7             3620.35
"ISOXABEN"	 7            36986.34
"KAOLIN"	 3          3266116.15
"KEROSENE"	 2            49477.99
"KRESOXIM-METHYL"	 1            43439.13
"LACTIC ACID"	 9           130877.33
"LACTOSE"	 1            11965.68
"LAMBDA-CYHALOTHRIN"	 27           67457.27
"LAURIC ACID"	 1             5568.48
"LAURYL ALCOHOL"	 3             1452.39
"LAURYL SULFATE"	 1                70.60
"LAVANDULYL SENECIOATE"	 1                99.42
"LECITHIN"	 8           476558.73
"LIGNIN SULFONIC ACID"	 1            12909.92
"LIME"	 1                 8.05
"LIME-SULFUR"	 5           311864.08
"LIMONENE"	 19           79691.23
"LINALOOL"	 8             3690.93
"LINURON"	 2            83903.75
"LITHIUM HYPOCHLORITE"	 12           21616.89
"LOW MOLECULAR WEIGHT PARAFFINIC OIL"	 1             1241.02
"MAGNESIUM CHLORIDE"	 1            10143.01
"MAGNESIUM PHOSPHIDE"	 2            10580.66
"MALATHION"	 15          848605.15
"MALEIC HYDRAZIDE"	 2                 5.41
"MALEIC HYDRAZIDE POTASSIUM SALT"	2            51224.57
"MANCOZEB"	 16         1830214.52
"MANDIPROPAMID"	 1            34576.96
"MANGANESE SULFATE"	 3             1918.23
"MARGOSA OIL"	 1             9740.55
"MCPA"	 2               236.67
"MCPA 2-ETHYL HEXYL ESTER"	4             2856.57
"MCPA DIMETHYLAMINE SALT"	11          417291.97
"MCPA ISOOCTYL ESTER"	4             8876.54
"MCPP"	 7               256.55
"MCPP DIMETHYLAMINE SALT"	9             1254.94
"MCPP POTASSIUM SALT"	 1                   1652.65
"MCPP-P DIMETHYLAMINE SALT"	 32                 26779.80
"MCPP-P POTASSIUM SALT"	 1                   86.26
"MECOPROP-P"	  20                 60678.48
"MEFENOXAM"	  6                 123430.05
"MEFENOXAM OTHER RELATED"	 2                   1051.22
"MEFLUIDIDE DIETHANOLAMINE SALT"	 2                   1388.51
"MENTHOL"	  2                   1849.82
"MEPIQUAT CHLORIDE"	  14                 34029.32
"MESOSULFURON-METHYL"	  1                   2071.50
"META-CRESOL"	  1                      23.75
"METAFLUMIZONE"	  2                     281.61
"METALAXYL"	  8                     480.98
"METALDEHYDE"	  14                270836.73
"METALLIC SILVER"	  23                    487.71
"METAM-SODIUM"	  8            11470097.37
"METARHIZIUM ANISOPLIAE STRAIN F52"	  1                         .44
"METCONAZOLE"	  2                  36125.90
"METHAMIDOPHOS"	  1                2708.77
"METHIDATHION"	  1                  28192.49
"METHIOCARB"	  1                   3613.50
"METHOMYL"	  6                 297899.31
"METHOXYFENOZIDE"	  1                 188828.98
"METHYL ANTHRANILATE"	  5                   4250.47
"METHYL BROMIDE"	  4                4255470.60
"METHYL IODIDE"	  1                   1900.71
"METHYL NONYL KETONE"	  12                  2642.45
"METHYL NONYL KETONE OTHER RELATED"	 7                     109.98
"METHYL PARATHION"	  1                  11704.87
"METHYL PARATHION OTHER RELATED"	 1                     616.05
"METHYL SALICYLATE"	  3                      18.06
"METHYL SILICONE RESINS"	  5                  50400.31
"METHYL-27-DICHLORO-9-HYDROXYFLUORENE-9-CARBOXYLATE"	 1                      90.21
"METHYLATED FATTY ACIDS FROM CANOLA OIL"	  2                   8675.58
"METHYLATED SILICA"	  2                     188.26
"METHYLATED SOYBEAN OIL"	  15               1897830.53
"METHYLENE BIS(THIOCYANATE)"	  12                127765.81
"METOFLUTHRIN"	  1                      18.50
"METOLACHLOR"	  4                 202579.17
"METRAFENONE"	  1                  13983.30
"METRIBUZIN"	  6                  39021.04
"MILBEMECTIN"	  1                       2.33
"MINERAL OIL"	  27           19260697.77
"MODIFIED PHTHALIC GLYCEROL ALKYD RESIN"	  3                 246008.04
"MORPHOLINE"	  2                   2243.30
"MSMA"	             8            86639.48
"MUSCALURE"	            11                84.10
"MYCLOBUTANIL"	            14            87704.51
"MYRISTYL ALCOHOL"	             1               124.61
"MYROTHECIUM VERRUCARIA DRIED FERMENTATION SOLIDS & SOLUBLES STRAIN"	           1            42480.00
"AARC-0255"	
"NN-BIS-(2-(OMEGA-HYDROXYPOLY(OXYETHYLENE)/POLY(OXYPROPYLENE))ETHYL)ALK"	            1            31888.38
"(C8-C18) AMINE"	
"NN-BIS-(2-OMEGA-HYDROXYPOLY(OXYETHYLENE)ETHYL)ALKYLAMINE ALKYL DERIVED"	           8           132807.50
"FROM TALLOW FATTY ACIDS"	
"N-BUTYL-12-BENZISOTHIAZOLIN-3-ONE"	            1             1190.40
"N-CYCLOPROPYL-N'-(11-DIMETHYLETHYL)-6-(METHYLTHIO)-135-TRIAZINE-24-DIA"	         8             4667.16
"N-DIALKYL (60%C14 30%C16 5%C12 5%C18) METHYL BENZYL AMMONIUM CHLORIDE"	         15               174.38
"N-OCTYL BICYCLOHEPTENE DICARBOXIMIDE"	            80            24500.11
"N6-BENZYL ADENINE"	             5               464.48
"NAA"	             6                82.36
"NAA AMMONIUM SALT"	            3             1047.97
"NAA ETHYL ESTER"	            2                87.94
"NAA SODIUM SALT"	            1                31.90
"NABAM"	            11            12327.71
"NALED"	             1           257969.44
"NAPROPAMIDE"	             2            26956.00
"NEROLIDOL"	             1               158.98
"NICARBAZIN"	             1                11.55
"NICOSULFURON"	             5               693.51
"NITHIAZINE"	             1                 2.49
"NONANOIC ACID"	            20           541367.22
"NONANOIC ACID OTHER RELATED"	            2             2437.36
"NONYL PHENOXY POLYOXYETHYLENE ETHANOL-IODINE COMPLEX"	             6            25160.29
"NORFLURAZON"	             2            28225.26
"NOSEMA LOCUSTAE SPORES"	             2                 4.31
"NOVALURON"	             2            29333.40
"NURANONE"	             2                     .00
"OCTHILINONE"	             8            29923.04
"OCTYL DECYL DIMETHYL AMMONIUM CHLORIDE"	            177          337634.07
"OCTYL DODECYL DIMETHYL AMMONIUM CHLORIDE"	             1                     .37
"OIL OF BLACK PEPPER"	             1               747.85
"OIL OF CEDARWOOD"	             6                94.42
"OIL OF CITRONELLA"	            13            18475.39
"OIL OF GERANIUM"	             2                29.44
"OIL OF LEMON EUCALYPTUS"	             3             3504.20
"OIL OF LEMONGRASS"	             1                 5.24
"OIL OF LEMONGRASS"	             5                91.03
"OIL OF PEPPERMINT"	             2                23.59
"OLEIC ACID"	             6             9845.14
"OLEIC ACID ETHYL ESTER"	            1             5767.40
"OLEIC ACID METHYL ESTER"	            2           789999.75
"ORGANO/MODIFIED POLYSILOXANE"	       1                57.98
"ORGANOSILICONE POLY OXYALKYLENE ETHER COPOLYMER"	      5              4207.78
"ORTHO-BENZYL-PARA-CHLOROPHENOL"	      39            13650.74
"ORTHO-BENZYL-PARA-CHLOROPHENOL POTASSIUM SALT"	      6               705.18
"ORTHO-BENZYL-PARA-CHLOROPHENOL SODIUM SALT"	      5                98.44
"ORTHO-PHENYLPHENOL"	      81            29767.17
"ORTHO-PHENYLPHENOL POTASSIUM SALT"	      4               304.16
"ORTHO-PHENYLPHENOL SODIUM SALT"	     15            16273.35
"ORYZALIN"	      17          1276076.60
"OXADIAZON"	       9            25045.14
"OXAMYL"	       1           214745.49
"OXAZOLIDINE E"	       1            15592.19
"OXYDEMETON-METHYL"	       2            23363.56
"OXYDIETHYLENE BIS (ALKYL DIMETHYL AMMONIUM CHLORIDE) ALKYL DERIVED FRO"	      2            86034.92
"COCONUT OIL FATTY ACIDS"	
"OXYFLUORFEN"	      15          1116874.27
"OXYTETRACYCLINE HYDROCHLORIDE"	       3                 1.93
"OXYTETRACYCLINE HYDROCHLORIDE OTHER RELATED"	      2                     .00
"OXYTETRACYCLINE CALCIUM COMPLEX"	      1            15487.92
"P-MENTHANE-38-DIOL"	      1               377.54
"PACLOBUTRAZOL"	      13              3557.94
"PAECILOMYCES LILACINUS STRAIN 251"	       1               853.20
"PANTOEA AGGLOMERANS STRAIN E325 NRRL B-21856"	      1                     .84
"PARA-CHLORO-META-CRESOL"	       1               219.78
"PARA-DICHLOROBENZENE"	       7           544277.21
"PARA-TERT-AMYLPHENOL"	      38              6741.17
"PARA-TERT-AMYLPHENOL POTASSIUM SALT"	      4               208.26
"PARAQUAT DICHLORIDE"	       7          1401793.30
"PCNB"	       7               800.40
"PENDIMETHALIN"	      15          2710591.15
"PENOXSULAM"	       5              8328.68
"PERMETHRIN"	      163          350214.54
"PERMETHRIN OTHER RELATED"	     24              5868.19
"PEROXYACETIC ACID"	      43           598372.89
"PEROXYOCTANOIC ACID"	       1              3955.72
"PETROLEUM DISTILLATES"	      16           326422.05
"PETROLEUM DISTILLATES ALIPHATIC"	      1               109.30
"PETROLEUM DISTILLATES REFINED"	      5          2121171.08
"PETROLEUM NAPHTHENIC OILS"	       1              1275.16
"PETROLEUM OIL PARAFFIN BASED"	     11          1153277.41
"PETROLEUM OIL UNCLASSIFIED"	     13         24590861.79
"PHENMEDIPHAM"	       2              4820.76
"PHENOL"	       1               679.02
"PHENOTHRIN"	      60            20481.46
"PHENYLETHYL PROPIONATE"	       5               237.87
"PHORATE"	      2            82328.00
"PHOSMET"	      2            98783.14
"PHOSPHINE"	      1            15962.17
"PHOSPHORIC ACID"	     58           610946.88
"PHOSPHORIC ACID MONOPOTASSIUM SALT"	     2            60116.87
"PICARIDIN"	      7             6014.66
"PINE OIL"	     22          1929094.13
"PINOXADEN"	      1             4741.39
"PIPERALIN"	      1             1525.71
"PIPERINE"	      1               288.23
"PIPERONYL BUTOXIDE"	     128           88866.38
"PIPERONYL BUTOXIDE OTHER RELATED"	    91            15555.96
"POLY(OXYETHYLENE) (DIMETHYLIMINO) ETHYLENE (DIMETHYLIMINO) ETHYLENE"	     61          1214910.82
"DICHLORIDE"	
"POLY(OXYETHYLENE) POLY(OXYPROPYLENE) GLYCOL MONOALLYL ETHER"	      2            31186.62
"POLY-I-PARA-MENTHENE"	      1           129086.61
"POLYACRYLAMIDE POLYMER"	     12             7471.65
"POLYACRYLAMIDE POLYETHYLENE GLYCOL MIXTURE"	     4             5129.20
"POLYACRYLIC POLYMER"	      2             4191.61
"POLYALKENE OXIDE MODIFIED HEPTAMETHYL TRISILOXANE"	     10            37133.73
"POLYALKYLENEOXIDE MODIFIED POLYDIMETHYL-SILOXANE"	      2             2629.67
"POLYBUTENES"	      7           107078.55
"POLYETHER MODIFIED POLYSILOXANE"	      7            41116.85
"POLYETHOXY POLYPROPOXY POLYETHOXY ETHANOLIODINE COMPLEX"	   4             1872.48
"POLYETHOXYLATED CASTOR OIL"	      2               750.54
"POLYETHYLENE GLYCOL"	      1           208637.86
"POLYETHYLENE GLYCOL DIACETATE"	      1             1226.14
"POLYETHYLENE GLYCOL MONO(3-(TETRAMETHYL-1-"	      3            22295.30
"(TRIMETHYLSILOXY)DISILOXANYL)PROPYL)ETHER"	
"POLYETHYLENE GLYCOL OLEATE"	      1             1537.04
"POLYHEDRAL OCCLUSION BODIES (OB'S) OF THE NUCLEAR POLYHEDROSIS VIRUS O"	      1                58.10
"HELICOVERPA ZEA (CORN EARWORM)"	
"POLYHEXAMETHYLENE BIGUANIDINE"	     10            44025.59
"POLYMERIC TERPENES"	      2            38332.37
"POLYMERIZED PINENE"	      4            24285.09
"POLYOXIN D"	      3             4870.01
"POLYOXYETHYLENE DIOLEATE"	      4             1096.96
"POLYOXYETHYLENE MIXED FATTY ACID ESTER"	      2            39408.97
"POLYOXYETHYLENE POLYOXYPROPYLENE"	      4            75961.04
"POLYOXYETHYLENE SORBITAN MIXED FATTY ACID ESTERS"	      1                 5.33
"POLYOXYETHYLENE SORBITAN MONOOLEATE"	      2            12985.56
"POLYOXYETHYLENE SORBITAN TRIOLEATE"	      2            84180.32
"POLYOXYETHYLENE SORBITOL MIXED ETHER ESTER"	     1           244630.22
"POLYOXYETHYLENE SOYBEAN OIL FATTY ACID ESTER"	      3            73065.16
"POLYPROPYLENE GLYCOL"	      1               263.03
"POLYSACCHARIDE POLYMER"	      1                     .18
"POLYSILOXANE"	      4             3001.45
"POTASH SOAP"	   21           61464.43
"POTASSIUM BICARBONATE"	    5          692419.12
"POTASSIUM CARBONATE"	   10           10191.58
"POTASSIUM DIMETHYL DITHIO CARBAMATE"	    3              396.31
"POTASSIUM HYDROXIDE"	    2            4985.75
"POTASSIUM N-METHYLDITHIOCARBAMATE"	    7         8616839.68
"POTASSIUM NITRATE"	    5           10064.29
"POTASSIUM PEROXYMONOSULFATE"	   31          479245.11
"POTASSIUM PHOSPHATE DIBASIC"	   5            4924.03
"POTASSIUM PHOSPHITE"	   16          303270.92
"POTASSIUM SALT OF HOP BETA ACIDS"	    1              153.12
"POTASSIUM SORBATE"	    1                7.06
"PRALLETHRIN"	   24            1371.98
"PRODIAMINE"	   25           54822.26
"PROHEXADIONE CALCIUM"	    1              198.00
"PROMETON"	    9            2490.09
"PROMETRYN"	    4           91538.25
"PROPAMOCARB HYDROCHLORIDE"	    4          105417.61
"PROPANIL"	    3         2743410.00
"PROPARGITE"	    1          405660.22
"PROPETAMPHOS"	    1               50.66
"PROPICONAZOLE"	   31          105500.09
"PROPIONIC ACID"	   29          530340.17
"PROPOXUR"	   20            2857.13
"PROPYLENE GLYCOL"	   19           66307.38
"PROPYLENE GLYCOL METHYL ETHER"	   1               88.31
"PROPYLENE OXIDE"	    1          809462.00
"PROPYZAMIDE"	    2           65213.45
"PSEUDOMONAS FLUORESCENS STRAIN A506"	   2               62.48
"PSEUDOMONAS SYRINGAE STRAIN ESC-10"	   1              101.03
"PUTRESCENT WHOLE EGG SOLIDS"	    3           15206.79
"PYMETROZINE"	    1            3785.52
"PYRACLOSTROBIN"	    1          190818.62
"PYRAFLUFEN-ETHYL"	    4            1735.31
"PYRETHRINS"	   119          18075.10
"PYRIDABEN"	    3            4012.06
"PYRIDALYL"	    1              829.85
"PYRIMETHANIL"	    5           61432.18
"PYRIPROXYFEN"	   27           18435.29
"PYRITHIOBAC-SODIUM"	    2            1444.89
"QST 713 STRAIN OF DRIED BACILLUS SUBTILIS"	    4           38909.46
"QUILLAJA"	    4            4347.25
"QUINCLORAC"	   16           50985.59
"QUINCLORAC DIMETHYLAMINE SALT"	   1            2904.90
"QUINOXYFEN"	    1           42805.99
"RED CABBAGE COLOR"	 1               520.65
"RESMETHRIN"	 10              136.40
"RESMETHRIN OTHER RELATED"	3                     .54
"REYNOUTRIA SACHALINENSIS"	 3            18964.06
"RIMSULFURON"	 4            21849.40
"ROSEMARY OIL"	 2                42.02
"ROTENONE"	 5                32.80
"ROTENONE OTHER RELATED"	4                51.66
"SSS-TRIBUTYL PHOSPHOROTRITHIOATE"	            51792.05
"S-ABSCISIC ACID"	 1             2633.80
"S-BIOALLETHRIN"	 8                38.80
"S-METHOPRENE"	 24           26463.50
"S-METOLACHLOR"	 3           412132.31
"SABADILLA ALKALOIDS"	 1                24.00
"SAFLUFENACIL"	 1            26503.40
"SALICYLIC AND BENZOIC ESTERS OF PROPYLENE GLYCOL"	 1             3141.75
"SAPONIN"	 1            13132.05
"SESAME OIL"	 1             1361.27
"SETHOXYDIM"	 2            39745.26
"SIDURON"	 4             5568.88
"SILICA AEROGEL"	 5             1763.35
"SILICONE"	 4             1740.90
"SILICONE DEFOAMER"	 8               845.52
"SILVER CHLORIDE"	 2                88.10
"SILVER IODIDE COLLOIDAL"	1                 3.74
"SILVER NITRATE"	 4                35.56
"SILVER IONIC"	7                     .16
"SIMAZINE"	 5           749466.05
"SOAP"	 1                45.70
"SODIUM ALPHA-OLEFIN (C14-C16) SULFONATE"	 1            34776.72
"SODIUM BICARBONATE"	 30         9197629.79
"SODIUM BISULFATE"	 27          786923.69
"SODIUM BISULFITE"	 9           819123.64
"SODIUM BROMIDE"	 51         2277085.96
"SODIUM BROMOSULFAMATE SODIUM CHLOROSULFAMATE POTASSIUM"	            18658.82
"BROMOSULFAMATE POTASSIUM CHLOROSULFAMATE"	
"SODIUM CARBONATE"	 26         1275674.62
"SODIUM CARBONATE PEROXYHYDRATE"	 9           607436.28
"SODIUM CHLORATE"	 9          1107166.03
"SODIUM CHLORIDE"	 3               961.30
"SODIUM CHLORITE"	 29         1631313.86
"SODIUM CYANIDE"	 2             2573.30
"SODIUM DECYL SULFATE"	 1             4485.83
"SODIUM DICHLORO-S-TRIAZINETRIONE"	 43         4018760.46
"SODIUM DICHLORO-S-TRIAZINETRIONE DIHYDRATE"	 60         3297453.36
"SODIUM DIHYDROGEN PHOSPHATE"	   5              902.89
"SODIUM DIISOOCTYLSULFOSUCCINATE"	   4             3290.45
"SODIUM DIMETHYL DITHIO CARBAMATE"	  11           35069.19
"SODIUM DIOCTYLSULFOSUCCINATE"	   1              792.43
"SODIUM DODECYLBENZENE SULFONATE"	   4             9648.68
"SODIUM FLUORIDE"	   1              511.85
"SODIUM HYDROXIDE"	   8             9513.82
"SODIUM HYDROXYMETHYLGLYCINATE"	   1              132.00
"SODIUM HYPOCHLORITE"	  128     190717275.44
"SODIUM LAUROAMPHO ACETATE"	   1             3385.53
"SODIUM LAURYL ETHER SULFATE"	   1             1552.03
"SODIUM LAURYL SULFATE"	   6           40707.68
"SODIUM METABORATE TETRAHYDRATE"	   1           41037.23
"SODIUM NITRATE"	   2          102172.63
"SODIUM PARA-TERT-AMYLPHENATE"	   6             4998.99
"SODIUM PERSULFATE"	   3           14725.50
"SODIUM PHENATE"	   1               26.12
"SODIUM POLYACRYLATE"	   1             1342.14
"SODIUM PYRITHIONE"	   3           82127.75
"SODIUM TETRABORATE (PENTAHYDRATE)"	   8             6770.67
"SODIUM TETRATHIOCARBONATE"	   1          256972.22
"SODIUM XYLENE SULFONATE"	   6             7102.64
"SORBITAN FATTY ACID ESTERS"	   1                1.17
"SORBITAN MONOOLEATE"	   3              600.21
"SORBITAN TRIOLEATE"	   1              340.52
"SORBITOL"	   2             6196.07
"SOYBEAN OIL"	   6           54982.93
"SPINETORAM"	   2           43645.28
"SPINOSAD"	  16           28674.92
"SPIRODICLOFEN"	   1           29612.13
"SPIROMESIFEN"	   3           47048.83
"SPIROTETRAMAT"	   3           10968.44
"STREPTOMYCES GRISEOVIRIDIS STRAIN K61"	   1                2.98
"STREPTOMYCES LYDICUS WYEC 108"	   1                7.20
"STREPTOMYCIN SULFATE"	   6             6120.78
"STRYCHNINE"	   8             5327.52
"STYRENE BUTADIENE COPOLYMER"	   1           18261.02
"SUCROSE OCTANOATE"	   2             1602.82
"SUGAR"	   4           30555.22
"SULFENTRAZONE"	   6           11045.01
"SULFLURAMID"	   3                1.52
"SULFOMETURON-METHYL"	   5           19978.75
"SULFOSULFURON"	   1              201.21
"SULFUR"	  45        54319355.51
"SULFUR DIOXIDE"	   2          355766.00
"SULFURIC ACID"	    14          153220.69
"SULFURYL FLUORIDE"	    3          2701841.84
"TALL OIL"	    7            31097.05
"TALL OIL FATTY ACIDS"	    20          110870.88
"TARTRAZINE"	    2              2062.82
"TAU-FLUVALINATE"	    2              2509.58
"TCMTB"	    9              2217.29
"TEBUCONAZOLE"	    24           98442.62
"TEBUFENOZIDE"	    2               219.59
"TEBUTHIURON"	    4              9310.38
"TEMEPHOS"	    3                22.00
"TERBUTHYLAZINE"	    9               368.53
"TERRAZOLE"	    2              1236.50
"TETRACHLORVINPHOS"	    7            17934.75
"TETRACONAZOLE"	    2              3621.57
"TETRADECYL DIMETHYL BENZYL AMMONIUM CHLORIDE DIHYDRATE"	    1               164.26
"TETRAGLYCINE HYDROPERIODIDE"	    2              4652.09
"TETRAKIS (HYDROXYMETHYL) PHOSPHONIUM SULFATE"	    12           48248.09
"TETRAMETHRIN"	    74             6301.74
"TETRAPOTASSIUM PYROPHOSPHATE"	    5              3551.32
"THIABENDAZOLE"	    13          653042.31
"THIAMETHOXAM"	    4            26053.02
"THIDIAZURON"	    5            42086.36
"THIOBENCARB"	    1           203855.27
"THIOPHANATE-METHYL"	    22          130126.58
"THIRAM"	    6            66059.27
"THYME"	    2               342.35
"THYME OIL"	    1                 4.97
"THYMOL"	    12             3632.63
"TRALOMETHRIN"	    4                 3.66
"TRALOPYRIL"	    2              1015.96
"TRI-N-BUTYLTIN MALEATE"	    1              2879.36
"TRIADIMEFON"	    6              2192.30
"TRIBENURON-METHYL"	    1              3952.38
"TRIBUTYL TETRADECYL PHOSPHONIUM CHLORIDE"	    2                24.00
"TRIBUTYLTIN OXIDE"	    3               133.77
"TRICHLORO-S-TRIAZINETRIONE"	    37        28477463.88
"TRICHLOROMELAMINE"	    3              3398.32
"TRICHODERMA HARZIANUM RIFAI STRAIN KRL-AG2"	    2               543.88
"TRICLOPYR BUTOXYETHYL ESTER"	   10          185640.48
"TRICLOPYR TRIETHYLAMINE SALT"	   17          192343.70
"TRIETHANOLAMINE"	    6              9146.69
"TRIETHYLENE GLYCOL"	    11           25460.09
"TRIFLOXYSTROBIN"	    4            52682.39
"TRIFLOXYSULFURON-SODIUM"	    1              2452.86
"TRIFLUMIZOLE"	      1            71107.49
"TRIFLURALIN"	     20           811932.94
"TRIFLUSULFURON-METHYL"	      1               395.88
"TRIFORINE"	      1             6129.31
"TRIMETHYLAMINE"	      1             2008.71
"TRINEXAPAC-ETHYL"	     11             6422.47
"TRIS (HYDROXYMETHYL) NITROMETHANE"	      2               346.18
"TRISODIUM PHOSPHATE"	      1            18466.60
"TRITICONAZOLE"	      3               671.84
"UNDECYLENIC ACID"	      1               620.52
"UNICONIZOLE-P"	      2                 3.38
"UREA"	      5            32903.13
"UREA DIHYDROGEN SULFATE"	      4           894514.60
"VEGETABLE OIL"	      3           698951.65
"VINCLOZOLIN"	      2               743.00
"VINYL POLYMER"	      2             4761.21
"WARFARIN"	      8                19.84
"XANTHAN GUM"	      1                 9.19
"YEAST"	      2             5049.44
"YUCCA SCHIDIGERA"	      4             9663.33
"ZE-912-TETRADECADIEN-1-YL ACETATE"	    4               165.23
"Z-11-TETRADECEN-1-YL ACETATE"	      3                 2.31
"Z-7-TETRADECEN-2-ONE"	      2                     .00
"Z-8-DODECENOL"	      7                44.39
"Z-8-DODECENYL ACETATE"	      7             3920.48
"ZINC 2-PYRIDINETHIOL-1-OXIDE"	      7            81963.41
"ZINC CHLORIDE"	      1               269.42
"ZINC NAPHTHENATE"	      3             9571.53
"ZINC OXIDE"	      1             7760.00
"ZINC PHOSPHIDE"	     10            27017.24
"ZINC SULFATE"	      5             8147.40
"ZINC SULFATE MONOHYDRATE"	     1               204.62
"ZIRAM"	      4          1014870.01
"ZOXAMIDE"	      1             2761.41
	
