"(3S 6R)-3-METHYL-6-ISOPROPENYL-9-DECEN-1-YL ACETATE"	         1                     .00
"(3S 6S)-3-METHYL-6-ISOPROPENYL-9-DECEN-1-YL ACETATE"	         1                     .00
"(E)-4-TRIDECEN-1-YL-ACETATE"	          2                64.00
"(E)-5-DECENOL"	          2                     .49
"(E)-5-DECENYL ACETATE"	          3                 2.18
"(S)-CYPERMETHRIN"	          3            20083.43
"(S)-KINOPRENE"	          1               424.12
"(Z)-11-HEXADECEN-1-YL ACETATE"	          1                     .14
"(Z)-4-TRIDECEN-1-YL-ACETATE"	          2                 2.03
"(Z)-9-DODECENYL ACETATE"	          2                     .03
"(ZE)-711-HEXADECADIEN-1-YL ACETATE"	        2                63.24
"(ZZ)-1113-HEXADECADIENAL"	        1                 1.68
"(ZZ)-711-HEXADECADIEN-1-YL ACETATE"	        2                66.61
"([([(2-DIHYDRO-5-METHYL-3(2H)-OXAZOLYL)-1-"	          1               712.50
"METHYLETHOXY]METHOXY)METHOXY]METHANOL"	
"12-BENZISOTHIAZOLIN-3-ONE"	        11           107690.28
"12-DIBROMO-24-DICYANOBUTANE"	        2             2251.45
"13-BIS(HYDROXYMETHYL)-55-DIMETHYL HYDANTOIN"	        2            71564.31
"13-DIBROMO-55-DIMETHYLHYDANTOIN"	        7            71614.81
"13-DICHLORO-55-DIMETHYLHYDANTOIN"	       28           529487.76
"13-DICHLORO-5-ETHYL-5-METHYLHYDANTOIN"	        28           140521.32
"13-DICHLOROPROPENE"	         3          8000157.44
"14-DIMETHYLNAPHTHALENE"	         1             2811.66
"17-DIOXASPIRO-(55)-UNDECANE"	        1                     .00
"1-(2-HYDROXYETHYL)-2-ALKYL-2-IMIDAZOLINE ALKYL DERIVED FROM TALL OIL F"	         1               135.78
"ACIDS"	
"1-(3-CHLOROALLYL)-357-TRIAZA-1-AZONIA ADAMANTANE CHLORIDE"	        2            21184.51
"1-BROMO-3-CHLORO-55-DIMETHYL HYDANTOIN"	        68          1495751.50
"1-METHYLCYCLOPROPENE"	          2                 1.40
"1-NAPHTHALENEACETAMIDE"	          2                16.32
"1-OCTEN-3-OL"	         11                92.78
"1010'-OXYBISPHENOXYARSINE"	         1               187.74
"22'-(1-METHYLTRIMETHYLENEDIOXY)BIS-(4-METHYL-132-DIOXABORINANE)"	       1             6715.41
"22'-OXYBIS (446-TRIMETHYL-132-DIOXABORINANE)"	     1             2721.93
"22-DIBROMO-3-NITRILOPROPIONAMIDE"	        31           958491.62
"24-D"	        23           179911.93
"24-D 2-ETHYLHEXYL ESTER"	        9            31498.54
"24-D BUTOXYETHANOL ESTER"	        6             3392.78
"24-D DIETHANOLAMINE SALT"	        2             9714.45
"24-D DIMETHYLAMINE SALT"	       45           930288.68
"24-D ISOOCTYL ESTER"	       12            45974.85
"24-D ISOPROPYL ESTER"	        2            12518.53
"24-D TRIISOPROPANOLAMINE SALT"	        3             1843.54
"24-D TRIISOPROPYLAMINE SALT"	        2             1730.52
"24-DP ISOOCTYL ESTER"	        4             1006.18
"24-DP-P DIMETHYLAMINE SALT"	       19            16517.28
"24-DP-P ISOOCTYL ESTER"	      4               373.26
"24-XYLENOL"	       1                 5.77
"2-((HYDROXYMETHYL)AMINO) ETHANOL"	        2          1485681.51
"2-(24-DP) DIMETHYLAMINE SALT"	     12             2855.24
"2-(2-(P-(DIISOBUTYL) PHENOXY) ETHOXY) ETHYL DIMETHYLBENZYL AMMONIUM"	       18             4885.47
"CHLORIDE"	
"2-(3-HYDROXYPROPYL)-HEPTA-METHYL TRISILOXANE ETHOXYLATED ACETATE"	      2           141460.49
"2-BUTOXYETHANOL"	        4             5168.87
"2-METHYL-4-ISOTHIAZOLIN-3-ONE"	       49            23142.05
"313 OCTADECADIEN-1-YL ACETATE"	       1                     .99
"37-DIMETHYL-6-OCTEN-1-OL"	       1                18.08
"3-(TRIHYDROXYSILYL) PROPYL DIMETHYL OCTADECYL AMMONIUM CHLORIDE"	        3                14.11
"3-(TRIMETHOXYSILYL) PROPYLDIMETHYLOCTADECYL AMMONIUM CHLORIDE"	        7               271.41
"3-IODO-2-PROPYNYL BUTYLCARBAMATE"	       20           466272.99
"44-(2-ETHYL-2-NITROTRIMETHYLENE)DIMORPHOLINE"	       8               120.85
"44-DIMETHYL OXAZOLIDINE"	       3            88306.16
"45-DICHLORO-2-N-OCTYL-3(2H)-ISOTHIAZOLONE"	       5             7835.05
"4-(24-DB) DIMETHYLAMINE SALT"	      3            52317.86
"4-(2-NITROBUTYL)MORPHOLINE"	        8             2285.62
"4-AMINOPYRIDINE"	        1                17.66
"4-CHLORO-35-XYLENOL"	       1                31.59
"4-NONYLPHENOL FORMALDEHYDE RESIN PROPOXYLATED"	      8            83287.90
"55-DIMETHYLHYDANTOIN"	       3             8969.50
"5-CHLORO-2-(24-DICHLOROPHENOXY) PHENOL"	       2               207.10
"5-CHLORO-2-METHYL-4-ISOTHIAZOLIN-3-ONE"	       49            54044.13
"5-HYDROXY METHOXY METHYL-1-AZA-37-DIOXABICYCLO (3.3.0) OCTANE"	       1             8364.00
"5-HYDROXYMETHYL-1-AZA-37-DIOXABICYCLO (3.3.0) OCTANE"	       1            15055.20
"5-HYDROXYPOLY (METHYLENEOXY) (74%C2 21%C3 4%C4 1%C5) METHYL-1-AZA-37-"	    1             2718.30
"DIOXABICYCLO (3.3.0) OCTANE"	
"ABAMECTIN"	       25            17997.06
"ABAMECTIN OTHER RELATED"	       1                     .01
"ACEPHATE"	       27           143879.81
"ACEQUINOCYL"	        2             6359.76
"ACETAMIPRID"	        7            22389.78
"ACETIC ACID"	        5             1694.16
"ACIBENZOLAR-S-METHYL"	        1               485.50
"ACID BLUE 9 DIAMMONIUM SALT"	       2            16485.88
"ACROLEIN"	        1          1090208.22
"ACRYLAMIDE/SODIUM ACRYLATE COPOLYMER"	        2             1805.71
"ACRYLIC ACID"	        1            10957.26
"AGROBACTERIUM RADIOBACTER"	        1             1014.55
"AGROBACTERIUM RADIOBACTER STRAIN K1026"	       1                 3.40
"ALACHLOR"	        1            10589.11
"ALCOHOLS C12-C14 ALIPHATIC"	      1             1439.83
"ALCOHOLS C4-C12 NORMAL"	      2               123.84
"ALDICARB"	        1            45927.00
"ALKYL (50%C12 30%C14 17%C16 3%C18) DIMETHYLBENZYL AMMONIUM CHLORIDE"	        3               215.51
"ALKYL (50%C12 30%C14 17%C16 3%C18) DIMETHYLETHYLBENZYL AMMONIUM"	       32               648.02
"CHLORIDE"	
"ALKYL (50%C14 40%C12 10%C16) DIMETHYLBENZYL AMMONIUM CHLORIDE"	        266         2011286.62
"ALKYL (50%C14 40%C12 10%C16) DIMETHYLBENZYL AMMONIUM SACCHARINATE"	         7               732.95
"ALKYL (58%C14 28%C16 14%C12) DIMETHYLBENZYL AMMONIUM CHLORIDE"	        18            27404.92
"ALKYL (60%C14 25%C12 15%C16) DIMETHYLBENZYL AMMONIUM CHLORIDE"	         2             1290.99
"ALKYL (60%C14 30%C16 5%C12 5%C18) DIMETHYLBENZYL AMMONIUM CHLORIDE"	       288          502289.23
"ALKYL (61%C1223%C1411%C162.5%C8 & C102.5%C18) DIMETHYL BENZYL AMMONIUM"	       6             2285.61
"CHLORIDE"	
"ALKYL (67%C12 25%C14 7%C16 1%C8C10C18) DIMETHYLBENZYL AMMONIUM CHLORID"	     11            25265.03
"ALKYL (68%C12 32%C14) DIMETHYLETHYLBENZYL AMMONIUM CHLORIDE"	         273          376999.71
"ALKYL (95%C14 3%C12 2%C16) DIMETHYL BENZYL AMMONIUM CHLORIDE"	         3             3975.37
"ALKYL (95%C14 3%C12 2%C16) DIMETHYL BENZYL AMMONIUM CHLORIDE DIHYDRATE"	         4            24122.50
"ALKYL (95%C14 3%C12 2%C16) DIMETHYL BENZYL AMMONIUM CHLORIDE"	         2               735.50
"MONOHYDRATE"	
"ALKYL (98%C12 2%C14) DIMETHYL 1-NAPHTHYLMETHYL AMMONIUM CHLORIDE"	          1                82.40
"ALKYL (AS IN FATTY ACIDS OF COCONUT OIL) MONOETHANOLAMIDE"	           1               163.49
"ALKYL (C8C10) POLYGLUCOSIDE"	         10           177492.94
"ALKYL (C9-C11) OLIGOMERIC D-GLUCOPYRANOSIDE"	           2             5252.48
"ALKYL BENZENE SULFONIC ACID"	           2                60.96
"ALKYL(42%C12 26%C18 15%C14 8%C16 5%C10 4%C8)13-PROPYLENEDIAMINE"	     1            29843.76
"ALKYL-13-PROPYLENE DIAMINE ACETATE ALKYL DERIVED FROM COCONUT OIL FATT"	         1           104189.82
"ACIDS"	
"ALLETHRIN"	           1                 8.59
"ALLYL ISOTHIOCYANATE"	           1                 2.57
"ALLYLOXYPOLYETHYLENE GLYCOL ACETATE"	           1            19358.68
"ALPHA-(ORTHOPARA-DINONYLPHENYL)-OMEGA-HYDROXYPOLYOXY(ETHYLENE)"	          1             1386.68
"PHOSPHATE"	
"ALPHA-(PARA-DODECYLPHENYL)-OMEGA-HYDROXYPOLY(OXYETHYLENE)"	           3               153.38
"ALPHA-(PARA-NONYLPHENYL)-OMEGA-HYDROXYPOLY(OXYETHYLENE)"	          36          1860285.04
"ALPHA-(PARA-NONYLPHENYL)-OMEGA-HYDROXYPOLY(OXYETHYLENE) BRANCHED"	          8            38243.14
"ALPHA-(PARA-NONYLPHENYL)-OMEGA-HYDROXYPOLY(OXYETHYLENE) PHOSPHATE"	          4           326361.90
"ESTER"	
"ALPHA-(PARA-TERT-BUTYLPHENYL)-OMEGA-HYDROXYPOLY(OXYETHYLENE) PHOSPHATE"	           3            19176.32
"ALPHA-268-TRIMETHYL-4-NONYLOXY-OMEGA-HYDROXYPOLY(OXYETHYLENE)"	         1            16464.90
"ALPHA-ALKYL (C10-C14)-OMEGA-HYDROXYPOLY(OXYETHYLENE)"	           1            11709.60
"ALPHA-ALKYL (C12-C14)-OMEGA-HYDROXYPOLY(OXYETHYLENE)"	           1            62961.52
"ALPHA-ALKYL (C12-C15)-OMEGA-HYDROXYPOLY(OXYETHYLENE) SULFATE SODIUM SA"	          1             3807.72
"ALPHA-ALKYL (C12-C16)-OMEGA-HYDROXYPOLY(OXYETHYLENE)"	           2             1477.51
"ALPHA-ALKYL (C12-C18)-OMEGA-HYDROXYPOLY(OXYETHYLENE) POLY(OXYPROPYLENE"	           1             1336.02
"ALPHA-ALKYL (C8-C18)-OMEGA-HYDROXYPOLY(OXYETHYLENE) POLY(OXYPROPYLENE)"	           1               632.70
"ALPHA-ALKYL (C9-C11)-OMEGA-HYDROXYPOLY(OXYETHYLENE)"	          10           155863.52
"ALPHA-ALKYL (C9-C16)-OMEGA-HYDROXYPOLY(OXYETHYLENE)"	           3            31937.37
"ALPHA-ALKYL (C9-C18)-OMEGA-HYDROXYPOLY(OXYETHYLENE)"	           1            20565.17
"ALPHA-ALKYL (MIXED)-OMEGA-HYDROXYPOLY (OXYETHYLENE) SULFATE"	           1               523.18
"ALPHA-ALKYLARYL-OMEGA-HYDROXYPOLY(OXYETHYLENE)"	           5           481629.42
"ALPHA-ALKYLARYL-OMEGA-HYDROXYPOLY(OXYETHYLENE) PHOSPHATE"	           1               949.52
"ALPHA-DECYL-OMEGA-HYDROXYPOLY(OXYETHYLENE) PHOSPHATE"	            1               571.29
"ALPHA-ISODECYL-OMEGA-HYDROXYPOLY(OXYETHYLENE) PHOSPHATE"	            1             3433.49
"ALPHA-ISOOCTADECYL-OMEGA-HYDROXYPOLY(OXYETHYLENE)"	            2            20000.08
"ALPHA-OCTYLPHENYL-OMEGA-HYDROXYPOLY(OXYETHYLENE)"	            4               792.64
"ALPHA-PINENE BETA-PINENE COPOLYMER"	            2            25766.03
"ALPHA-UNDECYL-OMEGA-HYDROXYPOLY(OXYETHYLENE)"	            6           185163.55
"ALPHA-[PARA-(1133-TETRAMETHYLBUTYL)PHENYL]-OMEGA-"	        1               211.01
"HYDROXYPOLY(OXYETHYLENE) PHOSPHATE ESTER"	
"ALPHA-[PARA-(1133-TETRAMETHYLBUTYL)PHENYL]-OMEGA-"	         8            95596.73
"HYDROXYPOLY(OXYETHYLENE)"	
"ALUMINUM PHOSPHIDE"	            6           188209.46
"AMINO ETHOXY VINYL GLYCINE HYDROCHLORIDE"	            1               993.00
"AMINOPYRALID TRIISOPROPANOLAMINE SALT"	           1            20807.41
"AMITRAZ"	            3               574.45
"AMMONIUM BICARBONATE"	            2               200.74
"AMMONIUM NITRATE"	            6            78894.68
"AMMONIUM PROPIONATE"	            1            28602.65
"AMMONIUM SULFATE"	           21           948482.02
"AMMONIUM THIOSULFATE"	            1             3360.92
"AMYL ACETATE"	            1                 9.49
"ANCYMIDOL"	            2                 1.09
"ARSENIC ACID"	            3            15000.00
"ARSENIC PENTOXIDE"	            3            24250.56
"ARSENIC TRIOXIDE"	            1             1073.58
"ASPERGILLUS FLAVUS STRAIN AF36"	            1                     .24
"ATRAZINE"	            4            28034.31
"ATRAZINE OTHER RELATED"	           4               579.60
"AZADIRACHTIN"	           12             3824.89
"AZINPHOS-METHYL"	            5             8160.00
"AZOXYSTROBIN"	            2           121829.32
"BACILLUS PUMILUS STRAIN QST 2808"	           1             6550.08
"BACILLUS SPHAERICUS SEROTYPE H-5A5B STRAIN 2362"	          2               544.41
"BACILLUS SUBTILIS MBI600"	            2                     .74
"BACILLUS THURINGIENSIS (BERLINER) SUBSP. AIZAWAI GC-91 PROTEIN"	          1            30840.00
"BACILLUS THURINGIENSIS (BERLINER) SUBSP. ISRAELENSIS SEROTYPE H-14"	          9             4887.92
"BACILLUS THURINGIENSIS (BERLINER) SUBSP. KURSTAKI SEROTYPE 3A3B"	         4             1032.65
"BACILLUS THURINGIENSIS (BERLINER) SUBSP. KURSTAKI STRAIN EG 2348"	          2                42.49
"BACILLUS THURINGIENSIS (BERLINER) SUBSP. KURSTAKI STRAIN SA-11"	          1           150683.75
"BACILLUS THURINGIENSIS SUBSPECIES KURSTAKI GENETICALLY ENGINEERED STRA"	           1               576.00
"EG7841 LEPIDOPTERAN ACTIVE TOXIN"	
"BACILLUS THURINGIENSIS SUBSP. AIZAWAI STRAIN ABTS-1857"	          1            39950.82
"BACILLUS THURINGIENSIS SUBSP. ISRAELENSIS STRAIN AM 65-52"	          1             5712.09
"BACILLUS THURINGIENSIS SUBSP. KURSTAKI STRAIN ABTS-351 FERMENTATION SO"	         2            92404.95
"AND SOLUBLES"	
"BACILLUS THURINGIENSIS SUBSP. KURSTAKI STRAIN HD-1"	          1               454.96
"BACTERIAL PROTEASE"	            1                     .88
"BALSAM FIR OIL"	            1                 5.60
"BARIUM METABORATE"	2              6070.45
"BENEFIN"	9             15603.10
"BENSULFURON METHYL"	3              4519.20
"BENSULIDE"	3            323273.94
"BENTAZON SODIUM SALT"	             17906.65
"BENTONITE"	1            158630.40
"BENZOIC ACID"	1              3938.41
"BENZYL BENZOATE"	2                154.76
"BENZYLDIETHYL [(26-XYLYLCARBAMOYL)METHYL] AMMONIUM SACCHARIDE"	                 75.83
"BETA-CYFLUTHRIN"	4             15265.95
"BETA-PINENE POLYMER"	7             23993.20
"BIFENAZATE"	2             76848.96
"BIFENTHRIN"	32           109322.84
"BISPYRIBAC-SODIUM"	1             14023.72
"BORAX"	11           123782.45
"BORIC ACID"	48           595419.47
"BOSCALID"	1            156768.23
"BRODIFACOUM"	8                 29.51
"BROMACIL"	14            73081.51
"BROMACIL LITHIUM SALT"	          15135.73
"BROMADIOLONE"	9                 51.18
"BROMETHALIN"	13                27.20
"BROMINE CHLORIDE"	12            31878.09
"BROMOXYNIL HEPTANOATE"	2             44606.25
"BROMOXYNIL OCTANOATE"	4             65187.79
"BRONOPOL"	15            22016.20
"BUPROFEZIN"	2            103492.56
"BUTOXY POLYPROPOXY POLYETHOXY ETHANOLIODINE COMPLEX"	            4558.39
"BUTOXY POLYPROPYLENE GLYCOL"	11            22752.04
"BUTYL ALCOHOL"	3             46287.71
"CACODYLIC ACID"	2                108.47
"CALCIUM ACID METHANEARSONATE"	1                  1.39
"CALCIUM CARBONATE"	3            255411.19
"CALCIUM CHLORIDE"	1              9860.86
"CALCIUM HYDROXIDE"	4           5727157.80
"CALCIUM HYPOCHLORITE"	29          7435397.18
"CANOLA OIL"	14            12422.44
"CAPRIC ACID"	11            82473.05
"CAPRYLIC ACID"	2             56783.91
"CAPSICUM OLEORESIN"	14            10564.66
"CAPTAN"	6            403815.85
"CAPTAN OTHER RELATED"	              9094.46
"CARBARYL"	19           277558.15
"CARBENDAZIM"	3            158642.06
"CARBO METHOXY ETHER CELLULOSE SODIUM SALT"	                172.48
"CARBOFURAN"	    1            11992.92
"CARBON"	    4            15222.19
"CARBON DIOXIDE"	    1           490147.80
"CARBOXIN"	    2               791.12
"CARFENTRAZONE-ETHYL"	    4            18299.04
"CASEIN"	    2            13061.03
"CASTOR OIL"	    3            17137.35
"CASTOR OIL ETHOXYLATE"	    2              5409.77
"CHENOPODIUM AMBROSIODES NEAR AMBROSIODES"	    1            37616.69
"CHITOSAN"	    1                 4.85
"CHLORANTRANILIPROLE"	    3            33590.75
"CHLORFENAPYR"	    3              3265.01
"CHLORFLURENOL METHYL ESTER"	   1               229.73
"CHLORHEXIDINE DIACETATE"	    2               345.93
"CHLORINE"	    16        81077917.97
"CHLORINE DIOXIDE"	    12             3554.53
"CHLORMEQUAT CHLORIDE"	    3              1051.06
"CHLOROPHACINONE"	    8                27.33
"CHLOROPICRIN"	    7          6255521.72
"CHLOROTHALONIL"	    32          882677.92
"CHLORPROPHAM"	    4              6373.66
"CHLORPYRIFOS"	    23         1577012.10
"CHLORSULFURON"	    4              5621.54
"CHLORTHAL-DIMETHYL"	    1           214787.12
"CHOLECALCIFEROL"	    2                 5.88
"CHROMIC ACID"	    3            34074.60
"CITRIC ACID"	    38          433783.89
"CLARIFIED HYDROPHOBIC EXTRACT OF NEEM OIL"	    13          393635.44
"CLETHODIM"	    8            57125.42
"CLOFENTEZINE"	    1            10939.79
"CLOMAZONE"	    1           126865.00
"CLOPYRALID MONOETHANOLAMINE SALT"	   7              7851.06
"CLOPYRALIDTRIETHYLAMINE SALT"	   3               718.32
"CLOTHIANIDIN"	    4              3181.68
"COCONUT DIETHANOLAMIDE"	    6            23295.38
"COCONUT IMIDAZOLINE SODIUM CARBOXYLATE"	    1               353.19
"CODLING MOTH GRANULOSIS VIRUS"	    1                     .23
"CONIOTHYRIUM MINITANS STRAIN CON/M/91-08"	    1                11.66
"COPPER"	    33         1087428.81
"COPPER 8-QUINOLINOLEATE"	    3               115.98
"COPPER AMMONIUM CARBONATE"	    2           234170.06
"COPPER AMMONIUM COMPLEX"	    3            25916.59
"COPPER CARBONATE BASIC"	   3            17479.95
"COPPER CITRATE"	    1               639.33
"COPPER CITRATE CHELATE"	    1               148.48
"COPPER ETHANOLAMINE COMPLEXES MIXED"	6           173234.25
"COPPER ETHYLENEDIAMINE COMPLEX"	 2            24205.98
"COPPER GLUCONATE CHELATE"	 1               148.48
"COPPER HYDROXIDE"	 12         1643207.60
"COPPER NAPHTHENATE"	 17          199938.44
"COPPER OCTANOATE"	 7             9890.29
"COPPER OXIDE (IC)"	 3            13410.92
"COPPER OXIDE (OUS)"	 23          922869.87
"COPPER OXYCHLORIDE"	 7           109955.33
"COPPER SALTS OF FATTY AND ROSIN ACIDS"	 2             2776.94
"COPPER SULFATE (BASIC)"	 12         1176194.51
"COPPER SULFATE (PENTAHYDRATE)"	 47         4573276.59
"COPPER TRIETHANOLAMINE COMPLEX"	 9            40486.43
"CORN GLUTEN MEAL"	 1            14211.60
"CORN PRODUCT HYDROLYZED"	1           132028.01
"CORN STEEP LIQUOR"	 1            16924.27
"CORN SYRUP"	 1             8019.91
"COTTONSEED FLOUR"	 2               897.60
"COTTONSEED OIL"	 7            78929.48
"COUMAPHOS"	 2                     .22
"COYOTE URINE"	 1               204.82
"CRYOLITE"	 4           588761.68
"CUPROUS THIOCYANATE"	 4            15184.62
"CYANURIC ACID"	 21         3025271.86
"CYANURIC ACID MONOSODIUM SALT"	3           145396.19
"CYAZOFAMID"	 2             1449.41
"CYCLANILIDE"	 1             1604.87
"CYCLOATE"	 1            25831.61
"CYFLUTHRIN"	 18           26239.51
"CYHALOFOP-BUTYL"	 1            51681.94
"CYMOXANIL"	 2            10687.87
"CYPERMETHRIN"	 23           70499.54
"CYPHENOTHRIN"	 3               587.87
"CYPRODINIL"	 1           120503.34
"CYROMAZINE"	 3            13061.45
"D-ALLETHRIN"	 12            1326.09
"D-TRANS ALLETHRIN"	 24            2421.26
"DAMINOZIDE"	 4            12660.75
"DAZOMET"	 11           44010.48
"DDVP"	 8            18714.33
"DDVP OTHER RELATED"	8             1193.51
"DEET"	 46          447156.06
"DEET OTHER RELATED"	17            8330.73
"DELTAMETHRIN"	 34            3934.75
"DENATONIUM BENZOATE"	 3                 1.76
"DERIVATED NATURAL POLYMERS"	    1              141.48
"DESMEDIPHAM"	    2            1758.67
"DEXTRIN"	    1               66.96
"DIATOMACEOUS EARTH"	   15           60047.92
"DIATOMACEOUS EARTH OTHER RELATED"	   1            3346.02
"DIAZINON"	    9          173008.88
"DICAMBA"	   29            6358.17
"DICAMBA DIMETHYLAMINE SALT"	  34           37476.28
"DICAMBA DIMETHYLAMINE SALT OTHER RELATED"	  1                    .18
"DICAMBA SODIUM SALT"	   3           10707.73
"DICHLOBENIL"	   10           34327.50
"DICHLORO-S-TRIAZINETRIONE"	    1              237.50
"DICLORAN"	    2           64048.47
"DICOFOL"	    3            7642.57
"DIDECYL DIMETHYL AMMONIUM BICARBONATE"	    4           87484.50
"DIDECYL DIMETHYL AMMONIUM CARBONATE"	    5          179844.48
"DIDECYL DIMETHYL AMMONIUM CHLORIDE"	   242         476660.41
"DIETHYLENE GLYCOL"	    9          126894.45
"DIETHYLENE GLYCOL MONOETHYL ETHER"	    3              302.43
"DIFENACOUM"	    2                    .27
"DIFENOCONAZOLE"	    2            5232.04
"DIFETHIALONE"	    5                5.84
"DIFLUBENZURON"	   11           48098.70
"DIFLUFENZOPYR SODIUM SALT"	   1              951.25
"DIGLYCOLAMINE SALT OF 36-DICHLORO-O-ANISIC ACID"	   3           60514.23
"DIHYDRO-5-HEPTYL-2(3H)-FURANONE"	    2               24.60
"DIHYDRO-5-PENTYL-2(3H)-FURANONE"	    2               12.05
"DIIODOMETHYL P-TOLYL SULFONE"	    2            6427.20
"DIKEGULAC SODIUM"	    1            1392.27
"DIMETHENAMID-P"	    2            2963.79
"DIMETHOATE"	    7          315112.90
"DIMETHOMORPH"	    1            3807.15
"DIMETHOXANE"	    1              414.12
"DIMETHYL ALKYL TERTIARY AMINES"	    1            4288.86
"DIMETHYL DICOCOALKYL AMMONIUM SALT WITH NAPHTHALENESULFONIC ACID"	   1              540.32
"FORMALDEHYDE CONDENSATE"	
"DIMETHYL SILICONE FLUID EMULSION"	    1            9786.35
"DIMETHYLPOLYSILOXANE"	   23          146968.53
"DINOTEFURAN"	   10           11767.12
"DIOCTYL DIMETHYL AMMONIUM CHLORIDE"	   178         166886.84
"DIPHACINONE"	   15              206.94
"DIPHACINONE SODIUM SALT"	   2               26.57
"DIPHENYLAMINE"	    2            4355.30
"DIPROPYL ISOCINCHOMERONATE"	   31            1000.72
"DIPROPYLENE GLYCOL"	    1                9.24
"DIPROPYLENE GLYCOL METHYL ETHER"	   1                61.46
"DIQUAT DIBROMIDE"	   18          181270.55
"DISODIUM CYANODITHIOIMIDO CARBONATE"	   6               696.59
"DISODIUM OCTABORATE ANHYDROUS"	   3             2764.91
"DISODIUM OCTABORATE TETRAHYDRATE"	   31          405168.07
"DISODIUM SALT OF ETHYLENEDIAMINETETRAACETIC ACID DIHYDRATE"	   5            25959.50
"DISULFOTON"	   4            47007.22
"DITHIOPYR"	   21           34355.40
"DIURON"	   19          781282.97
"DODECYL GUANIDINE HYDROCHLORIDE"	   3               456.20
"DODECYLBENZENE SULFONIC ACID"	   15           52625.37
"DODECYLBENZENE SULFONIC ACID CALCIUM SALT"	  1                11.13
"DODINE"	   1             8905.95
"EE-810-DODECADIEN-1-OL"	 7             3587.98
"E-11-TETRADECEN-1-YL ACETATE"	   5               150.65
"E-8-DODECENYL ACETATE"	   7               240.59
"EDTA SODIUM SALT"	  2               183.34
"EDTA TETRASODIUM SALT"	  6             2267.00
"EMAMECTIN BENZOATE"	   1             1143.50
"EMULSIFIABLE METHYLATED VEGETABLE OIL"	   3            40965.61
"ENDOSULFAN"	   3            43383.72
"ENDOTHALL DIPOTASSIUM SALT"	  3            12071.36
"ENDOTHALL MIXED MONO- AND DI- (NN-DIMETHYLALKYLAMINE) SALTS"	 3             1400.12
"ENDOTHALL MONO [NN-DIMETHYL ALKYLAMINE] SALT"	 2             1960.09
"EPOXIDIZED SOYBEAN OIL"	   1             1155.04
"EPTC"	   3           232563.44
"ESBIOTHRIN"	   7                 8.00
"ESFENVALERATE"	   44           35522.01
"ETHALFLURALIN"	   2            74278.88
"ETHEPHON"	   13          316891.49
"ETHOFUMESATE"	   4            17454.76
"ETHOPROP"	   1            19045.24
"ETHYL ALCOHOL"	   86         8725863.56
"ETHYL BUTYLACETYLAMINOPROPIONATE"	   6             5230.58
"ETHYLENE"	   2           398843.94
"ETHYLENE GLYCOL"	   3            44444.77
"ETHYLENE GLYCOL MONOMETHYL ETHER"	   2             1745.46
"ETHYLENE OXIDE"	   7          1552973.27
"ETOFENPROX"	   5             2943.28
"ETOXAZOLE"	   1            32357.06
"EUCALYPTUS OIL"	   2                10.44
"EUGENOL"	   1                 5.08
"FAMOXADONE"	   1             4767.07
"FARNESOL"	   2                 7.24
"FATTY ACIDS DERIVED FROM TALLOW"	   1            25186.42
"FATTY ACIDS C16-C18 AND C18-UNSATURATED METHYL ESTERS"	3           125847.56
"FATTY ACIDS METHYL ESTERS"	 5            14961.88
"FATTY ACIDS MIXED"	 6           117630.10
"FENAMIDONE"	  2            20916.48
"FENAMIPHOS"	  2             7901.92
"FENARIMOL"	  1             6666.89
"FENBUCONAZOLE"	  1            12677.16
"FENBUTATIN-OXIDE"	  5             3997.66
"FENHEXAMID"	  2            74741.00
"FENOXAPROP-P-ETHYL"	  2             3853.63
"FENOXYCARB"	  1                10.28
"FENPROPATHRIN"	  1            41870.43
"FENPYROXIMATE"	  3            19249.15
"FERRIC SULFATE (ANHYDROUS)"	  1             3893.72
"FERROUS SULFATE"	  1             1836.58
"FIPRONIL"	  6            26045.82
"FLONICAMID"	  2            10847.90
"FLUAZIFOP-P-BUTYL"	  7            19035.80
"FLUBENDIAMIDE"	  2            23294.49
"FLUDIOXONIL"	  1            19076.56
"FLUMIOXAZIN"	  1           115615.87
"FLUOPICOLIDE"	  1             6616.74
"FLUOXASTROBIN"	  1               281.46
"FLURECOL-METHYL"	  1                54.82
"FLURIDONE"	  2             5770.36
"FLUROXYPYR"	  2                19.59
"FLUROXYPYR 1-METHYLHEPTYL ESTER"	 8               154.40
"FLURPRIMIDOL"	  2                15.48
"FLUTOLANIL"	  3            17132.50
"FOLPET"	  2               258.49
"FORAMSULFURON"	  2               366.99
"FORCHLORFENURON"	  2               547.06
"FORMALDEHYDE"	  5             8225.44
"FORMETANATE HYDROCHLORIDE"	  1            41211.40
"FORMIC ACID"	  1             7429.95
"FOSETYL-AL"	  8           286124.24
"FOX URINE"	  1               268.32
"FREE FATTY ACIDS AND/OR AMINE SALTS"	  15            6146.10
"GAMMA-CYHALOTHRIN"	  8             5049.47
"GARLIC"	  2               270.30
"GERANIOL"	  2                56.92
"GERMAN COCKROACH PHEROMONE"	  2                     .18
"GIBBERELLINS"	  9            57352.45
"GLIOCLADIUM VIRENS GL-21 (SPORES)"	  1             1760.40
"GLUFOSINATE-AMMONIUM"	  3           561260.17
"GLUTARALDEHYDE"	    49          1860005.96
"GLYCEROL"	     3              9951.50
"GLYCOLIC ACID"	     2            40041.45
"GLYPHOSATE"	     1           115999.63
"GLYPHOSATE DIAMMONIUM SALT"	    2            38987.97
"GLYPHOSATE DIMETHYLAMINE SALT"	    1            57719.90
"GLYPHOSATE ISOPROPYLAMINE SALT"	   57         12648373.28
"GLYPHOSATE MONOAMMONIUM SALT"	    4           239339.33
"GLYPHOSATE POTASSIUM SALT"	    4          4137187.20
"HALOSULFURON-METHYL"	     4              4272.13
"HEPTAMETHYLTRISILOXANE ETHOXYLATED"	     3            21452.42
"HEPTAMETHYLTRISILOXANE-13-PROPANEDIOL ETHER ETHOXYLATED PROPOXYLATED"	   5              8911.75
"HEXAFLUMURON"	     1                     .20
"HEXAHYDRO-135-TRIS (2-HYDROXYETHYL)-S-TRIAZINE"	   8           150530.64
"HEXAZINONE"	     2            94933.39
"HEXYLENE GLYCOL"	     1              3702.43
"HEXYTHIAZOX"	     1            32382.19
"HYDRAMETHYLNON"	     7              5325.70
"HYDROGEN CHLORIDE"	    60         27143635.43
"HYDROGEN CYANAMIDE"	     3           392024.53
"HYDROGEN PEROXIDE"	    49          1636842.31
"HYDROPRENE"	     3               666.29
"HYDROTREATED PARAFFINIC SOLVENT"	     5           355354.46
"HYDROXYMETHYL-55-DIMETHYL HYDANTOIN"	    2            17590.78
"IBA"	    11               158.05
"IMAZALIL"	     8            31668.06
"IMAZALIL SULFATE"	     3              3696.00
"IMAZAMOX AMMONIUM SALT"	    1              5835.97
"IMAZAPIC AMMONIUM SALT"	    1               822.35
"IMAZAPYR"	     2                 5.64
"IMAZAPYR ISOPROPYLAMINE SALT"	    9            34295.73
"IMAZETHAPYR AMMONIUM SALT"	    2              6283.76
"IMIDACLOPRID"	    56           352922.36
"IMIPROTHRIN"	     7              5491.04
"INDOXACARB"	     6            54525.63
"IODINE"	    23            11768.43
"IPRODIONE"	    12           408985.41
"IRON PHOSPHATE"	    11            10708.94
"ISODECYL ALCOHOL"	     1               736.15
"ISOOCTYL PHTHALATE"	     2              1770.08
"ISOPROPYL ALCOHOL"	    55          1713834.62
"ISOPROPYLAMINE DODECYLBENZENE SULFONATE"	     5            11503.01
"ISOXABEN"	     4            23392.87
"KAOLIN"	     3          6252963.08
"KEROSENE"	     2           204217.74
"KRESOXIM-METHYL"	 2             31828.38
"LACTIC ACID"	 7             31949.62
"LACTOSE"	 1             11897.28
"LAMBDA-CYHALOTHRIN"	 26            55421.51
"LAURIC ACID"	 1              3461.56
"LAURYL ALCOHOL"	 3              1666.63
"LAURYL SULFATE"	 1                26.80
"LAVANDULYL SENECIOATE"	 1            111.54
"LECITHIN"	 7            173845.76
"LIGNIN SULFONIC ACID"	 1                  3.56
"LIME"	 1              7494.55
"LIME-SULFUR"	 5            270580.73
"LIMONENE"	 20            60972.62
"LINALOOL"	 9              3231.10
"LINURON"	 1             48857.60
"LITHIUM HYPOCHLORITE"	 11            12275.12
"MAGNESIUM CHLORIDE"	 2             22550.05
"MAGNESIUM PHOSPHIDE"	 2              8991.26
"MALATHION"	 20           760771.50
"MALEIC HYDRAZIDE"	 2                47.12
"MALEIC HYDRAZIDE POTASSIUM SALT"	2             43669.18
"MANCOZEB"	 16           765375.36
"MANDIPROPAMID"	 1             15373.09
"MANEB"	 5            852470.55
"MANGANESE SULFATE"	 2              3026.29
"MCPA"	 2               166.55
"MCPA 2-ETHYL HEXYL ESTER"	2               871.89
"MCPA DIMETHYLAMINE SALT"	10           277497.88
"MCPA ISOOCTYL ESTER"	4              9038.47
"MCPP"	 10             1508.32
"MCPP DIMETHYLAMINE SALT"	14             1327.03
"MCPP POTASSIUM SALT"	1              1497.02
"MCPP-P DIMETHYLAMINE SALT"	33            32125.88
"MCPP-P POTASSIUM SALT"	1               592.12
"MECOPROP-P"	 21            80092.01
"MEFENOXAM"	 5             91164.57
"MEFENOXAM OTHER RELATED"	2               601.34
"MEFLUIDIDE DIETHANOLAMINE SALT"	2              1471.31
"MENTHOL"	 2              2640.18
"MEPIQUAT CHLORIDE"	 15             5891.28
"MESOSULFURON-METHYL"	 1               910.58
"META-CRESOL"	 1                  5.80
"METAFLUMIZONE"	 2                34.22
"METALAXYL"	 8              3692.74
"METALDEHYDE"	 16           255422.05
"METALLIC SILVER"	            19               869.81
"METAM-SODIUM"	             8         10922610.29
"METCONAZOLE"	             1                 2.50
"METHAMIDOPHOS"	             1            27493.57
"METHIDATHION"	             1            42928.94
"METHIOCARB"	             1              3432.30
"METHOMYL"	             7           572525.79
"METHOXYFENOZIDE"	             1           232403.81
"METHYL ANTHRANILATE"	             5              3203.68
"METHYL BROMIDE"	             4          7713419.98
"METHYL NONYL KETONE"	            12              4002.43
"METHYL NONYL KETONE OTHER RELATED"	            7               120.35
"METHYL PARATHION"	             2            20845.89
"METHYL PARATHION OTHER RELATED"	            2              1097.15
"METHYL SALICYLATE"	             1                11.51
"METHYL SILICONE RESINS"	             4            54472.74
"METHYL-27-DICHLORO-9-HYDROXYFLUORENE-9-CARBOXYLATE"	            1                41.77
"METHYLATED FATTY ACIDS FROM CANOLA OIL"	             2            10017.96
"METHYLATED SILICA"	             2               393.29
"METHYLATED SOYBEAN OIL"	            13           511270.37
"METHYLENE BIS(THIOCYANATE)"	            14              8445.14
"METOFLUTHRIN"	             1                16.22
"METOLACHLOR"	             3            52392.77
"METRIBUZIN"	             6            31101.75
"MILBEMECTIN"	             1                 2.33
"MINERAL OIL"	            23         15783500.45
"MODIFIED PHTHALIC GLYCEROL ALKYD RESIN"	             4           197675.30
"MORPHOLINE"	             2               765.36
"MSMA"	            11           232128.27
"MUSCALURE"	            12                96.92
"MYCLOBUTANIL"	            11            75892.04
"MYRISTYL ALCOHOL"	             1               169.21
"MYROTHECIUM VERRUCARIA DRIED FERMENTATION SOLIDS & SOLUBLES STRAIN"	           1            46944.00
"AARC-0255"	
"NN-BIS-(2-(OMEGA-HYDROXYPOLY(OXYETHYLENE)/POLY(OXYPROPYLENE))ETHYL)ALK"	            1            21634.08
"(C8-C18) AMINE"	
"NN-BIS-(2-OMEGA-HYDROXYPOLY(OXYETHYLENE)ETHYL)ALKYLAMINE ALKYL DERIVED"	           3            45876.39
"FROM TALLOW FATTY ACIDS"	
"N-BUTYL-12-BENZISOTHIAZOLIN-3-ONE"	            1               635.77
"N-CYCLOPROPYL-N'-(11-DIMETHYLETHYL)-6-(METHYLTHIO)-135-TRIAZINE-24-DIA"	         7              3929.94
"N-DIALKYL (60%C14 30%C16 5%C12 5%C18) METHYL BENZYL AMMONIUM CHLORIDE"	         14               474.33
"N-OCTYL BICYCLOHEPTENE DICARBOXIMIDE"	            95            21037.49
"N6-BENZYL ADENINE"	             5               398.94
"NAA"	             5                69.18
"NAA AMMONIUM SALT"	            3              1522.00
"NAA ETHYL ESTER"	            2               980.79
"NABAM"	            15            30441.88
"NALED"	       1           179354.66
"NAPROPAMIDE"	       3            32269.44
"NEROLIDOL"	       1                18.08
"NICARBAZIN"	       1                29.85
"NICOSULFURON"	       4               466.25
"NITHIAZINE"	       1                     .35
"NONANOIC ACID"	      15           444535.17
"NONANOIC ACID OTHER RELATED"	      2             1017.81
"NONYL PHENOXY POLYOXYETHYLENE ETHANOL-IODINE COMPLEX"	       5            11406.29
"NORFLURAZON"	       2            52166.82
"NOSEMA LOCUSTAE SPORES"	       2                 2.57
"NOVALURON"	       2             4634.03
"OCTHILINONE"	       8            22765.10
"OCTYL DECYL DIMETHYL AMMONIUM CHLORIDE"	      178          326675.17
"OIL OF BLACK PEPPER"	       1             1045.19
"OIL OF CEDARWOOD"	       5                12.74
"OIL OF CITRONELLA"	      12            15965.01
"OIL OF GERANIUM"	       2                 2.35
"OIL OF JOJOBA"	       3             5008.32
"OIL OF LEMON EUCALYPTUS"	       2            11411.58
"OIL OF LEMONGRASS"	       1                 3.79
"OIL OF LEMONGRASS"	       3                 4.66
"OIL OF PEPPERMINT"	       1                 7.59
"OLEIC ACID"	       6             5702.48
"OLEIC ACID ETHYL ESTER"	      1             3604.62
"OLEIC ACID METHYL ESTER"	      2           548000.55
"ORGANO/MODIFIED POLYSILOXANE"	       1                30.28
"ORGANOSILICONE POLY OXYALKYLENE ETHER COPOLYMER"	      5             2686.17
"ORTHO-BENZYL-PARA-CHLOROPHENOL"	      40            13785.24
"ORTHO-BENZYL-PARA-CHLOROPHENOL POTASSIUM SALT"	      6             7620.62
"ORTHO-BENZYL-PARA-CHLOROPHENOL SODIUM SALT"	      5               103.96
"ORTHO-PHENYLPHENOL"	      93            20132.60
"ORTHO-PHENYLPHENOL POTASSIUM SALT"	      5               635.42
"ORTHO-PHENYLPHENOL SODIUM SALT"	     15            15937.19
"ORTHOSULFAMURON"	       1             1471.80
"ORYZALIN"	      17           734203.07
"OXADIAZON"	       9            25077.62
"OXAMYL"	       1            96533.49
"OXAZOLIDINE E"	       1            13532.47
"OXYDEMETON-METHYL"	       2             8407.45
"OXYDIETHYLENE BIS (ALKYL DIMETHYL AMMONIUM CHLORIDE) ALKYL DERIVED FRO"	      3            46014.39
"COCONUT OIL FATTY ACIDS"	
"OXYFLUORFEN"	      12           868569.30
"OXYTETRACYCLINE HYDROCHLORIDE"	       3             3202.15
"OXYTETRACYCLINE HYDROCHLORIDE OTHER RELATED"	      3                29.75
"OXYTETRACYCLINE CALCIUM COMPLEX"	    1           13645.80
"PACLOBUTRAZOL"	    13             2059.30
"PAECILOMYCES LILACINUS STRAIN 251"	     1                    .60
"PARA-CHLORO-META-CRESOL"	     1              219.78
"PARA-DICHLOROBENZENE"	     8          745060.88
"PARA-TERT-AMYLPHENOL"	    46             8215.06
"PARA-TERT-AMYLPHENOL POTASSIUM SALT"	    5              435.08
"PARAQUAT DICHLORIDE"	     6         1655731.19
"PCNB"	     8           50703.58
"PENDIMETHALIN"	    15         2364305.78
"PENOXSULAM"	     3             5192.48
"PERMETHRIN"	    171         430613.21
"PERMETHRIN OTHER RELATED"	   34              163.21
"PEROXYACETIC ACID"	    32          505851.48
"PEROXYOCTANOIC ACID"	     1             3353.05
"PETROLEUM DISTILLATES"	    16          506675.33
"PETROLEUM DISTILLATES ALIPHATIC"	    2          141886.38
"PETROLEUM DISTILLATES REFINED"	    5         1474009.02
"PETROLEUM NAPHTHENIC OILS"	     1             1136.55
"PETROLEUM OIL PARAFFIN BASED"	    9         1112638.38
"PETROLEUM OIL UNCLASSIFIED"	   14        15230218.81
"PHENMEDIPHAM"	     2             3219.12
"PHENOL"	     1              735.16
"PHENOTHRIN"	    59           13188.21
"PHENYLETHYL PROPIONATE"	     3              191.74
"PHORATE"	     3           16264.00
"PHOSMET"	     2          177341.68
"PHOSPHINE"	     1           36682.88
"PHOSPHORIC ACID"	    59          638702.51
"PHOSPHORIC ACID MONOPOTASSIUM SALT"	    3           42762.53
"PICARIDIN"	     9           17170.48
"PINE OIL"	    24         2226760.85
"PINE SOAP"	     1                    .80
"PIPERALIN"	     1             1883.30
"PIPERINE"	     1              402.83
"PIPERONYL BUTOXIDE"	    139         159418.55
"PIPERONYL BUTOXIDE OTHER RELATED"	   106          19930.24
"POLY(OXYETHYLENE) (DIMETHYLIMINO) ETHYLENE (DIMETHYLIMINO) ETHYLENE"	    61          693285.64
"DICHLORIDE"	
"POLY(OXYETHYLENE) POLY(OXYPROPYLENE) GLYCOL MONOALLYL ETHER"	     2           32772.71
"POLY-I-PARA-MENTHENE"	     1          182283.05
"POLYACRYLAMIDE POLYMER"	     9             2087.20
"POLYACRYLAMIDE POLYETHYLENE GLYCOL MIXTURE"	    5             4070.06
"POLYACRYLIC POLYMER"	     2             2212.28
"POLYALKENE OXIDE MODIFIED HEPTAMETHYL TRISILOXANE"	     8           36831.29
"POLYALKYLENEOXIDE MODIFIED POLYDIMETHYL-SILOXANE"	   2             6839.22
"POLYBUTENES"	   6            58918.36
"POLYETHER MODIFIED POLYSILOXANE"	   8            52156.13
"POLYETHOXY POLYPROPOXY POLYETHOXY ETHANOLIODINE COMPLEX"	4             2838.05
"POLYETHOXYLATED CASTOR OIL"	   2               113.99
"POLYETHYLENE GLYCOL"	   1           183715.35
"POLYETHYLENE GLYCOL DIACETATE"	   1             1759.88
"POLYETHYLENE GLYCOL MONO(3-(TETRAMETHYL-1-"	   3            17900.07
"(TRIMETHYLSILOXY)DISILOXANYL)PROPYL)ETHER"	
"POLYETHYLENE GLYCOL OLEATE"	   1             1251.26
"POLYHEXAMETHYLENE BIGUANIDINE"	   11           32874.48
"POLYMERIZED ACRYLIC ACID"	   1                 9.43
"POLYMERIZED PINENE"	   3            20227.19
"POLYOXIN D"	   3               868.47
"POLYOXYETHYLENE DIOLEATE"	   4               686.77
"POLYOXYETHYLENE MIXED FATTY ACID ESTER"	   1             3934.56
"POLYOXYETHYLENE POLYOXYPROPYLENE"	   3            79235.16
"POLYOXYETHYLENE POLYOXYPROPYLENE MONOBUTYL ETHER"	   1             2310.09
"POLYOXYETHYLENE SORBITAN MONOOLEATE"	   2             9118.33
"POLYOXYETHYLENE SORBITAN TRIOLEATE"	   2            59359.61
"POLYOXYETHYLENE SORBITOL MIXED ETHER ESTER"	  2           124293.29
"POLYOXYETHYLENE SOYBEAN OIL FATTY ACID ESTER"	   3            40573.30
"POLYPROPYLENE GLYCOL"	   1                43.14
"POLYSACCHARIDE POLYMER"	   1                21.36
"POLYSILOXANE"	   5             1709.77
"POTASH SOAP"	   20           95780.40
"POTASSIUM BICARBONATE"	   6           290958.98
"POTASSIUM CARBONATE"	   7            15696.29
"POTASSIUM DIMETHYL DITHIO CARBAMATE"	   3            43541.03
"POTASSIUM HYDROXIDE"	   2             2857.78
"POTASSIUM N-METHYLDITHIOCARBAMATE"	   8          4436032.87
"POTASSIUM NITRATE"	   4            16544.77
"POTASSIUM PEROXYMONOSULFATE"	   30          431811.47
"POTASSIUM PHOSPHATE DIBASIC"	  3               333.77
"POTASSIUM PHOSPHITE"	   17          258287.03
"POTASSIUM SILICATE"	   1             1309.35
"POTASSIUM SORBATE"	   2                 6.56
"PRALLETHRIN"	   25            1561.45
"PRODIAMINE"	   23           45693.14
"PROHEXADIONE CALCIUM"	   1               165.00
"PROMETON"	   10            2513.42
"PROMETRYN"	   5            69852.32
"PROPAMOCARB HYDROCHLORIDE"	   4           126460.38
"PROPANIL"	   3          2931888.97
"PROPARGITE"	   1           379731.30
"PROPETAMPHOS"	    1               60.99
"PROPICONAZOLE"	   27           94299.61
"PROPIONIC ACID"	   20          408074.00
"PROPOXUR"	   21            3250.28
"PROPYLENE GLYCOL"	   14           64080.65
"PROPYLENE GLYCOL METHYL ETHER"	   1            1602.70
"PROPYLENE OXIDE"	    1          823963.23
"PROPYZAMIDE"	    2           86888.00
"PSEUDOMONAS FLUORESCENS STRAIN A506"	   2          136329.23
"PSEUDOMONAS SYRINGAE STRAIN ESC-10"	   1               44.65
"PUTRESCENT WHOLE EGG SOLIDS"	    2              723.86
"PYMETROZINE"	    1            3815.12
"PYRACLOSTROBIN"	    1          112894.57
"PYRAFLUFEN-ETHYL"	    4            1080.94
"PYRAZON"	    1              936.00
"PYRETHRINS"	   129          23065.14
"PYRIDABEN"	    3            3997.63
"PYRIMETHANIL"	    5           61469.91
"PYRIPROXYFEN"	   24           13027.70
"PYRITHIOBAC-SODIUM"	    1              848.30
"QST 713 STRAIN OF DRIED BACILLUS SUBTILIS"	    4           18914.33
"QUILLAJA"	    4            2119.26
"QUINCLORAC"	   11           16205.49
"QUINCLORAC DIMETHYLAMINE SALT"	   1            1187.04
"QUINOXYFEN"	    1           31812.64
"RED CABBAGE COLOR"	    1              108.97
"RESMETHRIN"	   19            1166.90
"RESMETHRIN OTHER RELATED"	   3                    .75
"REYNOUTRIA SACHALINENSIS"	    2              718.71
"RIMSULFURON"	    3           12574.64
"ROSEMARY OIL"	    1                2.17
"ROTENONE"	    5               97.28
"ROTENONE OTHER RELATED"	   4              119.26
"SSS-TRIBUTYL PHOSPHOROTRITHIOATE"	  2           18753.00
"S-ABSCISIC ACID"	    1               80.70
"S-BIOALLETHRIN"	   12              168.97
"S-METHOPRENE"	   18            9521.33
"S-METOLACHLOR"	    3          521935.84
"SABADILLA ALKALOIDS"	    1              132.00
"SALICYLIC AND BENZOIC ESTERS OF PROPYLENE GLYCOL"	    1              676.62
"SAPONIN"	    1            7833.44
"SESAME OIL"	    1            2337.24
"SETHOXYDIM"	    3           40385.54
"SIDURON"	    5            5158.28
"SILICA AEROGEL"	    7            1578.56
"SILICONE"	   3              799.44
"SILICONE DEFOAMER"	   8              604.41
"SILVER CHLORIDE"	   2               43.23
"SILVER NITRATE"	   3               39.64
"SILVER IONIC"	  9                1.46
"SIMAZINE"	   7          388091.14
"SOAP"	   1               51.95
"SODIUM ALPHA-OLEFIN (C14-C16) SULFONATE"	   1           28179.59
"SODIUM BICARBONATE"	  24         6940677.84
"SODIUM BISULFATE"	  21          616883.12
"SODIUM BISULFITE"	   8          567740.73
"SODIUM BROMIDE"	  48         1872697.50
"SODIUM BROMOSULFAMATE SODIUM CHLOROSULFAMATE POTASSIUM"	 4           71577.31
"BROMOSULFAMATE POTASSIUM CHLOROSULFAMATE"	
"SODIUM CACODYLATE"	   2              650.81
"SODIUM CARBONATE"	  22         1107292.86
"SODIUM CARBONATE PEROXYHYDRATE"	   7          297912.75
"SODIUM CHLORATE"	   6          408944.00
"SODIUM CHLORIDE"	   3              219.26
"SODIUM CHLORITE"	  28         1992593.87
"SODIUM CYANIDE"	   2            2846.17
"SODIUM DECYL SULFATE"	   1            2000.70
"SODIUM DICHLORO-S-TRIAZINETRIONE"	  41         5362494.97
"SODIUM DICHLORO-S-TRIAZINETRIONE DIHYDRATE"	  59         3042026.70
"SODIUM DIHYDROGEN PHOSPHATE"	   3               61.20
"SODIUM DIISOOCTYLSULFOSUCCINATE"	   3            2553.16
"SODIUM DIMETHYL DITHIO CARBAMATE"	  15           30441.88
"SODIUM DIOCTYLSULFOSUCCINATE"	   1            1053.98
"SODIUM DODECYLBENZENE SULFONATE"	   4           10621.66
"SODIUM FLUORIDE"	   2            5433.09
"SODIUM HYDROXIDE"	   7            9011.07
"SODIUM HYDROXYMETHYLGLYCINATE"	   1            3911.43
"SODIUM HYPOCHLORITE"	  107     179625970.79
"SODIUM LAUROAMPHO ACETATE"	   1            1509.96
"SODIUM LAURYL ETHER SULFATE"	   1            1976.50
"SODIUM LAURYL SULFATE"	   7           36857.74
"SODIUM METABORATE TETRAHYDRATE"	   1            9972.63
"SODIUM NITRATE"	   2           70305.94
"SODIUM PARA-TERT-AMYLPHENATE"	   5            6325.96
"SODIUM PERSULFATE"	   2            3675.00
"SODIUM PHENATE"	   1               28.28
"SODIUM POLYACRYLATE"	   1              714.00
"SODIUM PYRITHIONE"	   3           24729.65
"SODIUM TETRABORATE (PENTAHYDRATE)"	   8              694.88
"SODIUM TETRATHIOCARBONATE"	   1          272649.77
"SODIUM XYLENE SULFONATE"	  4              6745.37
"SORBITAN MONOOLEATE"	  3                16.85
"SORBITAN TRIOLEATE"	  1               285.64
"SORBITOL"	  2              1240.75
"SORBITOL OCTANOATE"	  1              5356.90
"SOYBEAN OIL"	  6            49075.50
"SPINETORAM"	  1            30348.69
"SPINOSAD"	  11           67355.18
"SPIRODICLOFEN"	  1            62808.20
"SPIROMESIFEN"	  3            54755.67
"SPIROTETRAMAT"	  3              3803.73
"STREPTOMYCES GRISEOVIRIDIS STRAIN K61"	  1                 3.25
"STREPTOMYCES LYDICUS WYEC 108"	  1                 2.66
"STREPTOMYCIN SULFATE"	  6              4841.09
"STRYCHNINE"	  8              4386.20
"STYRENE ACRYLIC COPOLYMER"	  1               222.70
"STYRENE BUTADIENE COPOLYMER"	  1            11241.20
"SUCROSE OCTANOATE"	  2              5457.03
"SUGAR"	  3               369.60
"SULFENTRAZONE"	  4               868.89
"SULFLURAMID"	  5                 8.89
"SULFOMETURON-METHYL"	  6            13113.79
"SULFOSULFURON"	  1               150.00
"SULFUR"	  47        49508901.67
"SULFUR DIOXIDE"	  2           448692.00
"SULFURIC ACID"	  11          167910.70
"SULFURYL FLUORIDE"	  3          2570864.46
"TALL OIL"	  7            28167.34
"TALL OIL FATTY ACIDS"	  18           95358.08
"TARTRAZINE"	  2              1639.35
"TAU-FLUVALINATE"	  2              1777.51
"TCMTB"	  9              5971.84
"TEBUCONAZOLE"	  20           49731.35
"TEBUFENOZIDE"	  1              1372.45
"TEBUTHIURON"	  3              2841.50
"TEMEPHOS"	  3               170.57
"TERBUTHYLAZINE"	  9               731.02
"TERRAZOLE"	  1              1873.20
"TETRACHLORVINPHOS"	  5            10105.01
"TETRACONAZOLE"	  2               188.13
"TETRADECYL DIMETHYL BENZYL AMMONIUM CHLORIDE DIHYDRATE"	  1               200.01
"TETRAGLYCINE HYDROPERIODIDE"	  2               106.46
"TETRAKIS (HYDROXYMETHYL) PHOSPHONIUM SULFATE"	  14           57662.46
"TETRAMETHRIN"	  81             6772.86
"TETRAMETHRIN OTHER RELATED"	 5                 4.03
"TETRAPOTASSIUM PYROPHOSPHATE"	    4              3372.68
"THIABENDAZOLE"	    11           57850.39
"THIAMETHOXAM"	    3            30683.27
"THIDIAZURON"	    6            11674.36
"THIOBENCARB"	    1           355973.78
"THIODICARB"	    1               578.76
"THIOPHANATE-METHYL"	    20          242686.97
"THIRAM"	    6            74676.88
"THYME"	    1               181.35
"THYMOL"	    9              9258.33
"TRALKOXYDIM"	    1               334.34
"TRALOMETHRIN"	    7                19.36
"TRI-N-BUTYLTIN MALEATE"	    1              4179.54
"TRIADIMEFON"	    8              1596.07
"TRIBUTYLTIN OXIDE"	    7               822.70
"TRICHLORO-S-TRIAZINETRIONE"	    34        25491553.19
"TRICHLOROMELAMINE"	    5              3830.99
"TRICHODERMA HARZIANUM RIFAI STRAIN KRL-AG2"	    2               491.19
"TRICLOPYR BUTOXYETHYL ESTER"	   11          131588.00
"TRICLOPYR TRIETHYLAMINE SALT"	   20          144791.44
"TRIETHANOLAMINE"	    5              8600.34
"TRIETHYLENE GLYCOL"	    10          106029.29
"TRIFLOXYSTROBIN"	    5            37194.68
"TRIFLOXYSULFURON-SODIUM"	    1                98.25
"TRIFLUMIZOLE"	    1            46371.76
"TRIFLURALIN"	    24          756420.14
"TRIFLUSULFURON-METHYL"	    1               412.50
"TRIFORINE"	    1              1389.86
"TRINEXAPAC-ETHYL"	    8              8440.18
"TRIS (HYDROXYMETHYL) NITROMETHANE"	    2               408.18
"TRISODIUM PHOSPHATE"	    1            21970.60
"UNDECYLENIC ACID"	    1               552.31
"UNICONIZOLE-P"	    2                 2.65
"UREA"	    4            32034.31
"UREA DIHYDROGEN SULFATE"	    4           295905.20
"VEGETABLE OIL"	    3           358032.54
"VINCLOZOLIN"	    2               541.75
"VINYL POLYMER"	    2              2347.49
"WARFARIN"	    9                22.19
"YEAST"	    1              1156.32
"YUCCA SCHIDIGERA"	    4              4070.53
"ZE-912-TETRADECADIEN-1-YL ACETATE"	  3                 9.85
"Z-11-TETRADECEN-1-YL ACETATE"	    3                21.92
"Z-8-DODECENOL"	    7                41.96
"Z-8-DODECENYL ACETATE"	    7              3729.12
"ZINC 2-PYRIDINETHIOL-1-OXIDE"	      5            56110.97
"ZINC CHLORIDE"	      1               527.85
"ZINC NAPHTHENATE"	      3            50071.09
"ZINC OXIDE"	      2             5820.00
"ZINC PHOSPHIDE"	     11            13279.91
"ZINC SULFATE"	      4             6108.36
"ZIRAM"	      5           749472.40
	
