"(E)-4-TRIDECEN-1-YL-ACETATE"	        4             28912.66
"(ZE)-711-HEXADECADIEN-1-YL ACETATE"	      6                366.44
"(ZZ)-711-HEXADECADIEN-1-YL ACETATE"	      4                366.44
"13-DICHLORO-55-DIMETHYLHYDANTOIN"	      18           390304.29
"13-DICHLORO-5-ETHYL-5-METHYLHYDANTOIN"	       18           150993.63
"13-DICHLOROPROPENE"	       4             40546.87
"1-BROMO-3-CHLORO-55-DIMETHYL HYDANTOIN"	       61          1791401.11
"1-NAPHTHALENEACETAMIDE"	        8                178.29
"22'-(1-METHYLTRIMETHYLENEDIOXY)BIS-(4-METHYL-132-DIOXABORINANE)"	     4             79352.30
"22'-OXYBIS (446-TRIMETHYL-132-DIOXABORINANE)"	   4             32163.45
"22-DIBROMO-3-NITRILOPROPIONAMIDE"	       28            21061.98
"24-D"	       17           201037.77
"24-D BUTOXYETHANOL ESTER"	      4             67982.18
"24-D DIMETHYLAMINE SALT"	      41           596843.25
"24-D ISOOCTYL ESTER"	      8              1585.37
"24-D ISOPROPYL ESTER"	      4              2148.62
"24-DP ISOOCTYL ESTER"	      4              1586.00
"2-(24-DP) DIMETHYLAMINE SALT"	      18             9242.42
"2-(2-(P-(DIISOBUTYL) PHENOXY) ETHOXY) ETHYL DIMETHYLBENZYL AMMONIUM CHLORI"	        12               817.79
"2-METHYL-4-ISOTHIAZOLIN-3-ONE"	        31            18594.03
"3-IODO-2-PROPYNYL BUTYL CARBAMATE"	        9           1739564.73
"5-CHLORO-2-(24-DICHLOROPHENOXY) PHENOL"	       5                 57.57
"5-CHLORO-2-METHYL-4-ISOTHIAZOLIN-3-ONE"	        31            54194.31
"ACEPHATE"	        4            470924.70
"ALKYL (50%C12 30%C14 17%C16 3%C18) DIMETHYLBENZYL AMMONIUM CHLORIDE"	     17             1371.12
"ALKYL (50%C12 30%C14 17%C16 3%C18) DIMETHYLETHYLBENZYL AMMONIUM CHLORIDE"	     34             7406.86
"ALKYL (50%C14 40%C12 10%C16) DIMETHYLBENZYL AMMONIUM CHLORIDE"	     210           587605.23
"ALKYL (58%C14 28%C16 14%C12) DIMETHYLBENZYL AMMONIUM CHLORIDE"	      44           178077.36
"ALKYL (60%C14 25%C12 15%C16) DIMETHYLBENZYL AMMONIUM CHLORIDE"	      4             44248.14
"ALKYL (60%C14 30%C16 5%C12 5%C18) DIMETHYLBENZYL AMMONIUM CHLORIDE"	    227           289942.91
"ALKYL (61%C12 23%C14 11%C16 5%C8C10C18) DIMETHYLBENZYL AMMONIUM CHLORIDE"	   5                817.75
"ALKYL (67%C12 25%C14 7%C16 1%C8C10C18) DIMETHYLBENZYL AMMONIUM CHLORIDE"	   6             27504.43
"ALKYL (68%C12 32%C14) DIMETHYLETHYLBENZYL AMMONIUM CHLORIDE"	      192           166037.06
"ALKYL (90%C14 5%C12 5%C16) DIMETHYL ETHYL AMMONIUM BROMIDE"	      4                117.54
"ALKYL (98%C12 2%C14) DIMETHYL 1-NAPHTHYLMETHYL AMMONIUM CHLORIDE"	       11               931.64
"ALKYL OXY-POLYOXYETHYLENE AND ALKYL PHENYLOXY-POLYOXYETHYLENE"	        5             68350.78
"ALKYL PHENOXY POLY (ETHOXY) ETHANOL"	        8             87895.56
"ALKYLARYL POLY(OXYETHYLENE) GLYCOL"	        11          2986078.01
"ALKYLARYL POLYOXYETHYLENE ETHER"	        5             93059.06
"ALKYLARYL POYLOXYETHYLENE ETHANOL"	        4            203653.84
"ALLETHRIN"	        18                79.06
"ALLETHRIN OTHER RELATED"	       19                14.64
"ALPHA-[PARA-(1133-TRETRAMETHYLBUTYL)PHENYL]-OMEGA-"	    6            107427.22
"HYDROXYPOLY(OXYETHYLENE) PHOSPHATE ESTER"	
"ALUMINUM PHOSPHIDE"	        6            108252.26
"AZADIRACHTIN"	      4              132.99
"BACILLUS THURINGIENSIS (BERLINER)"	      4               77.41
"BACILLUS THURINGIENSIS (BERLINER) SUBSP. ISRAELENSIS SEROTYPE H-14"	    8             2993.39
"BACILLUS THURINGIENSIS (BERLINER) SUBSP. KURSTAKI SEROTYPE 3A3B"	   12           42120.59
"BENDIOCARB"	      7                    .24
"BENEFIN"	      19         120482.57
"BENSULIDE"	      10           74681.79
"BENZYL ALCOHOL"	      7             1144.37
"BIS BUTENYLENE TETRAHYDRO FURFURAL"	      4                 1.56
"BORAX"	      4            16144.40
"BORIC ACID"	      36         484287.78
"BRODIFACOUM"	      9               29.90
"BROMACIL"	      14           52710.73
"BROMADIOLONE"	      16              16.17
"BROMETHALIN"	      4                 1.34
"BUTOXY POLYPROPOXY POLYETHOXY ETHANOLIODINE COMPLEX"	   9             6974.29
"BUTOXY POLYPROPYLENE GLYCOL"	      24           29568.22
"CACODYLIC ACID"	      8            49966.92
"CALCIUM HYPOCHLORITE"	      32        5718243.55
"CAPSICUM OLEORESIN"	      6               66.43
"CAPTAN"	      15         910996.84
"CAPTAN OTHER RELATED"	     14           20585.97
"CARBARYL"	      68        1264283.11
"CHLORINE"	      49      160147611.59
"CHLORINE DIOXIDE"	      4             1543.29
"CHLOROPHACINONE"	      10              30.80
"CHLOROPICRIN"	      7         3810923.50
"CHLOROTHALONIL"	      18         899955.91
"CHLORPYRIFOS"	      129       3725833.22
"CHLORTHAL-DIMETHYL"	      11         729120.62
"CHOLECALCIFEROL"	      4                 2.06
"CITRIC ACID"	      8          265238.37
"COPPER"	      20         293960.10
"COPPER 8-QUINOLINOLEATE"	      5             2027.07
"COPPER ETHANOLAMINE COMPLEXES MIXED"	     5            48339.30
"COPPER HYDROXIDE"	      9         3936461.96
"COPPER NAPHTHENATE"	      19         684428.95
"COPPER OXIDE (OUS)"	      12        1305369.09
"COPPER OXYCHLORIDE SULFATE"	      5          143997.00
"COPPER SULFATE (BASIC)"	      20        1780212.56
"COPPER SULFATE (PENTAHYDRATE)"	      25        5791402.97
"COPPER TRIETHANOLAMINE COMPLEX"	      17         169959.70
"COTTONSEED FLOUR"	      4             9397.08
"COTTONSEED OIL"	      14         727318.52
"CRYOLITE"	      4         2499321.60
"CUBE EXTRACTS"	       5              984.44
"CYANURIC ACID"	       22        2042690.44
"CYFLUTHRIN"	       7           19511.20
"CYPERMETHRIN"	       7           48517.68
"D-ALLETHRIN"	       36           1100.55
"D-ALLETHRIN OTHER RELATED"	      23             302.89
"D-TRANS ALLETHRIN"	       64           5828.53
"DAZOMET"	       12          46339.70
"DDVP"	       24          24294.71
"DDVP OTHER RELATED"	      24           3210.73
"DEET"	       39         129498.85
"DEET OTHER RELATED"	      38           6757.66
"DIATOMACEOUS EARTH"	       9              531.34
"DIAZINON"	       93        4900811.79
"DICAMBA"	       13           5718.52
"DICAMBA DIMETHYLAMINE SALT"	      33          52014.24
"DICHLOBENIL"	       12          34585.99
"DICHLORO-S-TRIAZINETRIONE"	       5         2036783.03
"DICLORAN"	       5          174117.00
"DICOFOL"	       6         5846999.85
"DIDECYL DIMETHYL AMMONIUM CHLORIDE"	       170        271998.75
"DIETHYLAMINE SALT OF COCONUT FATTY ACID"	       4            8481.71
"DIMETHOATE"	       13         650380.57
"DIMETHYL POLY SILOXANE"	       14          42972.93
"DIOCTYL DIMETHYL AMMONIUM CHLORIDE"	       94          35697.65
"DIOCTYL SODIUM SULFOSUCCINATE"	       4            2077.62
"DIPHACINONE"	       21              47.50
"DIPROPYL ISOCINCHOMERONATE"	       39           4562.87
"DIQUAT DIBROMIDE"	       16          92897.32
"DISODIUM CYANODITHIOIMIDO CARBONATE"	       18           9431.94
"DISODIUM OCTABORATE TETRAHYDRATE"	       9          149426.43
"DISULFOTON"	       23         205278.32
"DIURON"	       10        1305561.58
"DODECYL GUANIDINE HYDROCHLORIDE"	       5           14940.63
"DODECYLBENZENE SULFONIC ACID"	       11          69382.56
"DSMA"	       5              998.45
"EDTA TETRASODIUM SALT"	      44          16217.20
"ENDOSULFAN"	       6         2601484.34
"EPTC"	       5         1269629.95
"ESBIOTHRIN"	       5               28.37
"ESFENVALERATE"	       19          27134.11
"ESSENTIAL OILS"	       26           2326.21
"ETHEPHON"	       9          928948.54
"ETHOXYLATED LINEAR ALCOHOLS"	       4           18779.71
"ETHYL ALCOHOL"	       85        3314794.44
"ETHYLENE OXIDE"	      6          337153.14
"FATTY ACIDS MIXED"	     5           44584.33
"FENOXYCARB"	      8             5072.78
"FENVALERATE"	      24          10090.17
"FLUAZIFOP-P-BUTYL"	      5           30085.59
"FOLPET"	      6           24453.04
"FORMALDEHYDE"	      6             2153.66
"FREE FATTY ACIDS AND/OR AMINE SALTS"	      4           65887.65
"GARLIC"	      5           23110.04
"GIBBERELLINS"	      4         4067545.08
"GLUTARALDEHYDE"	      63         594375.84
"GLYPHOSATE ISOPROPYLAMINE SALT"	     12        6360219.90
"HEXAHYDRO-135-TRIS (2-HYDROXYETHYL)-S-TRIAZINE"	    9          116894.04
"HYDROGEN CHLORIDE"	      63       11225491.59
"HYDROGEN PEROXIDE"	      5           77256.37
"HYDROPRENE"	      6             1443.18
"IBA"	      9              128.16
"IMAZALIL"	      14          16023.92
"IODINE"	      24          14019.11
"ISOPROPYL ALCOHOL"	      72         568742.82
"KEROSENE"	      5          173240.75
"LIME-SULFUR"	      10         866632.07
"LIMONENE"	      9           41308.27
"LINDANE"	      6           41889.87
"LITHIUM HYPOCHLORITE"	      11          59230.47
"MALATHION"	      41       39866648.86
"MANCOZEB"	      10        2216928.27
"MANEB"	      5          888952.73
"MCPA DIMETHYLAMINE SALT"	     11         347798.59
"MCPP"	      15          91630.29
"MCPP DIMETHYLAMINE SALT"	     38          90350.51
"MCPP POTASSIUM SALT"	     5           11981.27
"MEPIQUAT CHLORIDE"	      5           22652.79
"METALAXYL"	      4          207346.90
"METALDEHYDE"	      28         454958.50
"METALLIC SILVER"	      11            2084.23
"METAM-SODIUM"	      11       19311067.42
"METHIOCARB"	      8           13428.06
"METHOMYL"	      11         900366.79
"METHOPRENE"	      16             700.09
"METHOXYCHLOR"	      12            1197.21
"METHOXYCHLOR OTHER RELATED"	     9              162.69
"METHYL BROMIDE"	      6        18967933.85
"METHYL NONYL KETONE"	      20            9396.44
"METHYL NONYL KETONE OTHER RELATED"	     19             475.25
"METHYL PARATHION"	       6          134260.58
"METHYL PARATHION OTHER RELATED"	      5             5791.98
"METHYLENE BIS(THIOCYANATE)"	       25          31354.79
"MINERAL OIL"	       12        8960892.62
"MODIFIED PHTHALIC GLYCEROL ALKYD RESIN"	       4         2198100.02
"MSMA"	       13         350419.57
"MUSCALURE"	       9                 9.50
"N-DIALKYL (60%C14 30%C16 5%C12 5%C18) METHYL BENZYL AMMONIUM CHLORIDE"	    8              388.11
"N-OCTYL BICYCLOHEPTENE DICARBOXIMIDE"	       165         98049.64
"NAA"	       10             190.49
"NABAM"	       19          50927.23
"NALED"	       6          545083.30
"NONYL PHENOXY POLY (ETHYLENE OXY) ETHANOL"	       15         454839.39
"NONYL PHENOXY POLYOXYETHYLENE ETHANOL-IODINE COMPLEX"	       25          46194.30
"OCTHILINONE"	       4          155451.03
"OCTYL DECYL DIMETHYL AMMONIUM CHLORIDE"	       94          74532.58
"OCTYL PHENOXY POLY ETHOXY ETHANOL"	       15        1080478.17
"OIL OF CITRONELLA"	       14            2399.50
"OLEIC ACID"	       8           46619.22
"ORTHO-BENZYL-PARA-CHLOROPHENOL"	       54          41224.34
"ORTHO-BENZYL-PARA-CHLOROPHENOL POTASSIUM SALT"	      12            4408.38
"ORTHO-BENZYL-PARA-CHLOROPHENOL SODIUM SALT"	      5             1133.67
"ORTHO-PHENYLPHENOL"	       97          77945.48
"ORTHO-PHENYLPHENOL POTASSIUM SALT"	      8             2211.15
"ORTHO-PHENYLPHENOL SODIUM SALT"	      19         275870.04
"ORYZALIN"	       11         952047.00
"OXADIAZON"	       4           50866.16
"OXYDIETHYLENE BIS (ALKYL DIMETHYL AMMONIUM CHLORIDE) ALKYL DERIVED FROM"	      4           76714.34
"COCONUT OIL FATTY ACIDS"	
"OXYFLUORFEN"	       4         4466459.17
"PARA-DICHLOROBENZENE"	       8         1068157.37
"PARA-TERT-AMYLPHENOL"	       54          19685.10
"PARA-TERT-AMYLPHENOL POTASSIUM SALT"	      8              857.53
"PCNB"	       9          221710.42
"PENDIMETHALIN"	       4          464057.56
"PERMETHRIN"	       113        318558.97
"PERMETHRIN OTHER RELATED"	      48             852.37
"PEROXYACETIC ACID"	       6           47045.93
"PETROLEUM DISTILLATES"	       126       2565815.00
"PETROLEUM DISTILLATES AROMATIC"	      37        3957179.47
"PETROLEUM DISTILLATES REFINED"	      4          147523.18
"PETROLEUM HYDROCARBONS"	       28         449986.61
"PETROLEUM OIL PARAFFIN BASED"	      7          594578.00
"PETROLEUM OIL UNCLASSIFIED"	      21       21410609.43
"PHENOTHRIN"	       63            8255.35
"PHENOTHRIN OTHER RELATED"	        34                86.85
"PHORATE"	         5            559467.00
"PHOSMET"	         5            240901.91
"PHOSPHORIC ACID"	         59          1647761.72
"PINE OIL"	         49          3413046.21
"PIPERONYL BUTOXIDE"	        264           156977.59
"PIPERONYL BUTOXIDE OTHER RELATED"	       261            38485.10
"POLY(OXYETHYLENE) (DIMETHYLIMINO) ETHYLENE (DIMETHYLIMINO) ETHYLENE DICHLO"	         70          1118679.86
"POLYACRYLAMIDE POLYMER"	         5              6064.54
"POLYBUTENES"	         9             24583.14
"POLYETHOXY POLYPROPOXY POLYETHOXY ETHANOLIODINE COMPLEX"	      13            14295.26
"POLYOXYETHYLENE MIXED FATTY ACID ESTER"	         6            106018.68
"POTASH SOAP"	         7            436089.22
"POTASSIUM DIMETHYL DITHIO CARBAMATE"	         16            48760.39
"POTASSIUM N-METHYLDITHIO CARBAMATE"	         18            16263.38
"POTASSIUM PEROXYMONOSULFATE"	         13           134715.85
"PROMETON"	         15             3497.81
"PROMETRYN"	         4            307727.14
"PROPIONIC ACID"	         5             49565.68
"PROPOXUR"	         65            42078.16
"PROPYLENE GLYCOL"	         22            74777.75
"PYRETHRINS"	        265            37871.72
"RESMETHRIN"	         97             8130.80
"RESMETHRIN OTHER RELATED"	        47               717.71
"ROTENONE"	         16             1484.40
"ROTENONE OTHER RELATED"	        12             1083.47
"S-BIOALLETHRIN"	         6              2855.61
"S-METHOPRENE"	         10             4375.23
"SILICA AEROGEL"	         13            10705.65
"SILICONE DEFOAMER"	         6              2816.19
"SIMAZINE"	         14          1151873.43
"SOAP"	         9             23727.70
"SODIUM BICARBONATE"	         18          2619446.30
"SODIUM BISULFATE"	         27          1248823.90
"SODIUM BISULFITE"	         5            176662.46
"SODIUM BROMIDE"	         24           879703.07
"SODIUM CACODYLATE"	         8            289820.15
"SODIUM CARBONATE"	         54           821087.00
"SODIUM CHLORATE"	         26          3735923.10
"SODIUM CHLORITE"	         20          1094349.61
"SODIUM DICHLORO-S-TRIAZINETRIONE"	         41          1583552.51
"SODIUM DICHLORO-S-TRIAZINETRIONE DIHYDRATE"	         40          1163907.53
"SODIUM DIMETHYL DITHIO CARBAMATE"	         20            52086.43
"SODIUM DODECYLBENZENE SULFONATE"	         14            56513.46
"SODIUM HYDROXIDE"	         4             11697.06
"SODIUM HYPOCHLORITE"	      87              63710429.77
"SODIUM METABORATE"	      5                    2361.23
"SODIUM METABORATE TETRAHYDRATE"	      4                 135307.50
"SODIUM METASILICATE"	      16                 12795.56
"SODIUM METASILICATE ANHYDROUS"	     11                   2461.41
"SODIUM PARA-TERT-AMYLPHENATE"	      5                    6409.49
"SODIUM PYRITHIONE"	      4                    5114.49
"SODIUM SESQUICARBONATE"	      4                 108380.00
"SODIUM XYLENE SULFONATE"	      9                  11720.36
"STRYCHNINE"	      8                    4129.01
"SUGAR"	      5                    4697.62
"SULFLURAMID"	      4                     309.86
"SULFUR"	      44              81777642.35
"TAU-FLUVALINATE"	      4                    7169.42
"TCMTB"	      14                 37781.05
"TERBUTHYLAZINE"	      9                     268.49
"TETRACHLORVINPHOS"	      17                 36642.16
"TETRAMETHRIN"	      51                   7559.18
"TETRAPOTASSIUM PYROPHOSPHATE"	      4                    5654.47
"THIABENDAZOLE"	      14                 40717.49
"THIOPHANATE-METHYL"	      7                 196377.47
"THIRAM"	      14                210867.09
"TRIADIMEFON"	      8                  28508.91
"TRIBUTYLTIN NEODECANOATE"	      4                     790.80
"TRIBUTYLTIN OXIDE"	      28                 54160.60
"TRICHLORFON"	      4                    7586.02
"TRICHLORO MELAMINE"	      6                    4443.91
"TRICHLORO-S-TRIAZINETRIONE"	      47              11847754.29
"TRICLOPYR TRIETHYLAMINE SALT"	     5                  35765.67
"TRIETHANOLAMINE"	      5                  18959.03
"TRIETHYLENE GLYCOL"	      15                   5813.90
"TRIFLURALIN"	      28               2157022.46
"TRIFORINE"	      5                  72143.55
"TRIS (HYDROXYMETHYL) NITROMETHANE"	      4                 135582.02
"TRISODIUM PHOSPHATE"	      11                 97870.55
"UREA DIHYDROGEN SULFATE"	      5                  29065.81
"VEGETABLE OIL"	      6                 204537.62
"WARFARIN"	      9                        2.65
"XYLENE RANGE AROMATIC SOLVENT"	      7                    5592.91
"ZINC NAPHTHENATE"	      9                  29312.09
"ZINC PHOSPHIDE"	      7                    4120.52
"ZINC SULFATE"	      7                  38595.42
"ZIRAM"	      6                1173208.29
	
